{"D:\\Proyectos\\VBCprojectes\\DashBoardEconomic\\src\\config\\config.js": {"path":"D:\\Proyectos\\VBCprojectes\\DashBoardEconomic\\src\\config\\config.js","statementMap":{"0":{"start":{"line":1,"column":0},"end":{"line":38,"column":2}},"1":{"start":{"line":28,"column":20},"end":{"line":28,"column":43}},"2":{"start":{"line":29,"column":8},"end":{"line":31,"column":9}},"3":{"start":{"line":30,"column":12},"end":{"line":30,"column":69}},"4":{"start":{"line":32,"column":20},"end":{"line":32,"column":31}},"5":{"start":{"line":33,"column":8},"end":{"line":33,"column":38}}},"fnMap":{"0":{"name":"(anonymous_0)","decl":{"start":{"line":27,"column":18},"end":{"line":27,"column":19}},"loc":{"start":{"line":27,"column":24},"end":{"line":34,"column":5}},"line":27}},"branchMap":{"0":{"loc":{"start":{"line":3,"column":10},"end":{"line":3,"column":34}},"type":"binary-expr","locations":[{"start":{"line":3,"column":10},"end":{"line":3,"column":26}},{"start":{"line":3,"column":30},"end":{"line":3,"column":34}}],"line":3},"1":{"loc":{"start":{"line":6,"column":13},"end":{"line":6,"column":49}},"type":"binary-expr","locations":[{"start":{"line":6,"column":13},"end":{"line":6,"column":32}},{"start":{"line":6,"column":36},"end":{"line":6,"column":49}}],"line":6},"2":{"loc":{"start":{"line":9,"column":16},"end":{"line":9,"column":52}},"type":"binary-expr","locations":[{"start":{"line":9,"column":16},"end":{"line":9,"column":38}},{"start":{"line":9,"column":42},"end":{"line":9,"column":52}}],"line":9},"3":{"loc":{"start":{"line":14,"column":24},"end":{"line":14,"column":55}},"type":"binary-expr","locations":[{"start":{"line":14,"column":24},"end":{"line":14,"column":47}},{"start":{"line":14,"column":51},"end":{"line":14,"column":55}}],"line":14},"4":{"loc":{"start":{"line":22,"column":18},"end":{"line":22,"column":48}},"type":"binary-expr","locations":[{"start":{"line":22,"column":18},"end":{"line":22,"column":41}},{"start":{"line":22,"column":45},"end":{"line":22,"column":48}}],"line":22},"5":{"loc":{"start":{"line":29,"column":8},"end":{"line":31,"column":9}},"type":"if","locations":[{"start":{"line":29,"column":8},"end":{"line":31,"column":9}},{"start":{},"end":{}}],"line":29},"6":{"loc":{"start":{"line":29,"column":12},"end":{"line":29,"column":43}},"type":"binary-expr","locations":[{"start":{"line":29,"column":12},"end":{"line":29,"column":29}},{"start":{"line":29,"column":33},"end":{"line":29,"column":43}}],"line":29},"7":{"loc":{"start":{"line":30,"column":19},"end":{"line":30,"column":68}},"type":"cond-expr","locations":[{"start":{"line":30,"column":59},"end":{"line":30,"column":60}},{"start":{"line":30,"column":63},"end":{"line":30,"column":68}}],"line":30},"8":{"loc":{"start":{"line":33,"column":15},"end":{"line":33,"column":37}},"type":"cond-expr","locations":[{"start":{"line":33,"column":28},"end":{"line":33,"column":31}},{"start":{"line":33,"column":34},"end":{"line":33,"column":37}}],"line":33},"9":{"loc":{"start":{"line":37,"column":14},"end":{"line":37,"column":51}},"type":"binary-expr","locations":[{"start":{"line":37,"column":14},"end":{"line":37,"column":34}},{"start":{"line":37,"column":38},"end":{"line":37,"column":51}}],"line":37}},"s":{"0":25,"1":25,"2":25,"3":25,"4":0,"5":0},"f":{"0":25},"b":{"0":[25,25],"1":[25,0],"2":[25,25],"3":[25,25],"4":[25,25],"5":[25,0],"6":[25,0],"7":[0,25],"8":[0,0],"9":[25,0]},"_coverageSchema":"1a1c01bbd47fc00a2c39e90264f33305004495a9","hash":"6e9aa03f29226484f60ef34f9a3a09b5a8dd16db"}
,"D:\\Proyectos\\VBCprojectes\\DashBoardEconomic\\src\\config\\database.js": {"path":"D:\\Proyectos\\VBCprojectes\\DashBoardEconomic\\src\\config\\database.js","statementMap":{"0":{"start":{"line":1,"column":16},"end":{"line":1,"column":44}},"1":{"start":{"line":2,"column":13},"end":{"line":2,"column":28}},"2":{"start":{"line":3,"column":15},"end":{"line":3,"column":34}},"3":{"start":{"line":5,"column":16},"end":{"line":5,"column":20}},"4":{"start":{"line":6,"column":20},"end":{"line":6,"column":24}},"5":{"start":{"line":9,"column":1},"end":{"line":9,"column":46}},"6":{"start":{"line":9,"column":28},"end":{"line":9,"column":46}},"7":{"start":{"line":10,"column":1},"end":{"line":10,"column":44}},"8":{"start":{"line":10,"column":30},"end":{"line":10,"column":44}},"9":{"start":{"line":11,"column":1},"end":{"line":11,"column":41}},"10":{"start":{"line":15,"column":1},"end":{"line":15,"column":39}},"11":{"start":{"line":16,"column":1},"end":{"line":16,"column":49}},"12":{"start":{"line":17,"column":1},"end":{"line":17,"column":43}},"13":{"start":{"line":21,"column":18},"end":{"line":21,"column":39}},"14":{"start":{"line":22,"column":1},"end":{"line":22,"column":53}},"15":{"start":{"line":22,"column":46},"end":{"line":22,"column":53}},"16":{"start":{"line":24,"column":1},"end":{"line":27,"column":4}},"17":{"start":{"line":25,"column":2},"end":{"line":25,"column":35}},"18":{"start":{"line":25,"column":18},"end":{"line":25,"column":35}},"19":{"start":{"line":26,"column":2},"end":{"line":26,"column":58}},"20":{"start":{"line":26,"column":26},"end":{"line":26,"column":55}},"21":{"start":{"line":29,"column":1},"end":{"line":29,"column":18}},"22":{"start":{"line":33,"column":1},"end":{"line":33,"column":22}},"23":{"start":{"line":37,"column":1},"end":{"line":37,"column":18}},"24":{"start":{"line":40,"column":0},"end":{"line":40,"column":23}},"25":{"start":{"line":42,"column":16},"end":{"line":58,"column":2}},"26":{"start":{"line":44,"column":2},"end":{"line":44,"column":47}},"27":{"start":{"line":44,"column":30},"end":{"line":44,"column":47}},"28":{"start":{"line":45,"column":2},"end":{"line":45,"column":47}},"29":{"start":{"line":45,"column":30},"end":{"line":45,"column":47}},"30":{"start":{"line":46,"column":2},"end":{"line":46,"column":39}},"31":{"start":{"line":46,"column":26},"end":{"line":46,"column":39}},"32":{"start":{"line":48,"column":2},"end":{"line":50,"column":3}},"33":{"start":{"line":49,"column":3},"end":{"line":49,"column":47}},"34":{"start":{"line":52,"column":16},"end":{"line":52,"column":31}},"35":{"start":{"line":53,"column":2},"end":{"line":55,"column":3}},"36":{"start":{"line":54,"column":3},"end":{"line":54,"column":32}},"37":{"start":{"line":56,"column":2},"end":{"line":56,"column":15}},"38":{"start":{"line":60,"column":0},"end":{"line":60,"column":25}}},"fnMap":{"0":{"name":"resolveDbPath","decl":{"start":{"line":8,"column":9},"end":{"line":8,"column":22}},"loc":{"start":{"line":8,"column":31},"end":{"line":12,"column":1}},"line":8},"1":{"name":"initDb","decl":{"start":{"line":14,"column":9},"end":{"line":14,"column":15}},"loc":{"start":{"line":14,"column":24},"end":{"line":18,"column":1}},"line":14},"2":{"name":"setDbPath","decl":{"start":{"line":20,"column":15},"end":{"line":20,"column":24}},"loc":{"start":{"line":20,"column":33},"end":{"line":30,"column":1}},"line":20},"3":{"name":"(anonymous_3)","decl":{"start":{"line":24,"column":19},"end":{"line":24,"column":20}},"loc":{"start":{"line":24,"column":40},"end":{"line":27,"column":2}},"line":24},"4":{"name":"(anonymous_4)","decl":{"start":{"line":26,"column":18},"end":{"line":26,"column":19}},"loc":{"start":{"line":26,"column":26},"end":{"line":26,"column":55}},"line":26},"5":{"name":"getDbPath","decl":{"start":{"line":32,"column":9},"end":{"line":32,"column":18}},"loc":{"start":{"line":32,"column":21},"end":{"line":34,"column":1}},"line":32},"6":{"name":"getDb","decl":{"start":{"line":36,"column":9},"end":{"line":36,"column":14}},"loc":{"start":{"line":36,"column":17},"end":{"line":38,"column":1}},"line":36},"7":{"name":"(anonymous_7)","decl":{"start":{"line":43,"column":1},"end":{"line":43,"column":2}},"loc":{"start":{"line":43,"column":20},"end":{"line":57,"column":2}},"line":43}},"branchMap":{"0":{"loc":{"start":{"line":9,"column":1},"end":{"line":9,"column":46}},"type":"if","locations":[{"start":{"line":9,"column":1},"end":{"line":9,"column":46}},{"start":{},"end":{}}],"line":9},"1":{"loc":{"start":{"line":10,"column":1},"end":{"line":10,"column":44}},"type":"if","locations":[{"start":{"line":10,"column":1},"end":{"line":10,"column":44}},{"start":{},"end":{}}],"line":10},"2":{"loc":{"start":{"line":22,"column":1},"end":{"line":22,"column":53}},"type":"if","locations":[{"start":{"line":22,"column":1},"end":{"line":22,"column":53}},{"start":{},"end":{}}],"line":22},"3":{"loc":{"start":{"line":22,"column":5},"end":{"line":22,"column":44}},"type":"binary-expr","locations":[{"start":{"line":22,"column":5},"end":{"line":22,"column":31}},{"start":{"line":22,"column":35},"end":{"line":22,"column":44}}],"line":22},"4":{"loc":{"start":{"line":25,"column":2},"end":{"line":25,"column":35}},"type":"if","locations":[{"start":{"line":25,"column":2},"end":{"line":25,"column":35}},{"start":{},"end":{}}],"line":25},"5":{"loc":{"start":{"line":26,"column":26},"end":{"line":26,"column":55}},"type":"cond-expr","locations":[{"start":{"line":26,"column":32},"end":{"line":26,"column":43}},{"start":{"line":26,"column":46},"end":{"line":26,"column":55}}],"line":26},"6":{"loc":{"start":{"line":44,"column":2},"end":{"line":44,"column":47}},"type":"if","locations":[{"start":{"line":44,"column":2},"end":{"line":44,"column":47}},{"start":{},"end":{}}],"line":44},"7":{"loc":{"start":{"line":45,"column":2},"end":{"line":45,"column":47}},"type":"if","locations":[{"start":{"line":45,"column":2},"end":{"line":45,"column":47}},{"start":{},"end":{}}],"line":45},"8":{"loc":{"start":{"line":46,"column":2},"end":{"line":46,"column":39}},"type":"if","locations":[{"start":{"line":46,"column":2},"end":{"line":46,"column":39}},{"start":{},"end":{}}],"line":46},"9":{"loc":{"start":{"line":48,"column":2},"end":{"line":50,"column":3}},"type":"if","locations":[{"start":{"line":48,"column":2},"end":{"line":50,"column":3}},{"start":{},"end":{}}],"line":48},"10":{"loc":{"start":{"line":53,"column":2},"end":{"line":55,"column":3}},"type":"if","locations":[{"start":{"line":53,"column":2},"end":{"line":55,"column":3}},{"start":{},"end":{}}],"line":53}},"s":{"0":25,"1":25,"2":25,"3":25,"4":25,"5":31,"6":25,"7":6,"8":6,"9":0,"10":28,"11":28,"12":28,"13":3,"14":3,"15":0,"16":3,"17":3,"18":0,"19":3,"20":3,"21":3,"22":1,"23":0,"24":25,"25":25,"26":419,"27":3,"28":416,"29":2,"30":414,"31":0,"32":414,"33":0,"34":414,"35":414,"36":414,"37":0,"38":25},"f":{"0":31,"1":28,"2":3,"3":3,"4":3,"5":1,"6":0,"7":419},"b":{"0":[25,6],"1":[6,0],"2":[0,3],"3":[3,0],"4":[0,3],"5":[0,3],"6":[3,416],"7":[2,414],"8":[0,414],"9":[0,414],"10":[414,0]},"_coverageSchema":"1a1c01bbd47fc00a2c39e90264f33305004495a9","hash":"fcbcd98b5bf9269534dcdc715f834996556665da"}
,"D:\\Proyectos\\VBCprojectes\\DashBoardEconomic\\src\\config\\userManager.js": {"path":"D:\\Proyectos\\VBCprojectes\\DashBoardEconomic\\src\\config\\userManager.js","statementMap":{"0":{"start":{"line":1,"column":11},"end":{"line":1,"column":24}},"1":{"start":{"line":2,"column":13},"end":{"line":2,"column":28}},"2":{"start":{"line":3,"column":15},"end":{"line":3,"column":34}},"3":{"start":{"line":5,"column":19},"end":{"line":7,"column":49}},"4":{"start":{"line":8,"column":26},"end":{"line":8,"column":69}},"5":{"start":{"line":9,"column":26},"end":{"line":9,"column":40}},"6":{"start":{"line":12,"column":4},"end":{"line":14,"column":5}},"7":{"start":{"line":13,"column":8},"end":{"line":13,"column":51}},"8":{"start":{"line":18,"column":4},"end":{"line":18,"column":26}},"9":{"start":{"line":22,"column":4},"end":{"line":24,"column":5}},"10":{"start":{"line":23,"column":8},"end":{"line":23,"column":55}},"11":{"start":{"line":25,"column":20},"end":{"line":25,"column":31}},"12":{"start":{"line":26,"column":4},"end":{"line":28,"column":5}},"13":{"start":{"line":27,"column":8},"end":{"line":27,"column":55}},"14":{"start":{"line":30,"column":4},"end":{"line":32,"column":5}},"15":{"start":{"line":31,"column":8},"end":{"line":31,"column":111}},"16":{"start":{"line":33,"column":4},"end":{"line":33,"column":19}},"17":{"start":{"line":37,"column":4},"end":{"line":37,"column":22}},"18":{"start":{"line":38,"column":4},"end":{"line":42,"column":75}},"19":{"start":{"line":39,"column":25},"end":{"line":39,"column":44}},"20":{"start":{"line":40,"column":22},"end":{"line":40,"column":32}},"21":{"start":{"line":41,"column":24},"end":{"line":41,"column":45}},"22":{"start":{"line":42,"column":24},"end":{"line":42,"column":73}},"23":{"start":{"line":46,"column":21},"end":{"line":46,"column":48}},"24":{"start":{"line":47,"column":21},"end":{"line":47,"column":52}},"25":{"start":{"line":48,"column":4},"end":{"line":54,"column":6}},"26":{"start":{"line":58,"column":18},"end":{"line":58,"column":40}},"27":{"start":{"line":59,"column":4},"end":{"line":59,"column":30}},"28":{"start":{"line":60,"column":4},"end":{"line":60,"column":33}},"29":{"start":{"line":61,"column":4},"end":{"line":61,"column":32}},"30":{"start":{"line":62,"column":4},"end":{"line":62,"column":17}},"31":{"start":{"line":66,"column":4},"end":{"line":72,"column":5}},"32":{"start":{"line":67,"column":8},"end":{"line":67,"column":59}},"33":{"start":{"line":67,"column":47},"end":{"line":67,"column":59}},"34":{"start":{"line":68,"column":21},"end":{"line":68,"column":75}},"35":{"start":{"line":69,"column":8},"end":{"line":69,"column":72}},"36":{"start":{"line":71,"column":8},"end":{"line":71,"column":20}},"37":{"start":{"line":76,"column":4},"end":{"line":76,"column":22}},"38":{"start":{"line":77,"column":4},"end":{"line":77,"column":83}},"39":{"start":{"line":81,"column":18},"end":{"line":81,"column":36}},"40":{"start":{"line":82,"column":4},"end":{"line":88,"column":5}},"41":{"start":{"line":83,"column":8},"end":{"line":83,"column":57}},"42":{"start":{"line":83,"column":47},"end":{"line":83,"column":57}},"43":{"start":{"line":84,"column":21},"end":{"line":84,"column":75}},"44":{"start":{"line":85,"column":8},"end":{"line":85,"column":60}},"45":{"start":{"line":87,"column":8},"end":{"line":87,"column":18}},"46":{"start":{"line":92,"column":18},"end":{"line":92,"column":36}},"47":{"start":{"line":93,"column":4},"end":{"line":93,"column":30}},"48":{"start":{"line":94,"column":4},"end":{"line":94,"column":88}},"49":{"start":{"line":95,"column":4},"end":{"line":95,"column":25}},"50":{"start":{"line":99,"column":20},"end":{"line":99,"column":41}},"51":{"start":{"line":100,"column":4},"end":{"line":100,"column":24}},"52":{"start":{"line":101,"column":4},"end":{"line":101,"column":42}},"53":{"start":{"line":104,"column":0},"end":{"line":115,"column":2}}},"fnMap":{"0":{"name":"ensureDir","decl":{"start":{"line":11,"column":9},"end":{"line":11,"column":18}},"loc":{"start":{"line":11,"column":28},"end":{"line":15,"column":1}},"line":11},"1":{"name":"ensureUsersRoot","decl":{"start":{"line":17,"column":9},"end":{"line":17,"column":24}},"loc":{"start":{"line":17,"column":27},"end":{"line":19,"column":1}},"line":17},"2":{"name":"normalizeUserName","decl":{"start":{"line":21,"column":9},"end":{"line":21,"column":26}},"loc":{"start":{"line":21,"column":33},"end":{"line":34,"column":1}},"line":21},"3":{"name":"listUsers","decl":{"start":{"line":36,"column":9},"end":{"line":36,"column":18}},"loc":{"start":{"line":36,"column":21},"end":{"line":43,"column":1}},"line":36},"4":{"name":"(anonymous_4)","decl":{"start":{"line":39,"column":16},"end":{"line":39,"column":17}},"loc":{"start":{"line":39,"column":25},"end":{"line":39,"column":44}},"line":39},"5":{"name":"(anonymous_5)","decl":{"start":{"line":40,"column":13},"end":{"line":40,"column":14}},"loc":{"start":{"line":40,"column":22},"end":{"line":40,"column":32}},"line":40},"6":{"name":"(anonymous_6)","decl":{"start":{"line":41,"column":16},"end":{"line":41,"column":17}},"loc":{"start":{"line":41,"column":24},"end":{"line":41,"column":45}},"line":41},"7":{"name":"(anonymous_7)","decl":{"start":{"line":42,"column":14},"end":{"line":42,"column":15}},"loc":{"start":{"line":42,"column":24},"end":{"line":42,"column":73}},"line":42},"8":{"name":"getUserPaths","decl":{"start":{"line":45,"column":9},"end":{"line":45,"column":21}},"loc":{"start":{"line":45,"column":32},"end":{"line":55,"column":1}},"line":45},"9":{"name":"ensureUserFolders","decl":{"start":{"line":57,"column":9},"end":{"line":57,"column":26}},"loc":{"start":{"line":57,"column":37},"end":{"line":63,"column":1}},"line":57},"10":{"name":"readLastUser","decl":{"start":{"line":65,"column":9},"end":{"line":65,"column":21}},"loc":{"start":{"line":65,"column":24},"end":{"line":73,"column":1}},"line":65},"11":{"name":"saveLastUser","decl":{"start":{"line":75,"column":9},"end":{"line":75,"column":21}},"loc":{"start":{"line":75,"column":28},"end":{"line":78,"column":1}},"line":75},"12":{"name":"readUserProfile","decl":{"start":{"line":80,"column":9},"end":{"line":80,"column":24}},"loc":{"start":{"line":80,"column":31},"end":{"line":89,"column":1}},"line":80},"13":{"name":"saveUserProfile","decl":{"start":{"line":91,"column":9},"end":{"line":91,"column":24}},"loc":{"start":{"line":91,"column":40},"end":{"line":96,"column":1}},"line":91},"14":{"name":"setUserIcon","decl":{"start":{"line":98,"column":9},"end":{"line":98,"column":20}},"loc":{"start":{"line":98,"column":33},"end":{"line":102,"column":1}},"line":98}},"branchMap":{"0":{"loc":{"start":{"line":5,"column":19},"end":{"line":7,"column":49}},"type":"cond-expr","locations":[{"start":{"line":6,"column":6},"end":{"line":6,"column":23}},{"start":{"line":7,"column":6},"end":{"line":7,"column":49}}],"line":5},"1":{"loc":{"start":{"line":12,"column":4},"end":{"line":14,"column":5}},"type":"if","locations":[{"start":{"line":12,"column":4},"end":{"line":14,"column":5}},{"start":{},"end":{}}],"line":12},"2":{"loc":{"start":{"line":22,"column":4},"end":{"line":24,"column":5}},"type":"if","locations":[{"start":{"line":22,"column":4},"end":{"line":24,"column":5}},{"start":{},"end":{}}],"line":22},"3":{"loc":{"start":{"line":26,"column":4},"end":{"line":28,"column":5}},"type":"if","locations":[{"start":{"line":26,"column":4},"end":{"line":28,"column":5}},{"start":{},"end":{}}],"line":26},"4":{"loc":{"start":{"line":30,"column":4},"end":{"line":32,"column":5}},"type":"if","locations":[{"start":{"line":30,"column":4},"end":{"line":32,"column":5}},{"start":{},"end":{}}],"line":30},"5":{"loc":{"start":{"line":67,"column":8},"end":{"line":67,"column":59}},"type":"if","locations":[{"start":{"line":67,"column":8},"end":{"line":67,"column":59}},{"start":{},"end":{}}],"line":67},"6":{"loc":{"start":{"line":69,"column":15},"end":{"line":69,"column":71}},"type":"cond-expr","locations":[{"start":{"line":69,"column":55},"end":{"line":69,"column":64}},{"start":{"line":69,"column":67},"end":{"line":69,"column":71}}],"line":69},"7":{"loc":{"start":{"line":69,"column":15},"end":{"line":69,"column":52}},"type":"binary-expr","locations":[{"start":{"line":69,"column":15},"end":{"line":69,"column":19}},{"start":{"line":69,"column":23},"end":{"line":69,"column":52}}],"line":69},"8":{"loc":{"start":{"line":83,"column":8},"end":{"line":83,"column":57}},"type":"if","locations":[{"start":{"line":83,"column":8},"end":{"line":83,"column":57}},{"start":{},"end":{}}],"line":83},"9":{"loc":{"start":{"line":85,"column":15},"end":{"line":85,"column":59}},"type":"cond-expr","locations":[{"start":{"line":85,"column":50},"end":{"line":85,"column":54}},{"start":{"line":85,"column":57},"end":{"line":85,"column":59}}],"line":85},"10":{"loc":{"start":{"line":85,"column":15},"end":{"line":85,"column":47}},"type":"binary-expr","locations":[{"start":{"line":85,"column":15},"end":{"line":85,"column":19}},{"start":{"line":85,"column":23},"end":{"line":85,"column":47}}],"line":85},"11":{"loc":{"start":{"line":94,"column":55},"end":{"line":94,"column":68}},"type":"binary-expr","locations":[{"start":{"line":94,"column":55},"end":{"line":94,"column":62}},{"start":{"line":94,"column":66},"end":{"line":94,"column":68}}],"line":94},"12":{"loc":{"start":{"line":95,"column":11},"end":{"line":95,"column":24}},"type":"binary-expr","locations":[{"start":{"line":95,"column":11},"end":{"line":95,"column":18}},{"start":{"line":95,"column":22},"end":{"line":95,"column":24}}],"line":95}},"s":{"0":1,"1":1,"2":1,"3":1,"4":1,"5":1,"6":19,"7":6,"8":4,"9":10,"10":0,"11":10,"12":10,"13":0,"14":10,"15":0,"16":10,"17":1,"18":1,"19":4,"20":4,"21":4,"22":3,"23":5,"24":5,"25":5,"26":5,"27":5,"28":5,"29":5,"30":5,"31":2,"32":2,"33":2,"34":0,"35":0,"36":0,"37":3,"38":3,"39":0,"40":0,"41":0,"42":0,"43":0,"44":0,"45":0,"46":0,"47":0,"48":0,"49":0,"50":0,"51":0,"52":0,"53":1},"f":{"0":19,"1":4,"2":10,"3":1,"4":4,"5":4,"6":4,"7":3,"8":5,"9":5,"10":2,"11":3,"12":0,"13":0,"14":0},"b":{"0":[0,1],"1":[6,13],"2":[0,10],"3":[0,10],"4":[0,10],"5":[2,0],"6":[0,0],"7":[0,0],"8":[0,0],"9":[0,0],"10":[0,0],"11":[0,0],"12":[0,0]},"_coverageSchema":"1a1c01bbd47fc00a2c39e90264f33305004495a9","hash":"d5d37966c4c2e5282ab24ee851115f82f9da12c9"}
,"D:\\Proyectos\\VBCprojectes\\DashBoardEconomic\\src\\database\\migrationRunner.js": {"path":"D:\\Proyectos\\VBCprojectes\\DashBoardEconomic\\src\\database\\migrationRunner.js","statementMap":{"0":{"start":{"line":1,"column":11},"end":{"line":1,"column":40}},"1":{"start":{"line":2,"column":32},"end":{"line":2,"column":61}},"2":{"start":{"line":3,"column":11},"end":{"line":3,"column":24}},"3":{"start":{"line":4,"column":13},"end":{"line":4,"column":28}},"4":{"start":{"line":6,"column":25},"end":{"line":6,"column":37}},"5":{"start":{"line":7,"column":23},"end":{"line":7,"column":60}},"6":{"start":{"line":13,"column":4},"end":{"line":20,"column":7}},"7":{"start":{"line":27,"column":17},"end":{"line":27,"column":92}},"8":{"start":{"line":28,"column":4},"end":{"line":28,"column":40}},"9":{"start":{"line":28,"column":27},"end":{"line":28,"column":38}},"10":{"start":{"line":35,"column":4},"end":{"line":35,"column":102}},"11":{"start":{"line":42,"column":4},"end":{"line":45,"column":5}},"12":{"start":{"line":43,"column":8},"end":{"line":43,"column":58}},"13":{"start":{"line":44,"column":8},"end":{"line":44,"column":18}},"14":{"start":{"line":47,"column":18},"end":{"line":49,"column":15}},"15":{"start":{"line":48,"column":21},"end":{"line":48,"column":38}},"16":{"start":{"line":51,"column":4},"end":{"line":60,"column":23}},"17":{"start":{"line":52,"column":22},"end":{"line":52,"column":52}},"18":{"start":{"line":53,"column":8},"end":{"line":53,"column":32}},"19":{"start":{"line":53,"column":20},"end":{"line":53,"column":32}},"20":{"start":{"line":54,"column":8},"end":{"line":59,"column":10}},"21":{"start":{"line":67,"column":4},"end":{"line":67,"column":49}},"22":{"start":{"line":69,"column":4},"end":{"line":69,"column":32}},"23":{"start":{"line":71,"column":31},"end":{"line":71,"column":60}},"24":{"start":{"line":72,"column":32},"end":{"line":72,"column":56}},"25":{"start":{"line":74,"column":30},"end":{"line":76,"column":5}},"26":{"start":{"line":75,"column":13},"end":{"line":75,"column":52}},"27":{"start":{"line":78,"column":4},"end":{"line":81,"column":5}},"28":{"start":{"line":79,"column":8},"end":{"line":79,"column":66}},"29":{"start":{"line":80,"column":8},"end":{"line":80,"column":15}},"30":{"start":{"line":83,"column":4},"end":{"line":83,"column":91}},"31":{"start":{"line":85,"column":4},"end":{"line":110,"column":5}},"32":{"start":{"line":86,"column":8},"end":{"line":109,"column":9}},"33":{"start":{"line":87,"column":12},"end":{"line":87,"column":84}},"34":{"start":{"line":89,"column":36},"end":{"line":89,"column":59}},"35":{"start":{"line":91,"column":12},"end":{"line":93,"column":13}},"36":{"start":{"line":92,"column":16},"end":{"line":92,"column":89}},"37":{"start":{"line":95,"column":12},"end":{"line":95,"column":37}},"38":{"start":{"line":96,"column":12},"end":{"line":103,"column":13}},"39":{"start":{"line":97,"column":16},"end":{"line":97,"column":66}},"40":{"start":{"line":98,"column":16},"end":{"line":98,"column":73}},"41":{"start":{"line":99,"column":16},"end":{"line":99,"column":42}},"42":{"start":{"line":101,"column":16},"end":{"line":101,"column":60}},"43":{"start":{"line":102,"column":16},"end":{"line":102,"column":31}},"44":{"start":{"line":105,"column":12},"end":{"line":105,"column":83}},"45":{"start":{"line":107,"column":12},"end":{"line":107,"column":89}},"46":{"start":{"line":108,"column":12},"end":{"line":108,"column":22}},"47":{"start":{"line":112,"column":4},"end":{"line":112,"column":71}},"48":{"start":{"line":115,"column":0},"end":{"line":115,"column":82}}},"fnMap":{"0":{"name":"initMigrationsTable","decl":{"start":{"line":12,"column":15},"end":{"line":12,"column":34}},"loc":{"start":{"line":12,"column":37},"end":{"line":21,"column":1}},"line":12},"1":{"name":"getExecutedMigrations","decl":{"start":{"line":26,"column":15},"end":{"line":26,"column":36}},"loc":{"start":{"line":26,"column":39},"end":{"line":29,"column":1}},"line":26},"2":{"name":"(anonymous_2)","decl":{"start":{"line":28,"column":20},"end":{"line":28,"column":21}},"loc":{"start":{"line":28,"column":27},"end":{"line":28,"column":38}},"line":28},"3":{"name":"recordMigration","decl":{"start":{"line":34,"column":15},"end":{"line":34,"column":30}},"loc":{"start":{"line":34,"column":46},"end":{"line":36,"column":1}},"line":34},"4":{"name":"getAvailableMigrations","decl":{"start":{"line":41,"column":9},"end":{"line":41,"column":31}},"loc":{"start":{"line":41,"column":34},"end":{"line":61,"column":1}},"line":41},"5":{"name":"(anonymous_5)","decl":{"start":{"line":48,"column":16},"end":{"line":48,"column":17}},"loc":{"start":{"line":48,"column":21},"end":{"line":48,"column":38}},"line":48},"6":{"name":"(anonymous_6)","decl":{"start":{"line":51,"column":21},"end":{"line":51,"column":22}},"loc":{"start":{"line":51,"column":29},"end":{"line":60,"column":5}},"line":51},"7":{"name":"runMigrations","decl":{"start":{"line":66,"column":15},"end":{"line":66,"column":28}},"loc":{"start":{"line":66,"column":31},"end":{"line":113,"column":1}},"line":66},"8":{"name":"(anonymous_8)","decl":{"start":{"line":75,"column":8},"end":{"line":75,"column":9}},"loc":{"start":{"line":75,"column":13},"end":{"line":75,"column":52}},"line":75},"9":{"name":"(anonymous_9)","decl":{"start":{"line":101,"column":50},"end":{"line":101,"column":51}},"loc":{"start":{"line":101,"column":56},"end":{"line":101,"column":58}},"line":101}},"branchMap":{"0":{"loc":{"start":{"line":42,"column":4},"end":{"line":45,"column":5}},"type":"if","locations":[{"start":{"line":42,"column":4},"end":{"line":45,"column":5}},{"start":{},"end":{}}],"line":42},"1":{"loc":{"start":{"line":53,"column":8},"end":{"line":53,"column":32}},"type":"if","locations":[{"start":{"line":53,"column":8},"end":{"line":53,"column":32}},{"start":{},"end":{}}],"line":53},"2":{"loc":{"start":{"line":78,"column":4},"end":{"line":81,"column":5}},"type":"if","locations":[{"start":{"line":78,"column":4},"end":{"line":81,"column":5}},{"start":{},"end":{}}],"line":78},"3":{"loc":{"start":{"line":91,"column":12},"end":{"line":93,"column":13}},"type":"if","locations":[{"start":{"line":91,"column":12},"end":{"line":93,"column":13}},{"start":{},"end":{}}],"line":91}},"s":{"0":1,"1":1,"2":1,"3":1,"4":1,"5":1,"6":4,"7":4,"8":4,"9":14,"10":42,"11":4,"12":0,"13":0,"14":4,"15":56,"16":4,"17":56,"18":56,"19":0,"20":56,"21":4,"22":4,"23":4,"24":4,"25":4,"26":56,"27":4,"28":1,"29":1,"30":3,"31":3,"32":42,"33":42,"34":42,"35":42,"36":0,"37":42,"38":42,"39":42,"40":42,"41":42,"42":0,"43":0,"44":42,"45":0,"46":0,"47":3,"48":1},"f":{"0":4,"1":4,"2":14,"3":42,"4":4,"5":56,"6":56,"7":4,"8":56,"9":0},"b":{"0":[0,4],"1":[0,56],"2":[1,3],"3":[0,42]},"_coverageSchema":"1a1c01bbd47fc00a2c39e90264f33305004495a9","hash":"4d6ac2f4b3b78c42c0c8449a88ccc74923aefc56"}
,"D:\\Proyectos\\VBCprojectes\\DashBoardEconomic\\src\\ipc\\ipcHandlers.js": {"path":"D:\\Proyectos\\VBCprojectes\\DashBoardEconomic\\src\\ipc\\ipcHandlers.js","statementMap":{"0":{"start":{"line":5,"column":35},"end":{"line":5,"column":54}},"1":{"start":{"line":6,"column":11},"end":{"line":6,"column":24}},"2":{"start":{"line":7,"column":13},"end":{"line":7,"column":28}},"3":{"start":{"line":8,"column":11},"end":{"line":8,"column":40}},"4":{"start":{"line":9,"column":32},"end":{"line":9,"column":61}},"5":{"start":{"line":10,"column":62},"end":{"line":10,"column":94}},"6":{"start":{"line":11,"column":26},"end":{"line":11,"column":64}},"7":{"start":{"line":20,"column":4},"end":{"line":20,"column":36}},"8":{"start":{"line":23,"column":23},"end":{"line":23,"column":60}},"9":{"start":{"line":24,"column":23},"end":{"line":24,"column":60}},"10":{"start":{"line":25,"column":21},"end":{"line":25,"column":56}},"11":{"start":{"line":26,"column":24},"end":{"line":26,"column":62}},"12":{"start":{"line":27,"column":28},"end":{"line":27,"column":70}},"13":{"start":{"line":28,"column":32},"end":{"line":28,"column":78}},"14":{"start":{"line":42,"column":4},"end":{"line":42,"column":43}},"15":{"start":{"line":45,"column":31},"end":{"line":45,"column":69}},"16":{"start":{"line":46,"column":31},"end":{"line":46,"column":69}},"17":{"start":{"line":47,"column":33},"end":{"line":47,"column":73}},"18":{"start":{"line":48,"column":33},"end":{"line":48,"column":73}},"19":{"start":{"line":49,"column":34},"end":{"line":49,"column":75}},"20":{"start":{"line":50,"column":34},"end":{"line":50,"column":75}},"21":{"start":{"line":51,"column":21},"end":{"line":51,"column":39}},"22":{"start":{"line":52,"column":28},"end":{"line":52,"column":49}},"23":{"start":{"line":53,"column":28},"end":{"line":53,"column":63}},"24":{"start":{"line":54,"column":30},"end":{"line":54,"column":67}},"25":{"start":{"line":56,"column":18},"end":{"line":56,"column":22}},"26":{"start":{"line":57,"column":0},"end":{"line":57,"column":50}},"27":{"start":{"line":57,"column":6},"end":{"line":57,"column":35}},"28":{"start":{"line":60,"column":4},"end":{"line":60,"column":41}},"29":{"start":{"line":64,"column":4},"end":{"line":64,"column":23}},"30":{"start":{"line":65,"column":4},"end":{"line":65,"column":23}},"31":{"start":{"line":69,"column":17},"end":{"line":69,"column":32}},"32":{"start":{"line":70,"column":4},"end":{"line":72,"column":5}},"33":{"start":{"line":71,"column":8},"end":{"line":71,"column":51}},"34":{"start":{"line":73,"column":18},"end":{"line":73,"column":41}},"35":{"start":{"line":74,"column":4},"end":{"line":74,"column":28}},"36":{"start":{"line":78,"column":4},"end":{"line":81,"column":5}},"37":{"start":{"line":79,"column":22},"end":{"line":79,"column":44}},"38":{"start":{"line":80,"column":8},"end":{"line":80,"column":89}},"39":{"start":{"line":80,"column":40},"end":{"line":80,"column":89}},"40":{"start":{"line":82,"column":4},"end":{"line":92,"column":5}},"41":{"start":{"line":83,"column":18},"end":{"line":83,"column":36}},"42":{"start":{"line":84,"column":8},"end":{"line":84,"column":96}},"43":{"start":{"line":84,"column":47},"end":{"line":84,"column":96}},"44":{"start":{"line":85,"column":22},"end":{"line":85,"column":34}},"45":{"start":{"line":86,"column":22},"end":{"line":86,"column":38}},"46":{"start":{"line":87,"column":8},"end":{"line":87,"column":90}},"47":{"start":{"line":87,"column":37},"end":{"line":87,"column":90}},"48":{"start":{"line":88,"column":8},"end":{"line":91,"column":9}},"49":{"start":{"line":89,"column":24},"end":{"line":89,"column":40}},"50":{"start":{"line":90,"column":12},"end":{"line":90,"column":90}},"51":{"start":{"line":90,"column":37},"end":{"line":90,"column":90}},"52":{"start":{"line":93,"column":4},"end":{"line":97,"column":5}},"53":{"start":{"line":94,"column":8},"end":{"line":96,"column":9}},"54":{"start":{"line":95,"column":12},"end":{"line":95,"column":65}},"55":{"start":{"line":101,"column":4},"end":{"line":103,"column":5}},"56":{"start":{"line":102,"column":8},"end":{"line":102,"column":54}},"57":{"start":{"line":105,"column":23},"end":{"line":105,"column":25}},"58":{"start":{"line":106,"column":19},"end":{"line":106,"column":20}},"59":{"start":{"line":107,"column":19},"end":{"line":107,"column":20}},"60":{"start":{"line":109,"column":4},"end":{"line":109,"column":41}},"61":{"start":{"line":110,"column":4},"end":{"line":147,"column":5}},"62":{"start":{"line":111,"column":8},"end":{"line":122,"column":9}},"63":{"start":{"line":112,"column":12},"end":{"line":121,"column":13}},"64":{"start":{"line":113,"column":16},"end":{"line":113,"column":41}},"65":{"start":{"line":114,"column":16},"end":{"line":114,"column":40}},"66":{"start":{"line":115,"column":16},"end":{"line":115,"column":55}},"67":{"start":{"line":116,"column":16},"end":{"line":116,"column":30}},"68":{"start":{"line":118,"column":16},"end":{"line":118,"column":76}},"69":{"start":{"line":119,"column":16},"end":{"line":119,"column":30}},"70":{"start":{"line":120,"column":16},"end":{"line":120,"column":26}},"71":{"start":{"line":124,"column":8},"end":{"line":124,"column":34}},"72":{"start":{"line":125,"column":8},"end":{"line":131,"column":10}},"73":{"start":{"line":133,"column":8},"end":{"line":137,"column":9}},"74":{"start":{"line":134,"column":12},"end":{"line":134,"column":40}},"75":{"start":{"line":136,"column":12},"end":{"line":136,"column":102}},"76":{"start":{"line":139,"column":8},"end":{"line":146,"column":10}},"77":{"start":{"line":157,"column":24},"end":{"line":157,"column":52}},"78":{"start":{"line":158,"column":23},"end":{"line":165,"column":6}},"79":{"start":{"line":158,"column":40},"end":{"line":165,"column":6}},"80":{"start":{"line":159,"column":8},"end":{"line":164,"column":9}},"81":{"start":{"line":160,"column":12},"end":{"line":160,"column":37}},"82":{"start":{"line":162,"column":12},"end":{"line":162,"column":69}},"83":{"start":{"line":163,"column":12},"end":{"line":163,"column":22}},"84":{"start":{"line":168,"column":8},"end":{"line":175,"column":9}},"85":{"start":{"line":169,"column":37},"end":{"line":169,"column":76}},"86":{"start":{"line":170,"column":12},"end":{"line":170,"column":89}},"87":{"start":{"line":170,"column":52},"end":{"line":170,"column":89}},"88":{"start":{"line":171,"column":12},"end":{"line":171,"column":94}},"89":{"start":{"line":171,"column":56},"end":{"line":171,"column":94}},"90":{"start":{"line":172,"column":12},"end":{"line":172,"column":95}},"91":{"start":{"line":172,"column":55},"end":{"line":172,"column":95}},"92":{"start":{"line":174,"column":12},"end":{"line":174,"column":85}},"93":{"start":{"line":179,"column":4},"end":{"line":184,"column":7}},"94":{"start":{"line":180,"column":20},"end":{"line":180,"column":63}},"95":{"start":{"line":181,"column":8},"end":{"line":181,"column":44}},"96":{"start":{"line":181,"column":18},"end":{"line":181,"column":44}},"97":{"start":{"line":182,"column":8},"end":{"line":182,"column":23}},"98":{"start":{"line":183,"column":8},"end":{"line":183,"column":33}},"99":{"start":{"line":186,"column":4},"end":{"line":197,"column":7}},"100":{"start":{"line":187,"column":20},"end":{"line":187,"column":63}},"101":{"start":{"line":188,"column":8},"end":{"line":188,"column":64}},"102":{"start":{"line":188,"column":18},"end":{"line":188,"column":64}},"103":{"start":{"line":190,"column":8},"end":{"line":194,"column":9}},"104":{"start":{"line":191,"column":12},"end":{"line":191,"column":29}},"105":{"start":{"line":193,"column":12},"end":{"line":193,"column":27}},"106":{"start":{"line":196,"column":8},"end":{"line":196,"column":65}},"107":{"start":{"line":199,"column":4},"end":{"line":204,"column":7}},"108":{"start":{"line":200,"column":20},"end":{"line":200,"column":63}},"109":{"start":{"line":201,"column":8},"end":{"line":201,"column":44}},"110":{"start":{"line":201,"column":18},"end":{"line":201,"column":44}},"111":{"start":{"line":202,"column":8},"end":{"line":202,"column":20}},"112":{"start":{"line":203,"column":8},"end":{"line":203,"column":33}},"113":{"start":{"line":206,"column":4},"end":{"line":209,"column":7}},"114":{"start":{"line":207,"column":20},"end":{"line":207,"column":63}},"115":{"start":{"line":208,"column":8},"end":{"line":208,"column":59}},"116":{"start":{"line":211,"column":4},"end":{"line":213,"column":7}},"117":{"start":{"line":212,"column":8},"end":{"line":212,"column":76}},"118":{"start":{"line":215,"column":4},"end":{"line":219,"column":7}},"119":{"start":{"line":216,"column":21},"end":{"line":216,"column":50}},"120":{"start":{"line":217,"column":8},"end":{"line":217,"column":32}},"121":{"start":{"line":218,"column":8},"end":{"line":218,"column":39}},"122":{"start":{"line":221,"column":4},"end":{"line":223,"column":7}},"123":{"start":{"line":222,"column":8},"end":{"line":222,"column":49}},"124":{"start":{"line":225,"column":4},"end":{"line":232,"column":7}},"125":{"start":{"line":226,"column":21},"end":{"line":226,"column":50}},"126":{"start":{"line":227,"column":22},"end":{"line":227,"column":45}},"127":{"start":{"line":228,"column":8},"end":{"line":228,"column":43}},"128":{"start":{"line":229,"column":8},"end":{"line":229,"column":30}},"129":{"start":{"line":230,"column":8},"end":{"line":230,"column":28}},"130":{"start":{"line":231,"column":8},"end":{"line":231,"column":46}},"131":{"start":{"line":234,"column":4},"end":{"line":237,"column":7}},"132":{"start":{"line":235,"column":21},"end":{"line":235,"column":50}},"133":{"start":{"line":236,"column":8},"end":{"line":236,"column":50}},"134":{"start":{"line":239,"column":4},"end":{"line":248,"column":7}},"135":{"start":{"line":240,"column":21},"end":{"line":240,"column":50}},"136":{"start":{"line":241,"column":21},"end":{"line":241,"column":75}},"137":{"start":{"line":242,"column":8},"end":{"line":244,"column":9}},"138":{"start":{"line":243,"column":12},"end":{"line":243,"column":58}},"139":{"start":{"line":245,"column":8},"end":{"line":245,"column":32}},"140":{"start":{"line":246,"column":24},"end":{"line":246,"column":47}},"141":{"start":{"line":247,"column":8},"end":{"line":247,"column":42}},"142":{"start":{"line":252,"column":4},"end":{"line":272,"column":7}},"143":{"start":{"line":253,"column":33},"end":{"line":253,"column":37}},"144":{"start":{"line":255,"column":8},"end":{"line":257,"column":9}},"145":{"start":{"line":256,"column":12},"end":{"line":256,"column":60}},"146":{"start":{"line":259,"column":8},"end":{"line":261,"column":9}},"147":{"start":{"line":260,"column":12},"end":{"line":260,"column":58}},"148":{"start":{"line":263,"column":8},"end":{"line":271,"column":9}},"149":{"start":{"line":264,"column":12},"end":{"line":264,"column":106}},"150":{"start":{"line":265,"column":12},"end":{"line":265,"column":68}},"151":{"start":{"line":267,"column":12},"end":{"line":269,"column":13}},"152":{"start":{"line":268,"column":16},"end":{"line":268,"column":73}},"153":{"start":{"line":270,"column":12},"end":{"line":270,"column":22}},"154":{"start":{"line":274,"column":4},"end":{"line":283,"column":7}},"155":{"start":{"line":275,"column":23},"end":{"line":275,"column":101}},"156":{"start":{"line":276,"column":25},"end":{"line":276,"column":105}},"157":{"start":{"line":277,"column":26},"end":{"line":277,"column":108}},"158":{"start":{"line":278,"column":8},"end":{"line":282,"column":10}},"159":{"start":{"line":285,"column":4},"end":{"line":292,"column":7}},"160":{"start":{"line":286,"column":31},"end":{"line":286,"column":35}},"161":{"start":{"line":287,"column":8},"end":{"line":289,"column":9}},"162":{"start":{"line":288,"column":12},"end":{"line":288,"column":58}},"163":{"start":{"line":290,"column":8},"end":{"line":290,"column":94}},"164":{"start":{"line":291,"column":8},"end":{"line":291,"column":67}},"165":{"start":{"line":294,"column":4},"end":{"line":301,"column":7}},"166":{"start":{"line":295,"column":23},"end":{"line":295,"column":27}},"167":{"start":{"line":296,"column":8},"end":{"line":298,"column":9}},"168":{"start":{"line":297,"column":12},"end":{"line":297,"column":47}},"169":{"start":{"line":299,"column":8},"end":{"line":299,"column":69}},"170":{"start":{"line":300,"column":8},"end":{"line":300,"column":65}},"171":{"start":{"line":305,"column":4},"end":{"line":308,"column":7}},"172":{"start":{"line":306,"column":8},"end":{"line":306,"column":47}},"173":{"start":{"line":307,"column":8},"end":{"line":307,"column":33}},"174":{"start":{"line":310,"column":4},"end":{"line":313,"column":7}},"175":{"start":{"line":311,"column":8},"end":{"line":311,"column":53}},"176":{"start":{"line":312,"column":8},"end":{"line":312,"column":33}},"177":{"start":{"line":315,"column":4},"end":{"line":318,"column":7}},"178":{"start":{"line":316,"column":8},"end":{"line":316,"column":50}},"179":{"start":{"line":317,"column":8},"end":{"line":317,"column":33}},"180":{"start":{"line":320,"column":4},"end":{"line":323,"column":7}},"181":{"start":{"line":321,"column":8},"end":{"line":321,"column":47}},"182":{"start":{"line":322,"column":8},"end":{"line":322,"column":33}},"183":{"start":{"line":325,"column":4},"end":{"line":328,"column":7}},"184":{"start":{"line":326,"column":8},"end":{"line":326,"column":53}},"185":{"start":{"line":327,"column":8},"end":{"line":327,"column":33}},"186":{"start":{"line":330,"column":4},"end":{"line":333,"column":7}},"187":{"start":{"line":331,"column":8},"end":{"line":331,"column":50}},"188":{"start":{"line":332,"column":8},"end":{"line":332,"column":33}},"189":{"start":{"line":337,"column":4},"end":{"line":340,"column":7}},"190":{"start":{"line":338,"column":8},"end":{"line":338,"column":49}},"191":{"start":{"line":339,"column":8},"end":{"line":339,"column":33}},"192":{"start":{"line":342,"column":4},"end":{"line":345,"column":7}},"193":{"start":{"line":343,"column":8},"end":{"line":343,"column":55}},"194":{"start":{"line":344,"column":8},"end":{"line":344,"column":33}},"195":{"start":{"line":347,"column":4},"end":{"line":350,"column":7}},"196":{"start":{"line":348,"column":8},"end":{"line":348,"column":52}},"197":{"start":{"line":349,"column":8},"end":{"line":349,"column":33}},"198":{"start":{"line":352,"column":4},"end":{"line":355,"column":7}},"199":{"start":{"line":353,"column":8},"end":{"line":353,"column":49}},"200":{"start":{"line":354,"column":8},"end":{"line":354,"column":33}},"201":{"start":{"line":357,"column":4},"end":{"line":360,"column":7}},"202":{"start":{"line":358,"column":8},"end":{"line":358,"column":55}},"203":{"start":{"line":359,"column":8},"end":{"line":359,"column":33}},"204":{"start":{"line":362,"column":4},"end":{"line":365,"column":7}},"205":{"start":{"line":363,"column":8},"end":{"line":363,"column":52}},"206":{"start":{"line":364,"column":8},"end":{"line":364,"column":33}},"207":{"start":{"line":369,"column":4},"end":{"line":372,"column":7}},"208":{"start":{"line":370,"column":8},"end":{"line":370,"column":44}},"209":{"start":{"line":371,"column":8},"end":{"line":371,"column":33}},"210":{"start":{"line":374,"column":4},"end":{"line":377,"column":7}},"211":{"start":{"line":375,"column":8},"end":{"line":375,"column":50}},"212":{"start":{"line":376,"column":8},"end":{"line":376,"column":33}},"213":{"start":{"line":379,"column":4},"end":{"line":382,"column":7}},"214":{"start":{"line":380,"column":8},"end":{"line":380,"column":47}},"215":{"start":{"line":381,"column":8},"end":{"line":381,"column":33}},"216":{"start":{"line":386,"column":4},"end":{"line":389,"column":7}},"217":{"start":{"line":387,"column":8},"end":{"line":387,"column":46}},"218":{"start":{"line":388,"column":8},"end":{"line":388,"column":33}},"219":{"start":{"line":391,"column":4},"end":{"line":394,"column":7}},"220":{"start":{"line":392,"column":8},"end":{"line":392,"column":52}},"221":{"start":{"line":393,"column":8},"end":{"line":393,"column":33}},"222":{"start":{"line":396,"column":4},"end":{"line":399,"column":7}},"223":{"start":{"line":397,"column":8},"end":{"line":397,"column":49}},"224":{"start":{"line":398,"column":8},"end":{"line":398,"column":33}},"225":{"start":{"line":403,"column":4},"end":{"line":405,"column":7}},"226":{"start":{"line":404,"column":8},"end":{"line":404,"column":79}},"227":{"start":{"line":407,"column":4},"end":{"line":409,"column":7}},"228":{"start":{"line":408,"column":8},"end":{"line":408,"column":81}},"229":{"start":{"line":413,"column":4},"end":{"line":415,"column":7}},"230":{"start":{"line":414,"column":8},"end":{"line":414,"column":76}},"231":{"start":{"line":417,"column":4},"end":{"line":419,"column":7}},"232":{"start":{"line":418,"column":8},"end":{"line":418,"column":78}},"233":{"start":{"line":423,"column":4},"end":{"line":426,"column":7}},"234":{"start":{"line":424,"column":8},"end":{"line":424,"column":50}},"235":{"start":{"line":425,"column":8},"end":{"line":425,"column":33}},"236":{"start":{"line":428,"column":4},"end":{"line":431,"column":7}},"237":{"start":{"line":429,"column":8},"end":{"line":429,"column":56}},"238":{"start":{"line":430,"column":8},"end":{"line":430,"column":33}},"239":{"start":{"line":433,"column":4},"end":{"line":436,"column":7}},"240":{"start":{"line":434,"column":8},"end":{"line":434,"column":53}},"241":{"start":{"line":435,"column":8},"end":{"line":435,"column":33}},"242":{"start":{"line":438,"column":4},"end":{"line":441,"column":7}},"243":{"start":{"line":439,"column":8},"end":{"line":439,"column":50}},"244":{"start":{"line":440,"column":8},"end":{"line":440,"column":33}},"245":{"start":{"line":443,"column":4},"end":{"line":446,"column":7}},"246":{"start":{"line":444,"column":8},"end":{"line":444,"column":56}},"247":{"start":{"line":445,"column":8},"end":{"line":445,"column":33}},"248":{"start":{"line":448,"column":4},"end":{"line":451,"column":7}},"249":{"start":{"line":449,"column":8},"end":{"line":449,"column":53}},"250":{"start":{"line":450,"column":8},"end":{"line":450,"column":33}},"251":{"start":{"line":455,"column":4},"end":{"line":457,"column":7}},"252":{"start":{"line":456,"column":8},"end":{"line":456,"column":43}},"253":{"start":{"line":459,"column":4},"end":{"line":462,"column":7}},"254":{"start":{"line":460,"column":8},"end":{"line":460,"column":37}},"255":{"start":{"line":461,"column":8},"end":{"line":461,"column":33}},"256":{"start":{"line":464,"column":4},"end":{"line":467,"column":7}},"257":{"start":{"line":465,"column":8},"end":{"line":465,"column":40}},"258":{"start":{"line":466,"column":8},"end":{"line":466,"column":33}},"259":{"start":{"line":469,"column":4},"end":{"line":472,"column":7}},"260":{"start":{"line":470,"column":8},"end":{"line":470,"column":43}},"261":{"start":{"line":471,"column":8},"end":{"line":471,"column":33}},"262":{"start":{"line":476,"column":4},"end":{"line":478,"column":7}},"263":{"start":{"line":477,"column":8},"end":{"line":477,"column":46}},"264":{"start":{"line":480,"column":4},"end":{"line":483,"column":7}},"265":{"start":{"line":481,"column":8},"end":{"line":481,"column":40}},"266":{"start":{"line":482,"column":8},"end":{"line":482,"column":33}},"267":{"start":{"line":485,"column":4},"end":{"line":488,"column":7}},"268":{"start":{"line":486,"column":8},"end":{"line":486,"column":43}},"269":{"start":{"line":487,"column":8},"end":{"line":487,"column":33}},"270":{"start":{"line":490,"column":4},"end":{"line":493,"column":7}},"271":{"start":{"line":491,"column":8},"end":{"line":491,"column":46}},"272":{"start":{"line":492,"column":8},"end":{"line":492,"column":33}},"273":{"start":{"line":495,"column":4},"end":{"line":497,"column":7}},"274":{"start":{"line":496,"column":8},"end":{"line":496,"column":54}},"275":{"start":{"line":499,"column":4},"end":{"line":502,"column":7}},"276":{"start":{"line":500,"column":8},"end":{"line":500,"column":47}},"277":{"start":{"line":501,"column":8},"end":{"line":501,"column":33}},"278":{"start":{"line":504,"column":4},"end":{"line":507,"column":7}},"279":{"start":{"line":505,"column":8},"end":{"line":505,"column":53}},"280":{"start":{"line":506,"column":8},"end":{"line":506,"column":33}},"281":{"start":{"line":509,"column":4},"end":{"line":512,"column":7}},"282":{"start":{"line":510,"column":22},"end":{"line":510,"column":71}},"283":{"start":{"line":511,"column":8},"end":{"line":511,"column":25}},"284":{"start":{"line":516,"column":4},"end":{"line":519,"column":7}},"285":{"start":{"line":517,"column":21},"end":{"line":517,"column":96}},"286":{"start":{"line":518,"column":8},"end":{"line":518,"column":26}},"287":{"start":{"line":521,"column":4},"end":{"line":539,"column":7}},"288":{"start":{"line":522,"column":124},"end":{"line":522,"column":128}},"289":{"start":{"line":523,"column":8},"end":{"line":525,"column":9}},"290":{"start":{"line":524,"column":12},"end":{"line":524,"column":71}},"291":{"start":{"line":527,"column":33},"end":{"line":527,"column":89}},"292":{"start":{"line":528,"column":32},"end":{"line":528,"column":115}},"293":{"start":{"line":529,"column":26},"end":{"line":529,"column":49}},"294":{"start":{"line":530,"column":8},"end":{"line":532,"column":9}},"295":{"start":{"line":531,"column":12},"end":{"line":531,"column":80}},"296":{"start":{"line":534,"column":8},"end":{"line":537,"column":163}},"297":{"start":{"line":538,"column":8},"end":{"line":538,"column":33}},"298":{"start":{"line":541,"column":4},"end":{"line":583,"column":7}},"299":{"start":{"line":542,"column":139},"end":{"line":542,"column":143}},"300":{"start":{"line":543,"column":8},"end":{"line":545,"column":9}},"301":{"start":{"line":544,"column":12},"end":{"line":544,"column":47}},"302":{"start":{"line":547,"column":20},"end":{"line":547,"column":32}},"303":{"start":{"line":548,"column":8},"end":{"line":554,"column":9}},"304":{"start":{"line":549,"column":24},"end":{"line":549,"column":119}},"305":{"start":{"line":550,"column":12},"end":{"line":552,"column":13}},"306":{"start":{"line":551,"column":16},"end":{"line":551,"column":59}},"307":{"start":{"line":553,"column":12},"end":{"line":553,"column":27}},"308":{"start":{"line":556,"column":8},"end":{"line":558,"column":9}},"309":{"start":{"line":557,"column":12},"end":{"line":557,"column":54}},"310":{"start":{"line":560,"column":31},"end":{"line":560,"column":57}},"311":{"start":{"line":561,"column":8},"end":{"line":564,"column":9}},"312":{"start":{"line":562,"column":29},"end":{"line":562,"column":108}},"313":{"start":{"line":563,"column":12},"end":{"line":563,"column":83}},"314":{"start":{"line":565,"column":32},"end":{"line":565,"column":105}},"315":{"start":{"line":568,"column":26},"end":{"line":568,"column":95}},"316":{"start":{"line":569,"column":8},"end":{"line":571,"column":9}},"317":{"start":{"line":570,"column":12},"end":{"line":570,"column":100}},"318":{"start":{"line":573,"column":26},"end":{"line":573,"column":78}},"319":{"start":{"line":574,"column":28},"end":{"line":574,"column":70}},"320":{"start":{"line":576,"column":8},"end":{"line":580,"column":201}},"321":{"start":{"line":582,"column":8},"end":{"line":582,"column":33}},"322":{"start":{"line":585,"column":4},"end":{"line":592,"column":7}},"323":{"start":{"line":586,"column":23},"end":{"line":586,"column":27}},"324":{"start":{"line":587,"column":8},"end":{"line":589,"column":9}},"325":{"start":{"line":588,"column":12},"end":{"line":588,"column":47}},"326":{"start":{"line":590,"column":8},"end":{"line":590,"column":76}},"327":{"start":{"line":591,"column":8},"end":{"line":591,"column":33}},"328":{"start":{"line":594,"column":4},"end":{"line":604,"column":7}},"329":{"start":{"line":595,"column":31},"end":{"line":595,"column":35}},"330":{"start":{"line":596,"column":8},"end":{"line":596,"column":49}},"331":{"start":{"line":596,"column":17},"end":{"line":596,"column":49}},"332":{"start":{"line":597,"column":8},"end":{"line":597,"column":33}},"333":{"start":{"line":598,"column":8},"end":{"line":598,"column":76}},"334":{"start":{"line":599,"column":8},"end":{"line":601,"column":9}},"335":{"start":{"line":600,"column":12},"end":{"line":600,"column":99}},"336":{"start":{"line":602,"column":8},"end":{"line":602,"column":34}},"337":{"start":{"line":603,"column":8},"end":{"line":603,"column":33}},"338":{"start":{"line":606,"column":4},"end":{"line":608,"column":7}},"339":{"start":{"line":607,"column":8},"end":{"line":607,"column":59}},"340":{"start":{"line":611,"column":4},"end":{"line":613,"column":7}},"341":{"start":{"line":612,"column":8},"end":{"line":612,"column":129}},"342":{"start":{"line":614,"column":4},"end":{"line":618,"column":7}},"343":{"start":{"line":615,"column":40},"end":{"line":615,"column":44}},"344":{"start":{"line":616,"column":8},"end":{"line":616,"column":139}},"345":{"start":{"line":617,"column":8},"end":{"line":617,"column":33}},"346":{"start":{"line":619,"column":4},"end":{"line":622,"column":7}},"347":{"start":{"line":620,"column":8},"end":{"line":620,"column":94}},"348":{"start":{"line":621,"column":8},"end":{"line":621,"column":33}},"349":{"start":{"line":625,"column":4},"end":{"line":627,"column":7}},"350":{"start":{"line":626,"column":8},"end":{"line":626,"column":124}},"351":{"start":{"line":628,"column":4},"end":{"line":632,"column":7}},"352":{"start":{"line":629,"column":50},"end":{"line":629,"column":54}},"353":{"start":{"line":630,"column":8},"end":{"line":630,"column":165}},"354":{"start":{"line":631,"column":8},"end":{"line":631,"column":33}},"355":{"start":{"line":633,"column":4},"end":{"line":636,"column":7}},"356":{"start":{"line":634,"column":8},"end":{"line":634,"column":89}},"357":{"start":{"line":635,"column":8},"end":{"line":635,"column":33}},"358":{"start":{"line":640,"column":4},"end":{"line":648,"column":7}},"359":{"start":{"line":641,"column":21},"end":{"line":646,"column":10}},"360":{"start":{"line":647,"column":8},"end":{"line":647,"column":26}},"361":{"start":{"line":650,"column":4},"end":{"line":668,"column":7}},"362":{"start":{"line":651,"column":60},"end":{"line":651,"column":64}},"363":{"start":{"line":652,"column":8},"end":{"line":654,"column":9}},"364":{"start":{"line":653,"column":12},"end":{"line":653,"column":63}},"365":{"start":{"line":657,"column":18},"end":{"line":657,"column":108}},"366":{"start":{"line":658,"column":8},"end":{"line":661,"column":9}},"367":{"start":{"line":659,"column":12},"end":{"line":659,"column":106}},"368":{"start":{"line":660,"column":12},"end":{"line":660,"column":109}},"369":{"start":{"line":663,"column":8},"end":{"line":666,"column":10}},"370":{"start":{"line":667,"column":8},"end":{"line":667,"column":33}},"371":{"start":{"line":670,"column":4},"end":{"line":688,"column":7}},"372":{"start":{"line":671,"column":64},"end":{"line":671,"column":68}},"373":{"start":{"line":672,"column":8},"end":{"line":674,"column":9}},"374":{"start":{"line":673,"column":12},"end":{"line":673,"column":47}},"375":{"start":{"line":677,"column":18},"end":{"line":677,"column":108}},"376":{"start":{"line":678,"column":8},"end":{"line":681,"column":9}},"377":{"start":{"line":679,"column":12},"end":{"line":679,"column":106}},"378":{"start":{"line":680,"column":12},"end":{"line":680,"column":109}},"379":{"start":{"line":683,"column":8},"end":{"line":686,"column":10}},"380":{"start":{"line":687,"column":8},"end":{"line":687,"column":33}},"381":{"start":{"line":690,"column":4},"end":{"line":697,"column":7}},"382":{"start":{"line":691,"column":23},"end":{"line":691,"column":27}},"383":{"start":{"line":692,"column":8},"end":{"line":694,"column":9}},"384":{"start":{"line":693,"column":12},"end":{"line":693,"column":47}},"385":{"start":{"line":695,"column":8},"end":{"line":695,"column":65}},"386":{"start":{"line":696,"column":8},"end":{"line":696,"column":33}},"387":{"start":{"line":699,"column":4},"end":{"line":736,"column":7}},"388":{"start":{"line":700,"column":35},"end":{"line":700,"column":39}},"389":{"start":{"line":701,"column":8},"end":{"line":703,"column":9}},"390":{"start":{"line":702,"column":12},"end":{"line":702,"column":67}},"391":{"start":{"line":705,"column":22},"end":{"line":705,"column":80}},"392":{"start":{"line":706,"column":8},"end":{"line":708,"column":9}},"393":{"start":{"line":707,"column":12},"end":{"line":707,"column":51}},"394":{"start":{"line":710,"column":30},"end":{"line":710,"column":65}},"395":{"start":{"line":711,"column":26},"end":{"line":711,"column":51}},"396":{"start":{"line":712,"column":23},"end":{"line":712,"column":48}},"397":{"start":{"line":715,"column":8},"end":{"line":715,"column":65}},"398":{"start":{"line":718,"column":29},"end":{"line":718,"column":47}},"399":{"start":{"line":719,"column":22},"end":{"line":719,"column":59}},"400":{"start":{"line":721,"column":8},"end":{"line":733,"column":9}},"401":{"start":{"line":723,"column":12},"end":{"line":726,"column":14}},"402":{"start":{"line":729,"column":12},"end":{"line":732,"column":14}},"403":{"start":{"line":735,"column":8},"end":{"line":735,"column":41}},"404":{"start":{"line":738,"column":4},"end":{"line":750,"column":7}},"405":{"start":{"line":739,"column":27},"end":{"line":739,"column":68}},"406":{"start":{"line":740,"column":8},"end":{"line":742,"column":9}},"407":{"start":{"line":741,"column":12},"end":{"line":741,"column":98}},"408":{"start":{"line":744,"column":8},"end":{"line":749,"column":9}},"409":{"start":{"line":745,"column":12},"end":{"line":745,"column":71}},"410":{"start":{"line":747,"column":12},"end":{"line":747,"column":92}},"411":{"start":{"line":748,"column":12},"end":{"line":748,"column":98}},"412":{"start":{"line":752,"column":4},"end":{"line":768,"column":7}},"413":{"start":{"line":753,"column":27},"end":{"line":753,"column":68}},"414":{"start":{"line":754,"column":27},"end":{"line":754,"column":64}},"415":{"start":{"line":755,"column":8},"end":{"line":767,"column":9}},"416":{"start":{"line":756,"column":12},"end":{"line":756,"column":87}},"417":{"start":{"line":758,"column":12},"end":{"line":758,"column":112}},"418":{"start":{"line":759,"column":12},"end":{"line":766,"column":14}},"419":{"start":{"line":772,"column":4},"end":{"line":774,"column":7}},"420":{"start":{"line":773,"column":8},"end":{"line":773,"column":40}},"421":{"start":{"line":776,"column":4},"end":{"line":778,"column":7}},"422":{"start":{"line":777,"column":8},"end":{"line":777,"column":44}},"423":{"start":{"line":780,"column":4},"end":{"line":782,"column":7}},"424":{"start":{"line":781,"column":8},"end":{"line":781,"column":47}},"425":{"start":{"line":784,"column":4},"end":{"line":786,"column":7}},"426":{"start":{"line":785,"column":8},"end":{"line":785,"column":65}},"427":{"start":{"line":788,"column":4},"end":{"line":790,"column":7}},"428":{"start":{"line":789,"column":8},"end":{"line":789,"column":69}},"429":{"start":{"line":792,"column":4},"end":{"line":794,"column":7}},"430":{"start":{"line":793,"column":8},"end":{"line":793,"column":84}},"431":{"start":{"line":796,"column":4},"end":{"line":798,"column":7}},"432":{"start":{"line":797,"column":8},"end":{"line":797,"column":88}},"433":{"start":{"line":800,"column":4},"end":{"line":802,"column":7}},"434":{"start":{"line":801,"column":8},"end":{"line":801,"column":70}},"435":{"start":{"line":804,"column":4},"end":{"line":806,"column":7}},"436":{"start":{"line":805,"column":8},"end":{"line":805,"column":74}},"437":{"start":{"line":808,"column":4},"end":{"line":810,"column":7}},"438":{"start":{"line":809,"column":8},"end":{"line":809,"column":71}},"439":{"start":{"line":812,"column":4},"end":{"line":814,"column":7}},"440":{"start":{"line":813,"column":8},"end":{"line":813,"column":75}},"441":{"start":{"line":816,"column":4},"end":{"line":818,"column":7}},"442":{"start":{"line":817,"column":8},"end":{"line":817,"column":42}},"443":{"start":{"line":822,"column":4},"end":{"line":868,"column":7}},"444":{"start":{"line":823,"column":8},"end":{"line":867,"column":9}},"445":{"start":{"line":824,"column":31},"end":{"line":824,"column":46}},"446":{"start":{"line":826,"column":12},"end":{"line":828,"column":13}},"447":{"start":{"line":827,"column":16},"end":{"line":827,"column":62}},"448":{"start":{"line":830,"column":29},"end":{"line":830,"column":55}},"449":{"start":{"line":832,"column":26},"end":{"line":860,"column":84}},"450":{"start":{"line":833,"column":37},"end":{"line":833,"column":67}},"451":{"start":{"line":834,"column":30},"end":{"line":834,"column":55}},"452":{"start":{"line":837,"column":30},"end":{"line":837,"column":48}},"453":{"start":{"line":838,"column":34},"end":{"line":838,"column":52}},"454":{"start":{"line":843,"column":16},"end":{"line":850,"column":17}},"455":{"start":{"line":844,"column":20},"end":{"line":844,"column":80}},"456":{"start":{"line":845,"column":20},"end":{"line":845,"column":70}},"457":{"start":{"line":848,"column":20},"end":{"line":848,"column":37}},"458":{"start":{"line":849,"column":20},"end":{"line":849,"column":62}},"459":{"start":{"line":852,"column":16},"end":{"line":859,"column":18}},"460":{"start":{"line":860,"column":30},"end":{"line":860,"column":83}},"461":{"start":{"line":862,"column":12},"end":{"line":862,"column":77}},"462":{"start":{"line":863,"column":12},"end":{"line":863,"column":54}},"463":{"start":{"line":865,"column":12},"end":{"line":865,"column":63}},"464":{"start":{"line":866,"column":12},"end":{"line":866,"column":24}},"465":{"start":{"line":870,"column":4},"end":{"line":895,"column":7}},"466":{"start":{"line":871,"column":8},"end":{"line":871,"column":81}},"467":{"start":{"line":874,"column":22},"end":{"line":874,"column":32}},"468":{"start":{"line":875,"column":28},"end":{"line":875,"column":61}},"469":{"start":{"line":877,"column":8},"end":{"line":879,"column":9}},"470":{"start":{"line":878,"column":12},"end":{"line":878,"column":63}},"471":{"start":{"line":881,"column":26},"end":{"line":881,"column":64}},"472":{"start":{"line":884,"column":33},"end":{"line":884,"column":38}},"473":{"start":{"line":885,"column":22},"end":{"line":885,"column":38}},"474":{"start":{"line":886,"column":26},"end":{"line":886,"column":44}},"475":{"start":{"line":889,"column":8},"end":{"line":891,"column":9}},"476":{"start":{"line":890,"column":12},"end":{"line":890,"column":82}},"477":{"start":{"line":893,"column":8},"end":{"line":893,"column":63}},"478":{"start":{"line":894,"column":8},"end":{"line":894,"column":72}},"479":{"start":{"line":897,"column":4},"end":{"line":911,"column":7}},"480":{"start":{"line":898,"column":8},"end":{"line":898,"column":81}},"481":{"start":{"line":901,"column":22},"end":{"line":901,"column":32}},"482":{"start":{"line":902,"column":28},"end":{"line":902,"column":61}},"483":{"start":{"line":904,"column":8},"end":{"line":906,"column":9}},"484":{"start":{"line":905,"column":12},"end":{"line":905,"column":63}},"485":{"start":{"line":908,"column":8},"end":{"line":908,"column":35}},"486":{"start":{"line":909,"column":8},"end":{"line":909,"column":51}},"487":{"start":{"line":910,"column":8},"end":{"line":910,"column":33}},"488":{"start":{"line":913,"column":4},"end":{"line":938,"column":7}},"489":{"start":{"line":914,"column":40},"end":{"line":914,"column":44}},"490":{"start":{"line":915,"column":8},"end":{"line":917,"column":9}},"491":{"start":{"line":916,"column":12},"end":{"line":916,"column":67}},"492":{"start":{"line":919,"column":27},"end":{"line":919,"column":42}},"493":{"start":{"line":922,"column":8},"end":{"line":924,"column":9}},"494":{"start":{"line":923,"column":12},"end":{"line":923,"column":58}},"495":{"start":{"line":927,"column":26},"end":{"line":927,"column":36}},"496":{"start":{"line":928,"column":30},"end":{"line":928,"column":59}},"497":{"start":{"line":929,"column":31},"end":{"line":929,"column":62}},"498":{"start":{"line":930,"column":25},"end":{"line":930,"column":62}},"499":{"start":{"line":933,"column":23},"end":{"line":933,"column":55}},"500":{"start":{"line":934,"column":8},"end":{"line":934,"column":43}},"501":{"start":{"line":935,"column":8},"end":{"line":935,"column":74}},"502":{"start":{"line":937,"column":8},"end":{"line":937,"column":102}},"503":{"start":{"line":942,"column":25},"end":{"line":942,"column":60}},"504":{"start":{"line":943,"column":32},"end":{"line":943,"column":74}},"505":{"start":{"line":944,"column":25},"end":{"line":944,"column":43}},"506":{"start":{"line":947,"column":4},"end":{"line":950,"column":7}},"507":{"start":{"line":948,"column":8},"end":{"line":948,"column":30}},"508":{"start":{"line":949,"column":8},"end":{"line":949,"column":33}},"509":{"start":{"line":952,"column":4},"end":{"line":954,"column":7}},"510":{"start":{"line":953,"column":8},"end":{"line":953,"column":51}},"511":{"start":{"line":956,"column":4},"end":{"line":971,"column":7}},"512":{"start":{"line":957,"column":8},"end":{"line":957,"column":46}},"513":{"start":{"line":959,"column":23},"end":{"line":959,"column":70}},"514":{"start":{"line":960,"column":8},"end":{"line":969,"column":9}},"515":{"start":{"line":961,"column":12},"end":{"line":968,"column":31}},"516":{"start":{"line":962,"column":30},"end":{"line":962,"column":67}},"517":{"start":{"line":963,"column":16},"end":{"line":963,"column":58}},"518":{"start":{"line":963,"column":51},"end":{"line":963,"column":58}},"519":{"start":{"line":964,"column":31},"end":{"line":964,"column":54}},"520":{"start":{"line":965,"column":16},"end":{"line":967,"column":37}},"521":{"start":{"line":966,"column":33},"end":{"line":966,"column":102}},"522":{"start":{"line":966,"column":54},"end":{"line":966,"column":102}},"523":{"start":{"line":970,"column":8},"end":{"line":970,"column":33}},"524":{"start":{"line":973,"column":4},"end":{"line":976,"column":7}},"525":{"start":{"line":974,"column":8},"end":{"line":974,"column":49}},"526":{"start":{"line":975,"column":8},"end":{"line":975,"column":33}},"527":{"start":{"line":978,"column":4},"end":{"line":981,"column":7}},"528":{"start":{"line":979,"column":8},"end":{"line":979,"column":47}},"529":{"start":{"line":980,"column":8},"end":{"line":980,"column":33}},"530":{"start":{"line":983,"column":4},"end":{"line":985,"column":7}},"531":{"start":{"line":984,"column":8},"end":{"line":984,"column":50}},"532":{"start":{"line":987,"column":4},"end":{"line":989,"column":7}},"533":{"start":{"line":988,"column":8},"end":{"line":988,"column":50}},"534":{"start":{"line":991,"column":4},"end":{"line":993,"column":7}},"535":{"start":{"line":992,"column":8},"end":{"line":992,"column":47}},"536":{"start":{"line":995,"column":4},"end":{"line":997,"column":7}},"537":{"start":{"line":996,"column":8},"end":{"line":996,"column":63}},"538":{"start":{"line":999,"column":4},"end":{"line":1014,"column":7}},"539":{"start":{"line":1000,"column":21},"end":{"line":1000,"column":62}},"540":{"start":{"line":1001,"column":8},"end":{"line":1001,"column":55}},"541":{"start":{"line":1001,"column":19},"end":{"line":1001,"column":55}},"542":{"start":{"line":1003,"column":25},"end":{"line":1003,"column":67}},"543":{"start":{"line":1004,"column":22},"end":{"line":1004,"column":59}},"544":{"start":{"line":1005,"column":8},"end":{"line":1011,"column":9}},"545":{"start":{"line":1006,"column":12},"end":{"line":1010,"column":26}},"546":{"start":{"line":1007,"column":31},"end":{"line":1007,"column":54}},"547":{"start":{"line":1008,"column":31},"end":{"line":1008,"column":88}},"548":{"start":{"line":1009,"column":16},"end":{"line":1009,"column":99}},"549":{"start":{"line":1009,"column":42},"end":{"line":1009,"column":99}},"550":{"start":{"line":1012,"column":24},"end":{"line":1012,"column":71}},"551":{"start":{"line":1013,"column":8},"end":{"line":1013,"column":47}},"552":{"start":{"line":1016,"column":4},"end":{"line":1018,"column":7}},"553":{"start":{"line":1017,"column":8},"end":{"line":1017,"column":53}},"554":{"start":{"line":1020,"column":4},"end":{"line":1023,"column":7}},"555":{"start":{"line":1021,"column":23},"end":{"line":1021,"column":81}},"556":{"start":{"line":1022,"column":8},"end":{"line":1022,"column":120}},"557":{"start":{"line":1025,"column":4},"end":{"line":1025,"column":46}},"558":{"start":{"line":1028,"column":0},"end":{"line":1028,"column":41}}},"fnMap":{"0":{"name":"getActiveUser","decl":{"start":{"line":59,"column":9},"end":{"line":59,"column":22}},"loc":{"start":{"line":59,"column":25},"end":{"line":61,"column":1}},"line":59},"1":{"name":"setActiveUser","decl":{"start":{"line":63,"column":9},"end":{"line":63,"column":22}},"loc":{"start":{"line":63,"column":29},"end":{"line":66,"column":1}},"line":63},"2":{"name":"getUploadsDir","decl":{"start":{"line":68,"column":9},"end":{"line":68,"column":22}},"loc":{"start":{"line":68,"column":25},"end":{"line":75,"column":1}},"line":68},"3":{"name":"validateImportItem","decl":{"start":{"line":77,"column":9},"end":{"line":77,"column":27}},"loc":{"start":{"line":77,"column":34},"end":{"line":98,"column":1}},"line":77},"4":{"name":"importBatchWithTransaction","decl":{"start":{"line":100,"column":15},"end":{"line":100,"column":41}},"loc":{"start":{"line":100,"column":58},"end":{"line":148,"column":1}},"line":100},"5":{"name":"registerIpcHandlers","decl":{"start":{"line":153,"column":9},"end":{"line":153,"column":28}},"loc":{"start":{"line":153,"column":31},"end":{"line":1026,"column":1}},"line":153},"6":{"name":"(anonymous_6)","decl":{"start":{"line":158,"column":23},"end":{"line":158,"column":24}},"loc":{"start":{"line":158,"column":40},"end":{"line":165,"column":6}},"line":158},"7":{"name":"(anonymous_7)","decl":{"start":{"line":158,"column":61},"end":{"line":158,"column":62}},"loc":{"start":{"line":158,"column":80},"end":{"line":165,"column":5}},"line":158},"8":{"name":"(anonymous_8)","decl":{"start":{"line":179,"column":34},"end":{"line":179,"column":35}},"loc":{"start":{"line":179,"column":51},"end":{"line":184,"column":5}},"line":179},"9":{"name":"(anonymous_9)","decl":{"start":{"line":186,"column":41},"end":{"line":186,"column":42}},"loc":{"start":{"line":186,"column":58},"end":{"line":197,"column":5}},"line":186},"10":{"name":"(anonymous_10)","decl":{"start":{"line":199,"column":31},"end":{"line":199,"column":32}},"loc":{"start":{"line":199,"column":48},"end":{"line":204,"column":5}},"line":199},"11":{"name":"(anonymous_11)","decl":{"start":{"line":206,"column":38},"end":{"line":206,"column":39}},"loc":{"start":{"line":206,"column":55},"end":{"line":209,"column":5}},"line":206},"12":{"name":"(anonymous_12)","decl":{"start":{"line":211,"column":29},"end":{"line":211,"column":30}},"loc":{"start":{"line":211,"column":41},"end":{"line":213,"column":5}},"line":211},"13":{"name":"(anonymous_13)","decl":{"start":{"line":215,"column":30},"end":{"line":215,"column":31}},"loc":{"start":{"line":215,"column":53},"end":{"line":219,"column":5}},"line":215},"14":{"name":"(anonymous_14)","decl":{"start":{"line":221,"column":35},"end":{"line":221,"column":36}},"loc":{"start":{"line":221,"column":47},"end":{"line":223,"column":5}},"line":221},"15":{"name":"(anonymous_15)","decl":{"start":{"line":225,"column":35},"end":{"line":225,"column":36}},"loc":{"start":{"line":225,"column":58},"end":{"line":232,"column":5}},"line":225},"16":{"name":"(anonymous_16)","decl":{"start":{"line":234,"column":35},"end":{"line":234,"column":36}},"loc":{"start":{"line":234,"column":58},"end":{"line":237,"column":5}},"line":234},"17":{"name":"(anonymous_17)","decl":{"start":{"line":239,"column":32},"end":{"line":239,"column":33}},"loc":{"start":{"line":239,"column":55},"end":{"line":248,"column":5}},"line":239},"18":{"name":"(anonymous_18)","decl":{"start":{"line":252,"column":32},"end":{"line":252,"column":33}},"loc":{"start":{"line":252,"column":55},"end":{"line":272,"column":5}},"line":252},"19":{"name":"(anonymous_19)","decl":{"start":{"line":274,"column":33},"end":{"line":274,"column":34}},"loc":{"start":{"line":274,"column":45},"end":{"line":283,"column":5}},"line":274},"20":{"name":"(anonymous_20)","decl":{"start":{"line":285,"column":35},"end":{"line":285,"column":36}},"loc":{"start":{"line":285,"column":58},"end":{"line":292,"column":5}},"line":285},"21":{"name":"(anonymous_21)","decl":{"start":{"line":294,"column":35},"end":{"line":294,"column":36}},"loc":{"start":{"line":294,"column":58},"end":{"line":301,"column":5}},"line":294},"22":{"name":"(anonymous_22)","decl":{"start":{"line":305,"column":36},"end":{"line":305,"column":37}},"loc":{"start":{"line":305,"column":59},"end":{"line":308,"column":5}},"line":305},"23":{"name":"(anonymous_23)","decl":{"start":{"line":310,"column":39},"end":{"line":310,"column":40}},"loc":{"start":{"line":310,"column":62},"end":{"line":313,"column":5}},"line":310},"24":{"name":"(anonymous_24)","decl":{"start":{"line":315,"column":39},"end":{"line":315,"column":40}},"loc":{"start":{"line":315,"column":62},"end":{"line":318,"column":5}},"line":315},"25":{"name":"(anonymous_25)","decl":{"start":{"line":320,"column":36},"end":{"line":320,"column":37}},"loc":{"start":{"line":320,"column":59},"end":{"line":323,"column":5}},"line":320},"26":{"name":"(anonymous_26)","decl":{"start":{"line":325,"column":39},"end":{"line":325,"column":40}},"loc":{"start":{"line":325,"column":62},"end":{"line":328,"column":5}},"line":325},"27":{"name":"(anonymous_27)","decl":{"start":{"line":330,"column":39},"end":{"line":330,"column":40}},"loc":{"start":{"line":330,"column":62},"end":{"line":333,"column":5}},"line":330},"28":{"name":"(anonymous_28)","decl":{"start":{"line":337,"column":38},"end":{"line":337,"column":39}},"loc":{"start":{"line":337,"column":61},"end":{"line":340,"column":5}},"line":337},"29":{"name":"(anonymous_29)","decl":{"start":{"line":342,"column":41},"end":{"line":342,"column":42}},"loc":{"start":{"line":342,"column":64},"end":{"line":345,"column":5}},"line":342},"30":{"name":"(anonymous_30)","decl":{"start":{"line":347,"column":41},"end":{"line":347,"column":42}},"loc":{"start":{"line":347,"column":64},"end":{"line":350,"column":5}},"line":347},"31":{"name":"(anonymous_31)","decl":{"start":{"line":352,"column":38},"end":{"line":352,"column":39}},"loc":{"start":{"line":352,"column":61},"end":{"line":355,"column":5}},"line":352},"32":{"name":"(anonymous_32)","decl":{"start":{"line":357,"column":41},"end":{"line":357,"column":42}},"loc":{"start":{"line":357,"column":64},"end":{"line":360,"column":5}},"line":357},"33":{"name":"(anonymous_33)","decl":{"start":{"line":362,"column":41},"end":{"line":362,"column":42}},"loc":{"start":{"line":362,"column":64},"end":{"line":365,"column":5}},"line":362},"34":{"name":"(anonymous_34)","decl":{"start":{"line":369,"column":33},"end":{"line":369,"column":34}},"loc":{"start":{"line":369,"column":56},"end":{"line":372,"column":5}},"line":369},"35":{"name":"(anonymous_35)","decl":{"start":{"line":374,"column":36},"end":{"line":374,"column":37}},"loc":{"start":{"line":374,"column":59},"end":{"line":377,"column":5}},"line":374},"36":{"name":"(anonymous_36)","decl":{"start":{"line":379,"column":36},"end":{"line":379,"column":37}},"loc":{"start":{"line":379,"column":59},"end":{"line":382,"column":5}},"line":379},"37":{"name":"(anonymous_37)","decl":{"start":{"line":386,"column":35},"end":{"line":386,"column":36}},"loc":{"start":{"line":386,"column":58},"end":{"line":389,"column":5}},"line":386},"38":{"name":"(anonymous_38)","decl":{"start":{"line":391,"column":38},"end":{"line":391,"column":39}},"loc":{"start":{"line":391,"column":61},"end":{"line":394,"column":5}},"line":391},"39":{"name":"(anonymous_39)","decl":{"start":{"line":396,"column":38},"end":{"line":396,"column":39}},"loc":{"start":{"line":396,"column":61},"end":{"line":399,"column":5}},"line":396},"40":{"name":"(anonymous_40)","decl":{"start":{"line":403,"column":42},"end":{"line":403,"column":43}},"loc":{"start":{"line":403,"column":65},"end":{"line":405,"column":5}},"line":403},"41":{"name":"(anonymous_41)","decl":{"start":{"line":407,"column":44},"end":{"line":407,"column":45}},"loc":{"start":{"line":407,"column":67},"end":{"line":409,"column":5}},"line":407},"42":{"name":"(anonymous_42)","decl":{"start":{"line":413,"column":39},"end":{"line":413,"column":40}},"loc":{"start":{"line":413,"column":62},"end":{"line":415,"column":5}},"line":413},"43":{"name":"(anonymous_43)","decl":{"start":{"line":417,"column":41},"end":{"line":417,"column":42}},"loc":{"start":{"line":417,"column":64},"end":{"line":419,"column":5}},"line":417},"44":{"name":"(anonymous_44)","decl":{"start":{"line":423,"column":39},"end":{"line":423,"column":40}},"loc":{"start":{"line":423,"column":62},"end":{"line":426,"column":5}},"line":423},"45":{"name":"(anonymous_45)","decl":{"start":{"line":428,"column":42},"end":{"line":428,"column":43}},"loc":{"start":{"line":428,"column":65},"end":{"line":431,"column":5}},"line":428},"46":{"name":"(anonymous_46)","decl":{"start":{"line":433,"column":42},"end":{"line":433,"column":43}},"loc":{"start":{"line":433,"column":65},"end":{"line":436,"column":5}},"line":433},"47":{"name":"(anonymous_47)","decl":{"start":{"line":438,"column":39},"end":{"line":438,"column":40}},"loc":{"start":{"line":438,"column":62},"end":{"line":441,"column":5}},"line":438},"48":{"name":"(anonymous_48)","decl":{"start":{"line":443,"column":42},"end":{"line":443,"column":43}},"loc":{"start":{"line":443,"column":65},"end":{"line":446,"column":5}},"line":443},"49":{"name":"(anonymous_49)","decl":{"start":{"line":448,"column":42},"end":{"line":448,"column":43}},"loc":{"start":{"line":448,"column":65},"end":{"line":451,"column":5}},"line":448},"50":{"name":"(anonymous_50)","decl":{"start":{"line":455,"column":28},"end":{"line":455,"column":29}},"loc":{"start":{"line":455,"column":40},"end":{"line":457,"column":5}},"line":455},"51":{"name":"(anonymous_51)","decl":{"start":{"line":459,"column":28},"end":{"line":459,"column":29}},"loc":{"start":{"line":459,"column":51},"end":{"line":462,"column":5}},"line":459},"52":{"name":"(anonymous_52)","decl":{"start":{"line":464,"column":31},"end":{"line":464,"column":32}},"loc":{"start":{"line":464,"column":54},"end":{"line":467,"column":5}},"line":464},"53":{"name":"(anonymous_53)","decl":{"start":{"line":469,"column":31},"end":{"line":469,"column":32}},"loc":{"start":{"line":469,"column":54},"end":{"line":472,"column":5}},"line":469},"54":{"name":"(anonymous_54)","decl":{"start":{"line":476,"column":33},"end":{"line":476,"column":34}},"loc":{"start":{"line":476,"column":45},"end":{"line":478,"column":5}},"line":476},"55":{"name":"(anonymous_55)","decl":{"start":{"line":480,"column":32},"end":{"line":480,"column":33}},"loc":{"start":{"line":480,"column":55},"end":{"line":483,"column":5}},"line":480},"56":{"name":"(anonymous_56)","decl":{"start":{"line":485,"column":35},"end":{"line":485,"column":36}},"loc":{"start":{"line":485,"column":58},"end":{"line":488,"column":5}},"line":485},"57":{"name":"(anonymous_57)","decl":{"start":{"line":490,"column":35},"end":{"line":490,"column":36}},"loc":{"start":{"line":490,"column":58},"end":{"line":493,"column":5}},"line":490},"58":{"name":"(anonymous_58)","decl":{"start":{"line":495,"column":42},"end":{"line":495,"column":43}},"loc":{"start":{"line":495,"column":63},"end":{"line":497,"column":5}},"line":495},"59":{"name":"(anonymous_59)","decl":{"start":{"line":499,"column":40},"end":{"line":499,"column":41}},"loc":{"start":{"line":499,"column":63},"end":{"line":502,"column":5}},"line":499},"60":{"name":"(anonymous_60)","decl":{"start":{"line":504,"column":43},"end":{"line":504,"column":44}},"loc":{"start":{"line":504,"column":66},"end":{"line":507,"column":5}},"line":504},"61":{"name":"(anonymous_61)","decl":{"start":{"line":509,"column":39},"end":{"line":509,"column":40}},"loc":{"start":{"line":509,"column":61},"end":{"line":512,"column":5}},"line":509},"62":{"name":"(anonymous_62)","decl":{"start":{"line":516,"column":40},"end":{"line":516,"column":41}},"loc":{"start":{"line":516,"column":52},"end":{"line":519,"column":5}},"line":516},"63":{"name":"(anonymous_63)","decl":{"start":{"line":521,"column":40},"end":{"line":521,"column":41}},"loc":{"start":{"line":521,"column":63},"end":{"line":539,"column":5}},"line":521},"64":{"name":"(anonymous_64)","decl":{"start":{"line":541,"column":43},"end":{"line":541,"column":44}},"loc":{"start":{"line":541,"column":66},"end":{"line":583,"column":5}},"line":541},"65":{"name":"(anonymous_65)","decl":{"start":{"line":585,"column":43},"end":{"line":585,"column":44}},"loc":{"start":{"line":585,"column":66},"end":{"line":592,"column":5}},"line":585},"66":{"name":"(anonymous_66)","decl":{"start":{"line":594,"column":45},"end":{"line":594,"column":46}},"loc":{"start":{"line":594,"column":68},"end":{"line":604,"column":5}},"line":594},"67":{"name":"(anonymous_67)","decl":{"start":{"line":606,"column":35},"end":{"line":606,"column":36}},"loc":{"start":{"line":606,"column":47},"end":{"line":608,"column":5}},"line":606},"68":{"name":"(anonymous_68)","decl":{"start":{"line":611
[...]
ine":92,"column":1}},"line":87},"4":{"name":"contarMesesDesde28","decl":{"start":{"line":97,"column":9},"end":{"line":97,"column":27}},"loc":{"start":{"line":97,"column":81},"end":{"line":111,"column":1}},"line":97},"5":{"name":"generarDescripcionRandom","decl":{"start":{"line":116,"column":9},"end":{"line":116,"column":33}},"loc":{"start":{"line":116,"column":36},"end":{"line":120,"column":1}},"line":116},"6":{"name":"generarArrayMeses","decl":{"start":{"line":129,"column":9},"end":{"line":129,"column":26}},"loc":{"start":{"line":129,"column":70},"end":{"line":144,"column":1}},"line":129},"7":{"name":"parseIpcDate","decl":{"start":{"line":146,"column":9},"end":{"line":146,"column":21}},"loc":{"start":{"line":146,"column":29},"end":{"line":154,"column":1}},"line":146},"8":{"name":"contarAniosCompletos","decl":{"start":{"line":156,"column":9},"end":{"line":156,"column":29}},"loc":{"start":{"line":156,"column":52},"end":{"line":166,"column":1}},"line":156},"9":{"name":"calcularMontoIpc","decl":{"start":{"line":168,"column":9},"end":{"line":168,"column":25}},"loc":{"start":{"line":168,"column":74},"end":{"line":176,"column":1}},"line":168},"10":{"name":"esMensualActivo","decl":{"start":{"line":186,"column":9},"end":{"line":186,"column":24}},"loc":{"start":{"line":186,"column":71},"end":{"line":192,"column":1}},"line":186},"11":{"name":"calcularImpuestosDesdeRruto","decl":{"start":{"line":199,"column":9},"end":{"line":199,"column":36}},"loc":{"start":{"line":199,"column":48},"end":{"line":206,"column":1}},"line":199},"12":{"name":"(anonymous_12)","decl":{"start":{"line":200,"column":28},"end":{"line":200,"column":29}},"loc":{"start":{"line":200,"column":42},"end":{"line":205,"column":5}},"line":200},"13":{"name":"agregarImpuestosPuntualesPorMes","decl":{"start":{"line":214,"column":9},"end":{"line":214,"column":40}},"loc":{"start":{"line":214,"column":82},"end":{"line":224,"column":1}},"line":214},"14":{"name":"(anonymous_14)","decl":{"start":{"line":215,"column":21},"end":{"line":215,"column":22}},"loc":{"start":{"line":215,"column":26},"end":{"line":223,"column":5}},"line":215},"15":{"name":"(anonymous_15)","decl":{"start":{"line":218,"column":42},"end":{"line":218,"column":43}},"loc":{"start":{"line":218,"column":47},"end":{"line":218,"column":60}},"line":218},"16":{"name":"agregarImpuestosMensualesPorMes","decl":{"start":{"line":233,"column":9},"end":{"line":233,"column":40}},"loc":{"start":{"line":233,"column":90},"end":{"line":243,"column":1}},"line":233},"17":{"name":"(anonymous_17)","decl":{"start":{"line":234,"column":21},"end":{"line":234,"column":22}},"loc":{"start":{"line":234,"column":26},"end":{"line":242,"column":5}},"line":234},"18":{"name":"(anonymous_18)","decl":{"start":{"line":236,"column":26},"end":{"line":236,"column":27}},"loc":{"start":{"line":236,"column":31},"end":{"line":240,"column":13}},"line":236},"19":{"name":"agregarPuntualesPorMes","decl":{"start":{"line":251,"column":9},"end":{"line":251,"column":31}},"loc":{"start":{"line":251,"column":71},"end":{"line":259,"column":1}},"line":251},"20":{"name":"(anonymous_20)","decl":{"start":{"line":252,"column":26},"end":{"line":252,"column":27}},"loc":{"start":{"line":252,"column":31},"end":{"line":258,"column":5}},"line":252},"21":{"name":"(anonymous_21)","decl":{"start":{"line":254,"column":35},"end":{"line":254,"column":36}},"loc":{"start":{"line":254,"column":40},"end":{"line":254,"column":53}},"line":254},"22":{"name":"agregarMensualesPorMes","decl":{"start":{"line":268,"column":9},"end":{"line":268,"column":31}},"loc":{"start":{"line":268,"column":82},"end":{"line":276,"column":1}},"line":268},"23":{"name":"(anonymous_23)","decl":{"start":{"line":269,"column":26},"end":{"line":269,"column":27}},"loc":{"start":{"line":269,"column":31},"end":{"line":275,"column":5}},"line":269},"24":{"name":"(anonymous_24)","decl":{"start":{"line":270,"column":22},"end":{"line":270,"column":23}},"loc":{"start":{"line":270,"column":27},"end":{"line":274,"column":9}},"line":270}},"branchMap":{"0":{"loc":{"start":{"line":13,"column":4},"end":{"line":15,"column":5}},"type":"if","locations":[{"start":{"line":13,"column":4},"end":{"line":15,"column":5}},{"start":{},"end":{}}],"line":13},"1":{"loc":{"start":{"line":30,"column":17},"end":{"line":30,"column":39}},"type":"binary-expr","locations":[{"start":{"line":30,"column":17},"end":{"line":30,"column":34}},{"start":{"line":30,"column":38},"end":{"line":30,"column":39}}],"line":30},"2":{"loc":{"start":{"line":43,"column":26},"end":{"line":46,"column":8}},"type":"binary-expr","locations":[{"start":{"line":43,"column":26},"end":{"line":43,"column":31}},{"start":{"line":43,"column":35},"end":{"line":46,"column":8}}],"line":43},"3":{"loc":{"start":{"line":53,"column":4},"end":{"line":58,"column":5}},"type":"if","locations":[{"start":{"line":53,"column":4},"end":{"line":58,"column":5}},{"start":{},"end":{}}],"line":53},"4":{"loc":{"start":{"line":74,"column":17},"end":{"line":74,"column":39}},"type":"binary-expr","locations":[{"start":{"line":74,"column":17},"end":{"line":74,"column":34}},{"start":{"line":74,"column":38},"end":{"line":74,"column":39}}],"line":74},"5":{"loc":{"start":{"line":89,"column":4},"end":{"line":90,"column":88}},"type":"if","locations":[{"start":{"line":89,"column":4},"end":{"line":90,"column":88}},{"start":{"line":90,"column":9},"end":{"line":90,"column":88}}],"line":89},"6":{"loc":{"start":{"line":90,"column":9},"end":{"line":90,"column":88}},"type":"if","locations":[{"start":{"line":90,"column":9},"end":{"line":90,"column":88}},{"start":{},"end":{}}],"line":90},"7":{"loc":{"start":{"line":101,"column":18},"end":{"line":101,"column":90}},"type":"cond-expr","locations":[{"start":{"line":101,"column":34},"end":{"line":101,"column":65}},{"start":{"line":101,"column":68},"end":{"line":101,"column":90}}],"line":101},"8":{"loc":{"start":{"line":106,"column":11},"end":{"line":106,"column":47}},"type":"binary-expr","locations":[{"start":{"line":106,"column":11},"end":{"line":106,"column":27}},{"start":{"line":106,"column":31},"end":{"line":106,"column":47}}],"line":106},"9":{"loc":{"start":{"line":107,"column":8},"end":{"line":107,"column":41}},"type":"if","locations":[{"start":{"line":107,"column":8},"end":{"line":107,"column":41}},{"start":{},"end":{}}],"line":107},"10":{"loc":{"start":{"line":129,"column":41},"end":{"line":129,"column":68}},"type":"default-arg","locations":[{"start":{"line":129,"column":56},"end":{"line":129,"column":68}}],"line":129},"11":{"loc":{"start":{"line":130,"column":22},"end":{"line":130,"column":73}},"type":"cond-expr","locations":[{"start":{"line":130,"column":50},"end":{"line":130,"column":65}},{"start":{"line":130,"column":68},"end":{"line":130,"column":73}}],"line":130},"12":{"loc":{"start":{"line":131,"column":22},"end":{"line":131,"column":73}},"type":"cond-expr","locations":[{"start":{"line":131,"column":50},"end":{"line":131,"column":65}},{"start":{"line":131,"column":68},"end":{"line":131,"column":73}}],"line":131},"13":{"loc":{"start":{"line":147,"column":4},"end":{"line":147,"column":28}},"type":"if","locations":[{"start":{"line":147,"column":4},"end":{"line":147,"column":28}},{"start":{},"end":{}}],"line":147},"14":{"loc":{"start":{"line":148,"column":4},"end":{"line":148,"column":44}},"type":"if","locations":[{"start":{"line":148,"column":4},"end":{"line":148,"column":44}},{"start":{},"end":{}}],"line":148},"15":{"loc":{"start":{"line":149,"column":4},"end":{"line":152,"column":5}},"type":"if","locations":[{"start":{"line":149,"column":4},"end":{"line":152,"column":5}},{"start":{},"end":{}}],"line":149},"16":{"loc":{"start":{"line":157,"column":4},"end":{"line":159,"column":5}},"type":"if","locations":[{"start":{"line":157,"column":4},"end":{"line":159,"column":5}},{"start":{},"end":{}}],"line":157},"17":{"loc":{"start":{"line":157,"column":8},"end":{"line":157,"column":106}},"type":"binary-expr","locations":[{"start":{"line":157,"column":8},"end":{"line":157,"column":18}},{"start":{"line":157,"column":22},"end":{"line":157,"column":32}},{"start":{"line":157,"column":36},"end":{"line":157,"column":69}},{"start":{"line":157,"column":73},"end":{"line":157,"column":106}}],"line":157},"18":{"loc":{"start":{"line":160,"column":4},"end":{"line":160,"column":40}},"type":"if","locations":[{"start":{"line":160,"column":4},"end":{"line":160,"column":40}},{"start":{},"end":{}}],"line":160},"19":{"loc":{"start":{"line":164,"column":4},"end":{"line":164,"column":44}},"type":"if","locations":[{"start":{"line":164,"column":4},"end":{"line":164,"column":44}},{"start":{},"end":{}}],"line":164},"20":{"loc":{"start":{"line":170,"column":4},"end":{"line":170,"column":39}},"type":"if","locations":[{"start":{"line":170,"column":4},"end":{"line":170,"column":39}},{"start":{},"end":{}}],"line":170},"21":{"loc":{"start":{"line":170,"column":8},"end":{"line":170,"column":24}},"type":"binary-expr","locations":[{"start":{"line":170,"column":8},"end":{"line":170,"column":12}},{"start":{"line":170,"column":16},"end":{"line":170,"column":24}}],"line":170},"22":{"loc":{"start":{"line":174,"column":4},"end":{"line":174,"column":33}},"type":"if","locations":[{"start":{"line":174,"column":4},"end":{"line":174,"column":33}},{"start":{},"end":{}}],"line":174},"23":{"loc":{"start":{"line":189,"column":18},"end":{"line":189,"column":90}},"type":"cond-expr","locations":[{"start":{"line":189,"column":34},"end":{"line":189,"column":65}},{"start":{"line":189,"column":68},"end":{"line":189,"column":90}}],"line":189},"24":{"loc":{"start":{"line":191,"column":11},"end":{"line":191,"column":68}},"type":"binary-expr","locations":[{"start":{"line":191,"column":11},"end":{"line":191,"column":28}},{"start":{"line":191,"column":32},"end":{"line":191,"column":46}},{"start":{"line":191,"column":50},"end":{"line":191,"column":68}}],"line":191},"25":{"loc":{"start":{"line":201,"column":8},"end":{"line":203,"column":9}},"type":"if","locations":[{"start":{"line":201,"column":8},"end":{"line":203,"column":9}},{"start":{},"end":{}}],"line":201},"26":{"loc":{"start":{"line":201,"column":12},"end":{"line":201,"column":42}},"type":"binary-expr","locations":[{"start":{"line":201,"column":12},"end":{"line":201,"column":19}},{"start":{"line":201,"column":23},"end":{"line":201,"column":42}}],"line":201},"27":{"loc":{"start":{"line":214,"column":61},"end":{"line":214,"column":80}},"type":"default-arg","locations":[{"start":{"line":214,"column":69},"end":{"line":214,"column":80}}],"line":214},"28":{"loc":{"start":{"line":216,"column":8},"end":{"line":222,"column":9}},"type":"if","locations":[{"start":{"line":216,"column":8},"end":{"line":222,"column":9}},{"start":{},"end":{}}],"line":216},"29":{"loc":{"start":{"line":216,"column":12},"end":{"line":216,"column":42}},"type":"binary-expr","locations":[{"start":{"line":216,"column":12},"end":{"line":216,"column":19}},{"start":{"line":216,"column":23},"end":{"line":216,"column":42}}],"line":216},"30":{"loc":{"start":{"line":219,"column":12},"end":{"line":221,"column":13}},"type":"if","locations":[{"start":{"line":219,"column":12},"end":{"line":221,"column":13}},{"start":{},"end":{}}],"line":219},"31":{"loc":{"start":{"line":220,"column":34},"end":{"line":220,"column":53}},"type":"binary-expr","locations":[{"start":{"line":220,"column":34},"end":{"line":220,"column":48}},{"start":{"line":220,"column":52},"end":{"line":220,"column":53}}],"line":220},"32":{"loc":{"start":{"line":233,"column":69},"end":{"line":233,"column":88}},"type":"default-arg","locations":[{"start":{"line":233,"column":77},"end":{"line":233,"column":88}}],"line":233},"33":{"loc":{"start":{"line":235,"column":8},"end":{"line":241,"column":9}},"type":"if","locations":[{"start":{"line":235,"column":8},"end":{"line":241,"column":9}},{"start":{},"end":{}}],"line":235},"34":{"loc":{"start":{"line":235,"column":12},"end":{"line":235,"column":42}},"type":"binary-expr","locations":[{"start":{"line":235,"column":12},"end":{"line":235,"column":19}},{"start":{"line":235,"column":23},"end":{"line":235,"column":42}}],"line":235},"35":{"loc":{"start":{"line":237,"column":16},"end":{"line":239,"column":17}},"type":"if","locations":[{"start":{"line":237,"column":16},"end":{"line":239,"column":17}},{"start":{},"end":{}}],"line":237},"36":{"loc":{"start":{"line":238,"column":32},"end":{"line":238,"column":45}},"type":"binary-expr","locations":[{"start":{"line":238,"column":32},"end":{"line":238,"column":40}},{"start":{"line":238,"column":44},"end":{"line":238,"column":45}}],"line":238},"37":{"loc":{"start":{"line":251,"column":54},"end":{"line":251,"column":69}},"type":"default-arg","locations":[{"start":{"line":251,"column":62},"end":{"line":251,"column":69}}],"line":251},"38":{"loc":{"start":{"line":255,"column":8},"end":{"line":257,"column":9}},"type":"if","locations":[{"start":{"line":255,"column":8},"end":{"line":257,"column":9}},{"start":{},"end":{}}],"line":255},"39":{"loc":{"start":{"line":256,"column":30},"end":{"line":256,"column":49}},"type":"binary-expr","locations":[{"start":{"line":256,"column":30},"end":{"line":256,"column":44}},{"start":{"line":256,"column":48},"end":{"line":256,"column":49}}],"line":256},"40":{"loc":{"start":{"line":268,"column":65},"end":{"line":268,"column":80}},"type":"default-arg","locations":[{"start":{"line":268,"column":73},"end":{"line":268,"column":80}}],"line":268},"41":{"loc":{"start":{"line":271,"column":12},"end":{"line":273,"column":13}},"type":"if","locations":[{"start":{"line":271,"column":12},"end":{"line":273,"column":13}},{"start":{},"end":{}}],"line":271},"42":{"loc":{"start":{"line":272,"column":28},"end":{"line":272,"column":41}},"type":"binary-expr","locations":[{"start":{"line":272,"column":28},"end":{"line":272,"column":36}},{"start":{"line":272,"column":40},"end":{"line":272,"column":41}}],"line":272}},"s":{"0":2,"1":2,"2":2,"3":0,"4":2,"5":2,"6":2,"7":2,"8":2,"9":2,"10":2,"11":2,"12":10,"13":10,"14":10,"15":2,"16":0,"17":0,"18":0,"19":0,"20":0,"21":0,"22":0,"23":0,"24":0,"25":0,"26":0,"27":0,"28":0,"29":0,"30":0,"31":0,"32":0,"33":0,"34":0,"35":0,"36":0,"37":0,"38":0,"39":0,"40":0,"41":0,"42":6,"43":6,"44":3,"45":3,"46":3,"47":6,"48":0,"49":0,"50":0,"51":0,"52":0,"53":0,"54":0,"55":0,"56":0,"57":0,"58":0,"59":0,"60":0,"61":0,"62":10,"63":10,"64":10,"65":10,"66":10,"67":10,"68":27,"69":27,"70":27,"71":10,"72":5,"73":0,"74":5,"75":1,"76":4,"77":2,"78":2,"79":2,"80":4,"81":0,"82":4,"83":0,"84":4,"85":4,"86":4,"87":4,"88":1,"89":4,"90":3,"91":3,"92":1,"93":2,"94":2,"95":2,"96":2,"97":0,"98":2,"99":5,"100":5,"101":5,"102":5,"103":0,"104":0,"105":0,"106":0,"107":2,"108":0,"109":0,"110":0,"111":0,"112":0,"113":0,"114":2,"115":0,"116":0,"117":0,"118":0,"119":6,"120":3,"121":3,"122":4,"123":3,"124":3,"125":3,"126":1,"127":3,"128":2,"129":23},"f":{"0":2,"1":0,"2":0,"3":6,"4":0,"5":0,"6":10,"7":5,"8":4,"9":3,"10":5,"11":0,"12":0,"13":2,"14":0,"15":0,"16":2,"17":0,"18":0,"19":6,"20":3,"21":4,"22":3,"23":1,"24":3},"b":{"0":[0,2],"1":[10,0],"2":[0,0],"3":[0,0],"4":[0,0],"5":[3,3],"6":[3,0],"7":[0,0],"8":[0,0],"9":[0,0],"10":[2],"11":[10,0],"12":[10,0],"13":[0,5],"14":[1,4],"15":[2,2],"16":[0,4],"17":[4,4,4,4],"18":[0,4],"19":[1,3],"20":[1,2],"21":[3,2],"22":[0,2],"23":[5,0],"24":[5,5,3],"25":[0,0],"26":[0,0],"27":[0],"28":[0,0],"29":[0,0],"30":[0,0],"31":[0,0],"32":[0],"33":[0,0],"34":[0,0],"35":[0,0],"36":[0,0],"37":[0],"38":[3,0],"39":[3,2],"40":[0],"41":[2,1],"42":[2,2]},"_coverageSchema":"1a1c01bbd47fc00a2c39e90264f33305004495a9","hash":"3df7be29ef6b1b1d93314707bf06a7475d4ac164"}
,"D:\\Proyectos\\VBCprojectes\\DashBoardEconomic\\src\\utils\\dbHelpers.js": {"path":"D:\\Proyectos\\VBCprojectes\\DashBoardEconomic\\src\\utils\\dbHelpers.js","statementMap":{"0":{"start":{"line":6,"column":4},"end":{"line":11,"column":7}},"1":{"start":{"line":7,"column":8},"end":{"line":10,"column":11}},"2":{"start":{"line":8,"column":12},"end":{"line":9,"column":31}},"3":{"start":{"line":8,"column":21},"end":{"line":8,"column":33}},"4":{"start":{"line":9,"column":17},"end":{"line":9,"column":31}},"5":{"start":{"line":15,"column":4},"end":{"line":20,"column":7}},"6":{"start":{"line":16,"column":8},"end":{"line":19,"column":11}},"7":{"start":{"line":17,"column":12},"end":{"line":18,"column":30}},"8":{"start":{"line":17,"column":21},"end":{"line":17,"column":33}},"9":{"start":{"line":18,"column":17},"end":{"line":18,"column":30}},"10":{"start":{"line":24,"column":4},"end":{"line":29,"column":7}},"11":{"start":{"line":25,"column":8},"end":{"line":28,"column":11}},"12":{"start":{"line":26,"column":12},"end":{"line":27,"column":31}},"13":{"start":{"line":26,"column":21},"end":{"line":26,"column":33}},"14":{"start":{"line":27,"column":17},"end":{"line":27,"column":31}},"15":{"start":{"line":32,"column":0},"end":{"line":32,"column":41}}},"fnMap":{"0":{"name":"dbRun","decl":{"start":{"line":5,"column":9},"end":{"line":5,"column":14}},"loc":{"start":{"line":5,"column":37},"end":{"line":12,"column":1}},"line":5},"1":{"name":"(anonymous_1)","decl":{"start":{"line":6,"column":23},"end":{"line":6,"column":24}},"loc":{"start":{"line":6,"column":44},"end":{"line":11,"column":5}},"line":6},"2":{"name":"(anonymous_2)","decl":{"start":{"line":7,"column":28},"end":{"line":7,"column":29}},"loc":{"start":{"line":7,"column":43},"end":{"line":10,"column":9}},"line":7},"3":{"name":"dbGet","decl":{"start":{"line":14,"column":9},"end":{"line":14,"column":14}},"loc":{"start":{"line":14,"column":37},"end":{"line":21,"column":1}},"line":14},"4":{"name":"(anonymous_4)","decl":{"start":{"line":15,"column":23},"end":{"line":15,"column":24}},"loc":{"start":{"line":15,"column":44},"end":{"line":20,"column":5}},"line":15},"5":{"name":"(anonymous_5)","decl":{"start":{"line":16,"column":28},"end":{"line":16,"column":29}},"loc":{"start":{"line":16,"column":42},"end":{"line":19,"column":9}},"line":16},"6":{"name":"dbAll","decl":{"start":{"line":23,"column":9},"end":{"line":23,"column":14}},"loc":{"start":{"line":23,"column":37},"end":{"line":30,"column":1}},"line":23},"7":{"name":"(anonymous_7)","decl":{"start":{"line":24,"column":23},"end":{"line":24,"column":24}},"loc":{"start":{"line":24,"column":44},"end":{"line":29,"column":5}},"line":24},"8":{"name":"(anonymous_8)","decl":{"start":{"line":25,"column":28},"end":{"line":25,"column":29}},"loc":{"start":{"line":25,"column":43},"end":{"line":28,"column":9}},"line":25}},"branchMap":{"0":{"loc":{"start":{"line":5,"column":24},"end":{"line":5,"column":35}},"type":"default-arg","locations":[{"start":{"line":5,"column":33},"end":{"line":5,"column":35}}],"line":5},"1":{"loc":{"start":{"line":8,"column":12},"end":{"line":9,"column":31}},"type":"if","locations":[{"start":{"line":8,"column":12},"end":{"line":9,"column":31}},{"start":{"line":9,"column":17},"end":{"line":9,"column":31}}],"line":8},"2":{"loc":{"start":{"line":14,"column":24},"end":{"line":14,"column":35}},"type":"default-arg","locations":[{"start":{"line":14,"column":33},"end":{"line":14,"column":35}}],"line":14},"3":{"loc":{"start":{"line":17,"column":12},"end":{"line":18,"column":30}},"type":"if","locations":[{"start":{"line":17,"column":12},"end":{"line":18,"column":30}},{"start":{"line":18,"column":17},"end":{"line":18,"column":30}}],"line":17},"4":{"loc":{"start":{"line":23,"column":24},"end":{"line":23,"column":35}},"type":"default-arg","locations":[{"start":{"line":23,"column":33},"end":{"line":23,"column":35}}],"line":23},"5":{"loc":{"start":{"line":26,"column":12},"end":{"line":27,"column":31}},"type":"if","locations":[{"start":{"line":26,"column":12},"end":{"line":27,"column":31}},{"start":{"line":27,"column":17},"end":{"line":27,"column":31}}],"line":26}},"s":{"0":336,"1":336,"2":336,"3":0,"4":336,"5":48,"6":48,"7":48,"8":0,"9":48,"10":29,"11":29,"12":29,"13":0,"14":29,"15":1},"f":{"0":336,"1":336,"2":336,"3":48,"4":48,"5":48,"6":29,"7":29,"8":29},"b":{"0":[251],"1":[0,336],"2":[14],"3":[0,48],"4":[25],"5":[0,29]},"_coverageSchema":"1a1c01bbd47fc00a2c39e90264f33305004495a9","hash":"1bb244c6940ac0b70ffce0aa3f146ca84010f618"}
}
