TN:
SF:src\config\config.js
FN:27,(anonymous_0)
FNF:1
FNH:1
FNDA:25,(anonymous_0)
DA:1,25
DA:28,25
DA:29,25
DA:30,25
DA:32,0
DA:33,0
LF:6
LH:4
BRDA:3,0,0,25
BRDA:3,0,1,25
BRDA:6,1,0,25
BRDA:6,1,1,0
BRDA:9,2,0,25
BRDA:9,2,1,25
BRDA:14,3,0,25
BRDA:14,3,1,25
BRDA:22,4,0,25
BRDA:22,4,1,25
BRDA:29,5,0,25
BRDA:29,5,1,0
BRDA:29,6,0,25
BRDA:29,6,1,0
BRDA:30,7,0,0
BRDA:30,7,1,25
BRDA:33,8,0,0
BRDA:33,8,1,0
BRDA:37,9,0,25
BRDA:37,9,1,0
BRF:20
BRH:13
end_of_record
TN:
SF:src\config\database.js
FN:8,resolveDbPath
FN:14,initDb
FN:20,setDbPath
FN:24,(anonymous_3)
FN:26,(anonymous_4)
FN:32,getDbPath
FN:36,getDb
FN:43,(anonymous_7)
FNF:8
FNH:7
FNDA:31,resolveDbPath
FNDA:28,initDb
FNDA:3,setDbPath
FNDA:3,(anonymous_3)
FNDA:3,(anonymous_4)
FNDA:1,getDbPath
FNDA:0,getDb
FNDA:419,(anonymous_7)
DA:1,25
DA:2,25
DA:3,25
DA:5,25
DA:6,25
DA:9,31
DA:10,6
DA:11,0
DA:15,28
DA:16,28
DA:17,28
DA:21,3
DA:22,3
DA:24,3
DA:25,3
DA:26,3
DA:29,3
DA:33,1
DA:37,0
DA:40,25
DA:42,25
DA:44,419
DA:45,416
DA:46,414
DA:48,414
DA:49,0
DA:52,414
DA:53,414
DA:54,414
DA:56,0
DA:60,25
LF:31
LH:27
BRDA:9,0,0,25
BRDA:9,0,1,6
BRDA:10,1,0,6
BRDA:10,1,1,0
BRDA:22,2,0,0
BRDA:22,2,1,3
BRDA:22,3,0,3
BRDA:22,3,1,0
BRDA:25,4,0,0
BRDA:25,4,1,3
BRDA:26,5,0,0
BRDA:26,5,1,3
BRDA:44,6,0,3
BRDA:44,6,1,416
BRDA:45,7,0,2
BRDA:45,7,1,414
BRDA:46,8,0,0
BRDA:46,8,1,414
BRDA:48,9,0,0
BRDA:48,9,1,414
BRDA:53,10,0,414
BRDA:53,10,1,0
BRF:22
BRH:14
end_of_record
TN:
SF:src\config\userManager.js
FN:11,ensureDir
FN:17,ensureUsersRoot
FN:21,normalizeUserName
FN:36,listUsers
FN:39,(anonymous_4)
FN:40,(anonymous_5)
FN:41,(anonymous_6)
FN:42,(anonymous_7)
FN:45,getUserPaths
FN:57,ensureUserFolders
FN:65,readLastUser
FN:75,saveLastUser
FN:80,readUserProfile
FN:91,saveUserProfile
FN:98,setUserIcon
FNF:15
FNH:12
FNDA:19,ensureDir
FNDA:4,ensureUsersRoot
FNDA:10,normalizeUserName
FNDA:1,listUsers
FNDA:4,(anonymous_4)
FNDA:4,(anonymous_5)
FNDA:4,(anonymous_6)
FNDA:3,(anonymous_7)
FNDA:5,getUserPaths
FNDA:5,ensureUserFolders
FNDA:2,readLastUser
FNDA:3,saveLastUser
FNDA:0,readUserProfile
FNDA:0,saveUserProfile
FNDA:0,setUserIcon
DA:1,1
DA:2,1
DA:3,1
DA:5,1
DA:8,1
DA:9,1
DA:12,19
DA:13,6
DA:18,4
DA:22,10
DA:23,0
DA:25,10
DA:26,10
DA:27,0
DA:30,10
DA:31,0
DA:33,10
DA:37,1
DA:38,1
DA:39,4
DA:40,4
DA:41,4
DA:42,3
DA:46,5
DA:47,5
DA:48,5
DA:58,5
DA:59,5
DA:60,5
DA:61,5
DA:62,5
DA:66,2
DA:67,2
DA:68,0
DA:69,0
DA:71,0
DA:76,3
DA:77,3
DA:81,0
DA:82,0
DA:83,0
DA:84,0
DA:85,0
DA:87,0
DA:92,0
DA:93,0
DA:94,0
DA:95,0
DA:99,0
DA:100,0
DA:101,0
DA:104,1
LF:52
LH:33
BRDA:5,0,0,0
BRDA:5,0,1,1
BRDA:12,1,0,6
BRDA:12,1,1,13
BRDA:22,2,0,0
BRDA:22,2,1,10
BRDA:26,3,0,0
BRDA:26,3,1,10
BRDA:30,4,0,0
BRDA:30,4,1,10
BRDA:67,5,0,2
BRDA:67,5,1,0
BRDA:69,6,0,0
BRDA:69,6,1,0
BRDA:69,7,0,0
BRDA:69,7,1,0
BRDA:83,8,0,0
BRDA:83,8,1,0
BRDA:85,9,0,0
BRDA:85,9,1,0
BRDA:85,10,0,0
BRDA:85,10,1,0
BRDA:94,11,0,0
BRDA:94,11,1,0
BRDA:95,12,0,0
BRDA:95,12,1,0
BRF:26
BRH:7
end_of_record
TN:
SF:src\database\migrationRunner.js
FN:12,initMigrationsTable
FN:26,getExecutedMigrations
FN:28,(anonymous_2)
FN:34,recordMigration
FN:41,getAvailableMigrations
FN:48,(anonymous_5)
FN:51,(anonymous_6)
FN:66,runMigrations
FN:75,(anonymous_8)
FN:101,(anonymous_9)
FNF:10
FNH:9
FNDA:4,initMigrationsTable
FNDA:4,getExecutedMigrations
FNDA:14,(anonymous_2)
FNDA:42,recordMigration
FNDA:4,getAvailableMigrations
FNDA:56,(anonymous_5)
FNDA:56,(anonymous_6)
FNDA:4,runMigrations
FNDA:56,(anonymous_8)
FNDA:0,(anonymous_9)
DA:1,1
DA:2,1
DA:3,1
DA:4,1
DA:6,1
DA:7,1
DA:13,4
DA:27,4
DA:28,14
DA:35,42
DA:42,4
DA:43,0
DA:44,0
DA:47,4
DA:48,56
DA:51,4
DA:52,56
DA:53,56
DA:54,56
DA:67,4
DA:69,4
DA:71,4
DA:72,4
DA:74,4
DA:75,56
DA:78,4
DA:79,1
DA:80,1
DA:83,3
DA:85,3
DA:86,42
DA:87,42
DA:89,42
DA:91,42
DA:92,0
DA:95,42
DA:96,42
DA:97,42
DA:98,42
DA:99,42
DA:101,0
DA:102,0
DA:105,42
DA:107,0
DA:108,0
DA:112,3
DA:115,1
LF:47
LH:40
BRDA:42,0,0,0
BRDA:42,0,1,4
BRDA:53,1,0,0
BRDA:53,1,1,56
BRDA:78,2,0,1
BRDA:78,2,1,3
BRDA:91,3,0,0
BRDA:91,3,1,42
BRF:8
BRH:5
end_of_record
TN:
SF:src\ipc\ipcHandlers.js
FN:59,getActiveUser
FN:63,setActiveUser
FN:68,getUploadsDir
FN:77,validateImportItem
FN:100,importBatchWithTransaction
FN:153,registerIpcHandlers
FN:158,(anonymous_6)
FN:158,(anonymous_7)
FN:179,(anonymous_8)
FN:186,(anonymous_9)
FN:199,(anonymous_10)
FN:206,(anonymous_11)
FN:211,(anonymous_12)
FN:215,(anonymous_13)
FN:221,(anonymous_14)
FN:225,(anonymous_15)
FN:234,(anonymous_16)
FN:239,(anonymous_17)
FN:252,(anonymous_18)
FN:274,(anonymous_19)
FN:285,(anonymous_20)
FN:294,(anonymous_21)
FN:305,(anonymous_22)
FN:310,(anonymous_23)
FN:315,(anonymous_24)
FN:320,(anonymous_25)
FN:325,(anonymous_26)
FN:330,(anonymous_27)
FN:337,(anonymous_28)
FN:342,(anonymous_29)
FN:347,(anonymous_30)
FN:352,(anonymous_31)
FN:357,(anonymous_32)
FN:362,(anonymous_33)
FN:369,(anonymous_34)
FN:374,(anonymous_35)
FN:379,(anonymous_36)
FN:386,(anonymous_37)
FN:391,(anonymous_38)
FN:396,(anonymous_39)
FN:403,(anonymous_40)
FN:407,(anonymous_41)
FN:413,(anonymous_42)
FN:417,(anonymous_43)
FN:423,(anonymous_44)
FN:428,(anonymous_45)
FN:433,(anonymous_46)
FN:438,(anonymous_47)
FN:443,(anonymous_48)
FN:448,(anonymous_49)
FN:455,(anonymous_50)
FN:459,(anonymous_51)
FN:464,(anonymous_52)
FN:469,(anonymous_53)
FN:476,(anonymous_54)
FN:480,(anonymous_55)
FN:485,(anonymous_56)
FN:490,(anonymous_57)
FN:495,(anonymous_58)
FN:499,(anonymous_59)
FN:504,(anonymous_60)
FN:509,(anonymous_61)
FN:516,(anonymous_62)
FN:521,(anonymous_63)
FN:541,(anonymous_64)
FN:585,(anonymous_65)
FN:594,(anonymous_66)
FN:606,(anonymous_67)
FN:611,(anonymous_68)
FN:614,(anonymous_69)
FN:619,(anonymous_70)
FN:625,(anonymous_71)
FN:628,(anonymous_72)
FN:633,(anonymous_73)
FN:640,(anonymous_74)
FN:650,(anonymous_75)
FN:670,(anonymous_76)
FN:690,(anonymous_77)
FN:699,(anonymous_78)
FN:738,(anonymous_79)
FN:752,(anonymous_80)
FN:772,(anonymous_81)
FN:776,(anonymous_82)
FN:780,(anonymous_83)
FN:784,(anonymous_84)
FN:788,(anonymous_85)
FN:792,(anonymous_86)
FN:796,(anonymous_87)
FN:800,(anonymous_88)
FN:804,(anonymous_89)
FN:808,(anonymous_90)
FN:812,(anonymous_91)
FN:816,(anonymous_92)
FN:822,(anonymous_93)
FN:832,(anonymous_94)
FN:860,(anonymous_95)
FN:870,(anonymous_96)
FN:897,(anonymous_97)
FN:913,(anonymous_98)
FN:947,(anonymous_99)
FN:952,(anonymous_100)
FN:956,(anonymous_101)
FN:961,(anonymous_102)
FN:966,(anonymous_103)
FN:967,(anonymous_104)
FN:968,(anonymous_105)
FN:973,(anonymous_106)
FN:978,(anonymous_107)
FN:983,(anonymous_108)
FN:987,(anonymous_109)
FN:991,(anonymous_110)
FN:995,(anonymous_111)
FN:999,(anonymous_112)
FN:1016,(anonymous_113)
FN:1020,(anonymous_114)
FNF:115
FNH:47
FNDA:1,getActiveUser
FNDA:3,setActiveUser
FNDA:0,getUploadsDir
FNDA:3,validateImportItem
FNDA:2,importBatchWithTransaction
FNDA:1,registerIpcHandlers
FNDA:101,(anonymous_6)
FNDA:48,(anonymous_7)
FNDA:0,(anonymous_8)
FNDA:0,(anonymous_9)
FNDA:0,(anonymous_10)
FNDA:0,(anonymous_11)
FNDA:1,(anonymous_12)
FNDA:2,(anonymous_13)
FNDA:0,(anonymous_14)
FNDA:3,(anonymous_15)
FNDA:0,(anonymous_16)
FNDA:0,(anonymous_17)
FNDA:6,(anonymous_18)
FNDA:0,(anonymous_19)
FNDA:1,(anonymous_20)
FNDA:1,(anonymous_21)
FNDA:1,(anonymous_22)
FNDA:1,(anonymous_23)
FNDA:1,(anonymous_24)
FNDA:1,(anonymous_25)
FNDA:1,(anonymous_26)
FNDA:1,(anonymous_27)
FNDA:1,(anonymous_28)
FNDA:1,(anonymous_29)
FNDA:1,(anonymous_30)
FNDA:1,(anonymous_31)
FNDA:1,(anonymous_32)
FNDA:1,(anonymous_33)
FNDA:1,(anonymous_34)
FNDA:0,(anonymous_35)
FNDA:1,(anonymous_36)
FNDA:1,(anonymous_37)
FNDA:1,(anonymous_38)
FNDA:0,(anonymous_39)
FNDA:0,(anonymous_40)
FNDA:0,(anonymous_41)
FNDA:1,(anonymous_42)
FNDA:1,(anonymous_43)
FNDA:1,(anonymous_44)
FNDA:1,(anonymous_45)
FNDA:1,(anonymous_46)
FNDA:1,(anonymous_47)
FNDA:1,(anonymous_48)
FNDA:1,(anonymous_49)
FNDA:0,(anonymous_50)
FNDA:1,(anonymous_51)
FNDA:1,(anonymous_52)
FNDA:1,(anonymous_53)
FNDA:0,(anonymous_54)
FNDA:0,(anonymous_55)
FNDA:0,(anonymous_56)
FNDA:0,(anonymous_57)
FNDA:0,(anonymous_58)
FNDA:0,(anonymous_59)
FNDA:0,(anonymous_60)
FNDA:0,(anonymous_61)
FNDA:0,(anonymous_62)
FNDA:1,(anonymous_63)
FNDA:1,(anonymous_64)
FNDA:1,(anonymous_65)
FNDA:0,(anonymous_66)
FNDA:0,(anonymous_67)
FNDA:0,(anonymous_68)
FNDA:0,(anonymous_69)
FNDA:0,(anonymous_70)
FNDA:0,(anonymous_71)
FNDA:0,(anonymous_72)
FNDA:0,(anonymous_73)
FNDA:0,(anonymous_74)
FNDA:1,(anonymous_75)
FNDA:1,(anonymous_76)
FNDA:1,(anonymous_77)
FNDA:0,(anonymous_78)
FNDA:0,(anonymous_79)
FNDA:0,(anonymous_80)
FNDA:0,(anonymous_81)
FNDA:1,(anonymous_82)
FNDA:0,(anonymous_83)
FNDA:0,(anonymous_84)
FNDA:0,(anonymous_85)
FNDA:0,(anonymous_86)
FNDA:0,(anonymous_87)
FNDA:0,(anonymous_88)
FNDA:0,(anonymous_89)
FNDA:0,(anonymous_90)
FNDA:0,(anonymous_91)
FNDA:0,(anonymous_92)
FNDA:0,(anonymous_93)
FNDA:0,(anonymous_94)
FNDA:0,(anonymous_95)
FNDA:0,(anonymous_96)
FNDA:0,(anonymous_97)
FNDA:0,(anonymous_98)
FNDA:0,(anonymous_99)
FNDA:0,(anonymous_100)
FNDA:0,(anonymous_101)
FNDA:0,(anonymous_102)
FNDA:0,(anonymous_103)
FNDA:0,(anonymous_104)
FNDA:0,(anonymous_105)
FNDA:0,(anonymous_106)
FNDA:0,(anonymous_107)
FNDA:0,(anonymous_108)
FNDA:0,(anonymous_109)
FNDA:0,(anonymous_110)
FNDA:0,(anonymous_111)
FNDA:0,(anonymous_112)
FNDA:0,(anonymous_113)
FNDA:0,(anonymous_114)
DA:5,1
DA:6,1
DA:7,1
DA:8,1
DA:9,1
DA:10,1
DA:11,1
DA:20,1
DA:23,1
DA:24,1
DA:25,1
DA:26,1
DA:27,1
DA:28,1
DA:42,1
DA:45,1
DA:46,1
DA:47,1
DA:48,1
DA:49,1
DA:50,1
DA:51,1
DA:52,1
DA:53,1
DA:54,1
DA:56,1
DA:57,1
DA:60,1
DA:64,3
DA:65,3
DA:69,0
DA:70,0
DA:71,0
DA:73,0
DA:74,0
DA:78,3
DA:79,3
DA:80,3
DA:82,3
DA:83,3
DA:84,3
DA:85,3
DA:86,3
DA:87,3
DA:88,3
DA:89,3
DA:90,3
DA:93,3
DA:94,3
DA:95,0
DA:101,2
DA:102,0
DA:105,2
DA:106,2
DA:107,2
DA:109,2
DA:110,2
DA:111,2
DA:112,3
DA:113,3
DA:114,3
DA:115,3
DA:116,3
DA:118,0
DA:119,0
DA:120,0
DA:124,2
DA:125,2
DA:133,0
DA:134,0
DA:136,0
DA:139,0
DA:157,1
DA:158,101
DA:159,48
DA:160,48
DA:162,0
DA:163,0
DA:168,1
DA:169,1
DA:170,1
DA:171,1
DA:172,1
DA:174,0
DA:179,1
DA:180,0
DA:181,0
DA:182,0
DA:183,0
DA:186,1
DA:187,0
DA:188,0
DA:190,0
DA:191,0
DA:193,0
DA:196,0
DA:199,1
DA:200,0
DA:201,0
DA:202,0
DA:203,0
DA:206,1
DA:207,0
DA:208,0
DA:211,1
DA:212,1
DA:215,1
DA:216,2
DA:217,2
DA:218,2
DA:221,1
DA:222,0
DA:225,1
DA:226,3
DA:227,3
DA:228,3
DA:229,3
DA:230,3
DA:231,3
DA:234,1
DA:235,0
DA:236,0
DA:239,1
DA:240,0
DA:241,0
DA:242,0
DA:243,0
DA:245,0
DA:246,0
DA:247,0
DA:252,1
DA:253,6
DA:255,6
DA:256,0
DA:259,6
DA:260,0
DA:263,6
DA:264,6
DA:265,6
DA:267,0
DA:268,0
DA:270,0
DA:274,1
DA:275,0
DA:276,0
DA:277,0
DA:278,0
DA:285,1
DA:286,1
DA:287,1
DA:288,0
DA:290,1
DA:291,1
DA:294,1
DA:295,1
DA:296,1
DA:297,0
DA:299,1
DA:300,1
DA:305,1
DA:306,1
DA:307,1
DA:310,1
DA:311,1
DA:312,1
DA:315,1
DA:316,1
DA:317,1
DA:320,1
DA:321,1
DA:322,1
DA:325,1
DA:326,1
DA:327,1
DA:330,1
DA:331,1
DA:332,1
DA:337,1
DA:338,1
DA:339,1
DA:342,1
DA:343,1
DA:344,1
DA:347,1
DA:348,1
DA:349,1
DA:352,1
DA:353,1
DA:354,1
DA:357,1
DA:358,1
DA:359,1
DA:362,1
DA:363,1
DA:364,1
DA:369,1
DA:370,1
DA:371,1
DA:374,1
DA:375,0
DA:376,0
DA:379,1
DA:380,1
DA:381,1
DA:386,1
DA:387,1
DA:388,1
DA:391,1
DA:392,1
DA:393,1
DA:396,1
DA:397,0
DA:398,0
DA:403,1
DA:404,0
DA:407,1
DA:408,0
DA:413,1
DA:414,1
DA:417,1
DA:418,1
DA:423,1
DA:424,1
DA:425,1
DA:428,1
DA:429,1
DA:430,1
DA:433,1
DA:434,1
DA:435,1
DA:438,1
DA:439,1
DA:440,1
DA:443,1
DA:444,1
DA:445,1
DA:448,1
DA:449,1
DA:450,1
DA:455,1
DA:456,0
DA:459,1
DA:460,1
DA:461,1
DA:464,1
DA:465,1
DA:466,1
DA:469,1
DA:470,1
DA:471,1
DA:476,1
DA:477,0
DA:480,1
DA:481,0
DA:482,0
DA:485,1
DA:486,0
DA:487,0
DA:490,1
DA:491,0
DA:492,0
DA:495,1
DA:496,0
DA:499,1
DA:500,0
DA:501,0
DA:504,1
DA:505,0
DA:506,0
DA:509,1
DA:510,0
DA:511,0
DA:516,1
DA:517,0
DA:518,0
DA:521,1
DA:522,1
DA:523,1
DA:524,0
DA:527,1
DA:528,1
DA:529,1
DA:530,1
DA:531,0
DA:534,1
DA:538,1
DA:541,1
DA:542,1
DA:543,1
DA:544,0
DA:547,1
DA:548,1
DA:549,0
DA:550,0
DA:551,0
DA:553,0
DA:556,1
DA:557,0
DA:560,1
DA:561,1
DA:562,0
DA:563,0
DA:565,1
DA:568,1
DA:569,1
DA:570,0
DA:573,1
DA:574,1
DA:576,1
DA:582,1
DA:585,1
DA:586,1
DA:587,1
DA:588,0
DA:590,1
DA:591,1
DA:594,1
DA:595,0
DA:596,0
DA:597,0
DA:598,0
DA:599,0
DA:600,0
DA:602,0
DA:603,0
DA:606,1
DA:607,0
DA:611,1
DA:612,0
DA:614,1
DA:615,0
DA:616,0
DA:617,0
DA:619,1
DA:620,0
DA:621,0
DA:625,1
DA:626,0
DA:628,1
DA:629,0
DA:630,0
DA:631,0
DA:633,1
DA:634,0
DA:635,0
DA:640,1
DA:641,0
DA:647,0
DA:650,1
DA:651,1
DA:652,1
DA:653,0
DA:657,1
DA:658,1
DA:659,1
DA:660,1
DA:663,1
DA:667,1
DA:670,1
DA:671,1
DA:672,1
DA:673,0
DA:677,1
DA:678,1
DA:679,0
DA:680,0
DA:683,1
DA:687,1
DA:690,1
DA:691,1
DA:692,1
DA:693,0
DA:695,1
DA:696,1
DA:699,1
DA:700,0
DA:701,0
DA:702,0
DA:705,0
DA:706,0
DA:707,0
DA:710,0
DA:711,0
DA:712,0
DA:715,0
DA:718,0
DA:719,0
DA:721,0
DA:723,0
DA:729,0
DA:735,0
DA:738,1
DA:739,0
DA:740,0
DA:741,0
DA:744,0
DA:745,0
DA:747,0
DA:748,0
DA:752,1
DA:753,0
DA:754,0
DA:755,0
DA:756,0
DA:758,0
DA:759,0
DA:772,1
DA:773,0
DA:776,1
DA:777,1
DA:780,1
DA:781,0
DA:784,1
DA:785,0
DA:788,1
DA:789,0
DA:792,1
DA:793,0
DA:796,1
DA:797,0
DA:800,1
DA:801,0
DA:804,1
DA:805,0
DA:808,1
DA:809,0
DA:812,1
DA:813,0
DA:816,1
DA:817,0
DA:822,1
DA:823,0
DA:824,0
DA:826,0
DA:827,0
DA:830,0
DA:832,0
DA:833,0
DA:834,0
DA:837,0
DA:838,0
DA:843,0
DA:844,0
DA:845,0
DA:848,0
DA:849,0
DA:852,0
DA:860,0
DA:862,0
DA:863,0
DA:865,0
DA:866,0
DA:870,1
DA:871,0
DA:874,0
DA:875,0
DA:877,0
DA:878,0
DA:881,0
DA:884,0
DA:885,0
DA:886,0
DA:889,0
DA:890,0
DA:893,0
DA:894,0
DA:897,1
DA:898,0
DA:901,0
DA:902,0
DA:904,0
DA:905,0
DA:908,0
DA:909,0
DA:910,0
DA:913,1
DA:914,0
DA:915,0
DA:916,0
DA:919,0
DA:922,0
DA:923,0
DA:927,0
DA:928,0
DA:929,0
DA:930,0
DA:933,0
DA:934,0
DA:935,0
DA:937,0
DA:942,1
DA:943,1
DA:944,1
DA:947,1
DA:948,0
DA:949,0
DA:952,1
DA:953,0
DA:956,1
DA:957,0
DA:959,0
DA:960,0
DA:961,0
DA:962,0
DA:963,0
DA:964,0
DA:965,0
DA:966,0
DA:970,0
DA:973,1
DA:974,0
DA:975,0
DA:978,1
DA:979,0
DA:980,0
DA:983,1
DA:984,0
DA:987,1
DA:988,0
DA:991,1
DA:992,0
DA:995,1
DA:996,0
DA:999,1
DA:1000,0
DA:1001,0
DA:1003,0
DA:1004,0
DA:1005,0
DA:1006,0
DA:1007,0
DA:1008,0
DA:1009,0
DA:1012,0
DA:1013,0
DA:1016,1
DA:1017,0
DA:1020,1
DA:1021,0
DA:1022,0
DA:1025,1
DA:1028,1
LF:542
LH:294
BRDA:60,0,0,1
BRDA:60,0,1,1
BRDA:70,1,0,0
BRDA:70,1,1,0
BRDA:78,2,0,3
BRDA:78,2,1,0
BRDA:78,3,0,3
BRDA:78,3,1,3
BRDA:80,4,0,0
BRDA:80,4,1,3
BRDA:80,5,0,3
BRDA:80,5,1,3
BRDA:82,6,0,3
BRDA:82,6,1,0
BRDA:82,7,0,3
BRDA:82,7,1,3
BRDA:84,8,0,0
BRDA:84,8,1,3
BRDA:87,9,0,0
BRDA:87,9,1,3
BRDA:87,10,0,3
BRDA:87,10,1,3
BRDA:88,11,0,3
BRDA:88,11,1,0
BRDA:90,12,0,0
BRDA:90,12,1,3
BRDA:90,13,0,3
BRDA:90,13,1,3
BRDA:93,14,0,3
BRDA:93,14,1,0
BRDA:93,15,0,3
BRDA:93,15,1,3
BRDA:94,16,0,0
BRDA:94,16,1,3
BRDA:101,17,0,0
BRDA:101,17,1,2
BRDA:101,18,0,2
BRDA:101,18,1,2
BRDA:143,19,0,0
BRDA:143,19,1,0
BRDA:162,20,0,0
BRDA:162,20,1,0
BRDA:170,21,0,0
BRDA:170,21,1,1
BRDA:171,22,0,0
BRDA:171,22,1,1
BRDA:172,23,0,0
BRDA:172,23,1,1
BRDA:181,24,0,0
BRDA:181,24,1,0
BRDA:188,25,0,0
BRDA:188,25,1,0
BRDA:190,26,0,0
BRDA:190,26,1,0
BRDA:201,27,0,0
BRDA:201,27,1,0
BRDA:208,28,0,0
BRDA:208,28,1,0
BRDA:212,29,0,1
BRDA:212,29,1,1
BRDA:222,30,0,0
BRDA:222,30,1,0
BRDA:241,31,0,0
BRDA:241,31,1,0
BRDA:242,32,0,0
BRDA:242,32,1,0
BRDA:255,33,0,0
BRDA:255,33,1,6
BRDA:255,34,0,6
BRDA:255,34,1,6
BRDA:259,35,0,0
BRDA:259,35,1,6
BRDA:267,36,0,0
BRDA:267,36,1,0
BRDA:279,37,0,0
BRDA:279,37,1,0
BRDA:280,38,0,0
BRDA:280,38,1,0
BRDA:281,39,0,0
BRDA:281,39,1,0
BRDA:287,40,0,0
BRDA:287,40,1,1
BRDA:287,41,0,1
BRDA:287,41,1,1
BRDA:296,42,0,0
BRDA:296,42,1,1
BRDA:518,43,0,0
BRDA:518,43,1,0
BRDA:523,44,0,0
BRDA:523,44,1,1
BRDA:523,45,0,1
BRDA:523,45,1,1
BRDA:523,45,2,1
BRDA:527,46,0,1
BRDA:527,46,1,0
BRDA:527,47,0,1
BRDA:527,47,1,0
BRDA:528,48,0,1
BRDA:528,48,1,0
BRDA:528,49,0,1
BRDA:528,49,1,0
BRDA:529,50,0,0
BRDA:529,50,1,1
BRDA:530,51,0,0
BRDA:530,51,1,1
BRDA:537,52,0,1
BRDA:537,52,1,0
BRDA:537,53,0,1
BRDA:537,53,1,0
BRDA:537,54,0,1
BRDA:537,54,1,1
BRDA:537,55,0,1
BRDA:537,55,1,0
BRDA:543,56,0,0
BRDA:543,56,1,1
BRDA:548,57,0,0
BRDA:548,57,1,1
BRDA:548,58,0,1
BRDA:548,58,1,0
BRDA:550,59,0,0
BRDA:550,59,1,0
BRDA:556,60,0,0
BRDA:556,60,1,1
BRDA:560,61,0,1
BRDA:560,61,1,0
BRDA:561,62,0,0
BRDA:561,62,1,1
BRDA:563,63,0,0
BRDA:563,63,1,0
BRDA:568,64,0,0
BRDA:568,64,1,1
BRDA:568,65,0,0
BRDA:568,65,1,0
BRDA:569,66,0,0
BRDA:569,66,1,1
BRDA:573,67,0,0
BRDA:573,67,1,1
BRDA:574,68,0,0
BRDA:574,68,1,1
BRDA:580,69,0,1
BRDA:580,69,1,0
BRDA:580,70,0,1
BRDA:580,70,1,0
BRDA:580,71,0,0
BRDA:580,71,1,1
BRDA:580,72,0,0
BRDA:580,72,1,0
BRDA:587,73,0,0
BRDA:587,73,1,1
BRDA:596,74,0,0
BRDA:596,74,1,0
BRDA:599,75,0,0
BRDA:599,75,1,0
BRDA:630,76,0,0
BRDA:630,76,1,0
BRDA:647,77,0,0
BRDA:647,77,1,0
BRDA:652,78,0,0
BRDA:652,78,1,1
BRDA:652,79,0,1
BRDA:652,79,1,1
BRDA:652,79,2,1
BRDA:652,79,3,1
BRDA:658,80,0,1
BRDA:658,80,1,0
BRDA:658,81,0,1
BRDA:658,81,1,0
BRDA:672,82,0,0
BRDA:672,82,1,1
BRDA:678,83,0,0
BRDA:678,83,1,1
BRDA:678,84,0,1
BRDA:678,84,1,1
BRDA:692,85,0,0
BRDA:692,85,1,1
BRDA:701,86,0,0
BRDA:701,86,1,0
BRDA:701,87,0,0
BRDA:701,87,1,0
BRDA:706,88,0,0
BRDA:706,88,1,0
BRDA:721,89,0,0
BRDA:721,89,1,0
BRDA:739,90,0,0
BRDA:739,90,1,0
BRDA:740,91,0,0
BRDA:740,91,1,0
BRDA:753,92,0,0
BRDA:753,92,1,0
BRDA:754,93,0,0
BRDA:754,93,1,0
BRDA:754,94,0,0
BRDA:754,94,1,0
BRDA:765,95,0,0
BRDA:765,95,1,0
BRDA:826,96,0,0
BRDA:826,96,1,0
BRDA:843,97,0,0
BRDA:843,97,1,0
BRDA:843,98,0,0
BRDA:843,98,1,0
BRDA:877,99,0,0
BRDA:877,99,1,0
BRDA:889,100,0,0
BRDA:889,100,1,0
BRDA:889,101,0,0
BRDA:889,101,1,0
BRDA:904,102,0,0
BRDA:904,102,1,0
BRDA:915,103,0,0
BRDA:915,103,1,0
BRDA:915,104,0,0
BRDA:915,104,1,0
BRDA:922,105,0,0
BRDA:922,105,1,0
BRDA:959,106,0,0
BRDA:959,106,1,0
BRDA:960,107,0,0
BRDA:960,107,1,0
BRDA:963,108,0,0
BRDA:963,108,1,0
BRDA:963,109,0,0
BRDA:963,109,1,0
BRDA:964,110,0,0
BRDA:964,110,1,0
BRDA:966,111,0,0
BRDA:966,111,1,0
BRDA:1000,112,0,0
BRDA:1000,112,1,0
BRDA:1001,113,0,0
BRDA:1001,113,1,0
BRDA:1005,114,0,0
BRDA:1005,114,1,0
BRDA:1005,115,0,0
BRDA:1005,115,1,0
BRDA:1007,116,0,0
BRDA:1007,116,1,0
BRDA:1009,117,0,0
BRDA:1009,117,1,0
BRF:239
BRH:80
end_of_record
TN:
SF:src\middleware\index.js
FN:6,securityMiddleware
FN:33,timeoutMiddleware
FN:34,(anonymous_2)
FN:43,errorHandler
FN:54,notFoundHandler
FNF:5
FNH:5
FNDA:2,securityMiddleware
FNDA:1,timeoutMiddleware
FNDA:1,(anonymous_2)
FNDA:1,errorHandler
FNDA:1,notFoundHandler
DA:1,5
DA:7,2
DA:8,2
DA:9,2
DA:12,2
DA:13,2
DA:14,2
DA:23,2
DA:24,1
DA:26,1
DA:34,1
DA:35,1
DA:37,1
DA:44,1
DA:45,1
DA:55,1
DA:58,5
LF:17
LH:17
BRDA:12,0,0,2
BRDA:12,0,1,2
BRDA:13,1,0,0
BRDA:13,1,1,2
BRDA:23,2,0,1
BRDA:23,2,1,1
BRDA:46,3,0,1
BRDA:46,3,1,0
BRDA:47,4,0,0
BRDA:47,4,1,1
BRF:10
BRH:7
end_of_record
TN:
SF:src\routes\assets.js
FN:16,fetchAndCacheHistoryBackground
FN:19,(anonymous_1)
FN:24,(anonymous_2)
FN:25,(anonymous_3)
FN:26,(anonymous_4)
FN:29,(anonymous_5)
FN:41,getOrCreateAssetCategory
FN:50,(anonymous_7)
FN:66,(anonymous_8)
FN:79,(anonymous_9)
FN:88,(anonymous_10)
FN:116,(anonymous_11)
FN:125,(anonymous_12)
FN:133,(anonymous_13)
FNF:14
FNH:0
FNDA:0,fetchAndCacheHistoryBackground
FNDA:0,(anonymous_1)
FNDA:0,(anonymous_2)
FNDA:0,(anonymous_3)
FNDA:0,(anonymous_4)
FNDA:0,(anonymous_5)
FNDA:0,getOrCreateAssetCategory
FNDA:0,(anonymous_7)
FNDA:0,(anonymous_8)
FNDA:0,(anonymous_9)
FNDA:0,(anonymous_10)
FNDA:0,(anonymous_11)
FNDA:0,(anonymous_12)
FNDA:0,(anonymous_13)
DA:6,0
DA:7,0
DA:8,0
DA:9,0
DA:10,0
DA:12,0
DA:13,0
DA:17,0
DA:18,0
DA:19,0
DA:20,0
DA:21,0
DA:22,0
DA:23,0
DA:24,0
DA:29,0
DA:30,0
DA:31,0
DA:37,0
DA:38,0
DA:42,0
DA:43,0
DA:44,0
DA:45,0
DA:47,0
DA:50,0
DA:51,0
DA:52,0
DA:53,0
DA:54,0
DA:56,0
DA:57,0
DA:61,0
DA:62,0
DA:63,0
DA:66,0
DA:67,0
DA:68,0
DA:69,0
DA:70,0
DA:71,0
DA:75,0
DA:76,0
DA:79,0
DA:80,0
DA:81,0
DA:82,0
DA:83,0
DA:84,0
DA:85,0
DA:88,0
DA:89,0
DA:90,0
DA:91,0
DA:93,0
DA:94,0
DA:96,0
DA:97,0
DA:99,0
DA:101,0
DA:102,0
DA:107,0
DA:112,0
DA:113,0
DA:116,0
DA:117,0
DA:118,0
DA:119,0
DA:120,0
DA:121,0
DA:122,0
DA:124,0
DA:125,0
DA:128,0
DA:130,0
DA:133,0
DA:134,0
DA:135,0
DA:136,0
DA:137,0
DA:138,0
DA:139,0
DA:141,0
DA:143,0
DA:146,0
LF:85
LH:0
BRDA:17,0,0,0
BRDA:17,0,1,0
BRDA:18,1,0,0
BRDA:18,1,1,0
BRDA:21,2,0,0
BRDA:21,2,1,0
BRDA:21,3,0,0
BRDA:21,3,1,0
BRDA:22,4,0,0
BRDA:22,4,1,0
BRDA:24,5,0,0
BRDA:24,5,1,0
BRDA:37,6,0,0
BRDA:37,6,1,0
BRDA:43,7,0,0
BRDA:43,7,1,0
BRDA:43,8,0,0
BRDA:43,8,1,0
BRDA:53,9,0,0
BRDA:53,9,1,0
BRDA:53,10,0,0
BRDA:53,10,1,0
BRDA:53,10,2,0
BRDA:53,10,3,0
BRDA:69,11,0,0
BRDA:69,11,1,0
BRDA:82,12,0,0
BRDA:82,12,1,0
BRDA:91,13,0,0
BRDA:91,13,1,0
BRDA:91,14,0,0
BRDA:91,14,1,0
BRDA:94,15,0,0
BRDA:94,15,1,0
BRDA:101,16,0,0
BRDA:101,16,1,0
BRDA:118,17,0,0
BRDA:118,17,1,0
BRDA:119,18,0,0
BRDA:119,18,1,0
BRDA:124,19,0,0
BRDA:124,19,1,0
BRDA:135,20,0,0
BRDA:135,20,1,0
BRDA:136,21,0,0
BRDA:136,21,1,0
BRDA:136,22,0,0
BRDA:136,22,1,0
BRF:48
BRH:0
end_of_record
TN:
SF:src\routes\bolsa.js
FN:15,fetchAndCacheHistory
FN:18,(anonymous_1)
FN:23,(anonymous_2)
FN:28,(anonymous_3)
FN:29,(anonymous_4)
FN:33,(anonymous_5)
FN:37,(anonymous_6)
FN:45,(anonymous_7)
FN:49,(anonymous_8)
FN:54,(anonymous_9)
FN:58,(anonymous_10)
FN:62,(anonymous_11)
FN:66,(anonymous_12)
FN:71,(anonymous_13)
FN:79,(anonymous_14)
FN:83,(anonymous_15)
FN:87,(anonymous_16)
FN:92,(anonymous_17)
FN:98,(anonymous_18)
FNF:19
FNH:0
FNDA:0,fetchAndCacheHistory
FNDA:0,(anonymous_1)
FNDA:0,(anonymous_2)
FNDA:0,(anonymous_3)
FNDA:0,(anonymous_4)
FNDA:0,(anonymous_5)
FNDA:0,(anonymous_6)
FNDA:0,(anonymous_7)
FNDA:0,(anonymous_8)
FNDA:0,(anonymous_9)
FNDA:0,(anonymous_10)
FNDA:0,(anonymous_11)
FNDA:0,(anonymous_12)
FNDA:0,(anonymous_13)
FNDA:0,(anonymous_14)
FNDA:0,(anonymous_15)
FNDA:0,(anonymous_16)
FNDA:0,(anonymous_17)
FNDA:0,(anonymous_18)
DA:7,0
DA:8,0
DA:9,0
DA:11,0
DA:12,0
DA:16,0
DA:17,0
DA:18,0
DA:19,0
DA:20,0
DA:21,0
DA:22,0
DA:24,0
DA:25,0
DA:28,0
DA:33,0
DA:34,0
DA:37,0
DA:38,0
DA:39,0
DA:40,0
DA:41,0
DA:42,0
DA:45,0
DA:46,0
DA:49,0
DA:50,0
DA:54,0
DA:55,0
DA:58,0
DA:59,0
DA:62,0
DA:63,0
DA:66,0
DA:67,0
DA:71,0
DA:72,0
DA:73,0
DA:74,0
DA:75,0
DA:79,0
DA:80,0
DA:83,0
DA:84,0
DA:87,0
DA:88,0
DA:92,0
DA:93,0
DA:98,0
DA:99,0
DA:100,0
DA:101,0
DA:103,0
DA:105,0
DA:106,0
DA:108,0
DA:110,0
DA:111,0
DA:112,0
DA:113,0
DA:114,0
DA:119,0
DA:120,0
DA:121,0
DA:124,0
LF:65
LH:0
BRDA:16,0,0,0
BRDA:16,0,1,0
BRDA:17,1,0,0
BRDA:17,1,1,0
BRDA:20,2,0,0
BRDA:20,2,1,0
BRDA:20,3,0,0
BRDA:20,3,1,0
BRDA:21,4,0,0
BRDA:21,4,1,0
BRDA:24,5,0,0
BRDA:24,5,1,0
BRDA:28,6,0,0
BRDA:28,6,1,0
BRDA:100,7,0,0
BRDA:100,7,1,0
BRDA:101,8,0,0
BRDA:101,8,1,0
BRDA:103,9,0,0
BRDA:103,9,1,0
BRDA:108,10,0,0
BRDA:108,10,1,0
BRDA:108,11,0,0
BRDA:108,11,1,0
BRDA:111,12,0,0
BRDA:111,12,1,0
BRDA:113,13,0,0
BRDA:113,13,1,0
BRF:28
BRH:0
end_of_record
TN:
SF:src\routes\categorias.js
FN:12,(anonymous_0)
FN:23,(anonymous_1)
FN:38,(anonymous_2)
FN:47,(anonymous_3)
FNF:4
FNH:4
FNDA:2,(anonymous_0)
FNDA:4,(anonymous_1)
FNDA:2,(anonymous_2)
FNDA:2,(anonymous_3)
DA:6,10
DA:7,10
DA:8,10
DA:10,10
DA:12,10
DA:13,2
DA:14,2
DA:19,1
DA:20,1
DA:23,10
DA:24,4
DA:25,4
DA:26,4
DA:27,3
DA:28,2
DA:29,2
DA:30,1
DA:32,1
DA:33,0
DA:35,0
DA:38,10
DA:39,2
DA:40,2
DA:41,2
DA:42,1
DA:43,1
DA:44,0
DA:47,10
DA:48,2
DA:49,2
DA:50,2
DA:51,1
DA:52,1
DA:53,0
DA:56,10
LF:35
LH:31
BRDA:19,0,0,1
BRDA:19,0,1,0
BRDA:19,1,0,1
BRDA:19,1,1,0
BRDA:19,2,0,1
BRDA:19,2,1,0
BRDA:26,3,0,1
BRDA:26,3,1,3
BRDA:26,4,0,4
BRDA:26,4,1,3
BRDA:27,5,0,1
BRDA:27,5,1,2
BRDA:32,6,0,1
BRDA:32,6,1,0
BRDA:41,7,0,1
BRDA:41,7,1,1
BRDA:41,8,0,2
BRDA:41,8,1,1
BRDA:50,9,0,1
BRDA:50,9,1,1
BRF:20
BRH:16
end_of_record
TN:
SF:src\routes\cuentaRemunerada.js
FN:14,(anonymous_0)
FN:21,(anonymous_1)
FN:42,(anonymous_2)
FN:79,(anonymous_3)
FN:89,(anonymous_4)
FN:97,(anonymous_5)
FN:104,(anonymous_6)
FN:113,(anonymous_7)
FN:121,(anonymous_8)
FN:128,(anonymous_9)
FN:137,(anonymous_10)
FN:145,(anonymous_11)
FN:157,(anonymous_12)
FNF:13
FNH:0
FNDA:0,(anonymous_0)
FNDA:0,(anonymous_1)
FNDA:0,(anonymous_2)
FNDA:0,(anonymous_3)
FNDA:0,(anonymous_4)
FNDA:0,(anonymous_5)
FNDA:0,(anonymous_6)
FNDA:0,(anonymous_7)
FNDA:0,(anonymous_8)
FNDA:0,(anonymous_9)
FNDA:0,(anonymous_10)
FNDA:0,(anonymous_11)
FNDA:0,(anonymous_12)
DA:6,0
DA:7,0
DA:8,0
DA:9,0
DA:10,0
DA:12,0
DA:14,0
DA:15,0
DA:16,0
DA:17,0
DA:18,0
DA:21,0
DA:22,0
DA:23,0
DA:24,0
DA:25,0
DA:27,0
DA:28,0
DA:29,0
DA:31,0
DA:32,0
DA:34,0
DA:38,0
DA:39,0
DA:42,0
DA:43,0
DA:44,0
DA:45,0
DA:47,0
DA:48,0
DA:49,0
DA:50,0
DA:51,0
DA:53,0
DA:55,0
DA:56,0
DA:57,0
DA:58,0
DA:60,0
DA:63,0
DA:64,0
DA:65,0
DA:68,0
DA:69,0
DA:71,0
DA:75,0
DA:76,0
DA:79,0
DA:80,0
DA:81,0
DA:82,0
DA:83,0
DA:84,0
DA:85,0
DA:89,0
DA:90,0
DA:91,0
DA:92,0
DA:93,0
DA:97,0
DA:98,0
DA:99,0
DA:100,0
DA:101,0
DA:104,0
DA:105,0
DA:106,0
DA:107,0
DA:108,0
DA:109,0
DA:110,0
DA:113,0
DA:114,0
DA:115,0
DA:116,0
DA:117,0
DA:121,0
DA:122,0
DA:123,0
DA:124,0
DA:125,0
DA:128,0
DA:129,0
DA:130,0
DA:131,0
DA:132,0
DA:133,0
DA:134,0
DA:137,0
DA:138,0
DA:139,0
DA:140,0
DA:141,0
DA:145,0
DA:146,0
DA:147,0
DA:148,0
DA:149,0
DA:150,0
DA:151,0
DA:152,0
DA:154,0
DA:155,0
DA:157,0
DA:158,0
DA:162,0
LF:106
LH:0
BRDA:17,0,0,0
BRDA:17,0,1,0
BRDA:24,1,0,0
BRDA:24,1,1,0
BRDA:24,2,0,0
BRDA:24,2,1,0
BRDA:24,2,2,0
BRDA:27,3,0,0
BRDA:27,3,1,0
BRDA:27,4,0,0
BRDA:27,4,1,0
BRDA:28,5,0,0
BRDA:28,5,1,0
BRDA:28,6,0,0
BRDA:28,6,1,0
BRDA:29,7,0,0
BRDA:29,7,1,0
BRDA:31,8,0,0
BRDA:31,8,1,0
BRDA:36,9,0,0
BRDA:36,9,1,0
BRDA:36,10,0,0
BRDA:36,10,1,0
BRDA:36,11,0,0
BRDA:36,11,1,0
BRDA:36,12,0,0
BRDA:36,12,1,0
BRDA:45,13,0,0
BRDA:45,13,1,0
BRDA:48,14,0,0
BRDA:48,14,1,0
BRDA:48,15,0,0
BRDA:48,15,1,0
BRDA:50,16,0,0
BRDA:50,16,1,0
BRDA:53,17,0,0
BRDA:53,17,1,0
BRDA:55,18,0,0
BRDA:55,18,1,0
BRDA:56,19,0,0
BRDA:56,19,1,0
BRDA:58,20,0,0
BRDA:58,20,1,0
BRDA:63,21,0,0
BRDA:63,21,1,0
BRDA:63,22,0,0
BRDA:63,22,1,0
BRDA:64,23,0,0
BRDA:64,23,1,0
BRDA:68,24,0,0
BRDA:68,24,1,0
BRDA:69,25,0,0
BRDA:69,25,1,0
BRDA:73,26,0,0
BRDA:73,26,1,0
BRDA:73,27,0,0
BRDA:73,27,1,0
BRDA:73,28,0,0
BRDA:73,28,1,0
BRDA:82,29,0,0
BRDA:82,29,1,0
BRDA:100,30,0,0
BRDA:100,30,1,0
BRDA:107,31,0,0
BRDA:107,31,1,0
BRDA:107,32,0,0
BRDA:107,32,1,0
BRDA:124,33,0,0
BRDA:124,33,1,0
BRDA:131,34,0,0
BRDA:131,34,1,0
BRDA:131,35,0,0
BRDA:131,35,1,0
BRDA:132,36,0,0
BRDA:132,36,1,0
BRDA:148,37,0,0
BRDA:148,37,1,0
BRDA:151,38,0,0
BRDA:151,38,1,0
BRF:79
BRH:0
end_of_record
TN:
SF:src\routes\dashboard.js
FN:24,(anonymous_0)
FN:28,(anonymous_1)
FN:32,(anonymous_2)
FN:36,(anonymous_3)
FN:40,(anonymous_4)
FN:44,(anonymous_5)
FN:48,(anonymous_6)
FN:52,(anonymous_7)
FN:56,(anonymous_8)
FN:60,(anonymous_9)
FN:64,(anonymous_10)
FN:68,(anonymous_11)
FNF:12
FNH:12
FNDA:2,(anonymous_0)
FNDA:1,(anonymous_1)
FNDA:1,(anonymous_2)
FNDA:1,(anonymous_3)
FNDA:1,(anonymous_4)
FNDA:1,(anonymous_5)
FNDA:1,(anonymous_6)
FNDA:1,(anonymous_7)
FNDA:1,(anonymous_8)
FNDA:1,(anonymous_9)
FNDA:1,(anonymous_10)
FNDA:1,(anonymous_11)
DA:6,13
DA:20,13
DA:22,13
DA:24,13
DA:25,2
DA:28,13
DA:29,1
DA:32,13
DA:33,1
DA:36,13
DA:37,1
DA:40,13
DA:41,1
DA:44,13
DA:45,1
DA:48,13
DA:49,1
DA:52,13
DA:53,1
DA:56,13
DA:57,1
DA:60,13
DA:61,1
DA:64,13
DA:65,1
DA:68,13
DA:69,1
DA:72,13
LF:28
LH:28
BRF:0
BRH:0
end_of_record
TN:
SF:src\routes\hucha.js
FN:15,(anonymous_0)
FN:19,(anonymous_1)
FN:23,(anonymous_2)
FN:27,(anonymous_3)
FN:32,(anonymous_4)
FN:36,(anonymous_5)
FN:40,(anonymous_6)
FN:44,(anonymous_7)
FN:48,(anonymous_8)
FN:52,(anonymous_9)
FN:56,(anonymous_10)
FN:60,(anonymous_11)
FNF:12
FNH:4
FNDA:1,(anonymous_0)
FNDA:1,(anonymous_1)
FNDA:1,(anonymous_2)
FNDA:1,(anonymous_3)
FNDA:0,(anonymous_4)
FNDA:0,(anonymous_5)
FNDA:0,(anonymous_6)
FNDA:0,(anonymous_7)
FNDA:0,(anonymous_8)
FNDA:0,(anonymous_9)
FNDA:0,(anonymous_10)
FNDA:0,(anonymous_11)
DA:6,4
DA:7,4
DA:8,4
DA:10,4
DA:11,4
DA:12,4
DA:15,4
DA:16,1
DA:19,4
DA:20,1
DA:23,4
DA:24,1
DA:27,4
DA:28,1
DA:32,4
DA:33,0
DA:36,4
DA:37,0
DA:40,4
DA:41,0
DA:44,4
DA:45,0
DA:48,4
DA:49,0
DA:52,4
DA:53,0
DA:56,4
DA:57,0
DA:60,4
DA:61,0
DA:62,0
DA:63,0
DA:64,0
DA:67,4
LF:34
LH:23
BRF:0
BRH:0
end_of_record
TN:
SF:src\routes\importacion.js
FN:26,getUploadsDir
FN:35,(anonymous_1)
FN:44,(anonymous_2)
FN:52,(anonymous_3)
FN:61,importBatch
FN:93,(anonymous_5)
FN:98,(anonymous_6)
FN:112,(anonymous_7)
FN:118,(anonymous_8)
FN:133,(anonymous_9)
FN:144,(anonymous_10)
FN:159,(anonymous_11)
FN:167,(anonymous_12)
FN:171,(anonymous_13)
FN:175,(anonymous_14)
FN:179,(anonymous_15)
FNF:16
FNH:0
FNDA:0,getUploadsDir
FNDA:0,(anonymous_1)
FNDA:0,(anonymous_2)
FNDA:0,(anonymous_3)
FNDA:0,importBatch
FNDA:0,(anonymous_5)
FNDA:0,(anonymous_6)
FNDA:0,(anonymous_7)
FNDA:0,(anonymous_8)
FNDA:0,(anonymous_9)
FNDA:0,(anonymous_10)
FNDA:0,(anonymous_11)
FNDA:0,(anonymous_12)
FNDA:0,(anonymous_13)
FNDA:0,(anonymous_14)
FNDA:0,(anonymous_15)
DA:8,0
DA:9,0
DA:10,0
DA:11,0
DA:12,0
DA:13,0
DA:14,0
DA:15,0
DA:17,0
DA:20,0
DA:21,0
DA:22,0
DA:23,0
DA:27,0
DA:28,0
DA:29,0
DA:30,0
DA:34,0
DA:36,0
DA:37,0
DA:38,0
DA:39,0
DA:41,0
DA:45,0
DA:46,0
DA:49,0
DA:53,0
DA:54,0
DA:55,0
DA:56,0
DA:62,0
DA:63,0
DA:65,0
DA:66,0
DA:67,0
DA:69,0
DA:70,0
DA:71,0
DA:72,0
DA:73,0
DA:74,0
DA:75,0
DA:77,0
DA:78,0
DA:79,0
DA:82,0
DA:84,0
DA:85,0
DA:87,0
DA:93,0
DA:94,0
DA:95,0
DA:96,0
DA:97,0
DA:98,0
DA:99,0
DA:100,0
DA:101,0
DA:102,0
DA:103,0
DA:104,0
DA:112,0
DA:113,0
DA:114,0
DA:118,0
DA:119,0
DA:120,0
DA:121,0
DA:122,0
DA:123,0
DA:124,0
DA:125,0
DA:126,0
DA:128,0
DA:129,0
DA:133,0
DA:134,0
DA:135,0
DA:136,0
DA:137,0
DA:138,0
DA:139,0
DA:140,0
DA:144,0
DA:145,0
DA:146,0
DA:147,0
DA:148,0
DA:149,0
DA:150,0
DA:151,0
DA:152,0
DA:153,0
DA:154,0
DA:155,0
DA:159,0
DA:160,0
DA:161,0
DA:162,0
DA:163,0
DA:167,0
DA:168,0
DA:171,0
DA:172,0
DA:175,0
DA:176,0
DA:179,0
DA:180,0
DA:183,0
LF:109
LH:0
BRDA:28,0,0,0
BRDA:28,0,1,0
BRDA:55,1,0,0
BRDA:55,1,1,0
BRDA:62,2,0,0
BRDA:62,2,1,0
BRDA:62,3,0,0
BRDA:62,3,1,0
BRDA:85,4,0,0
BRDA:85,4,1,0
BRDA:103,5,0,0
BRDA:103,5,1,0
BRDA:106,6,0,0
BRDA:106,6,1,0
BRDA:108,7,0,0
BRDA:108,7,1,0
BRDA:122,8,0,0
BRDA:122,8,1,0
BRDA:126,9,0,0
BRDA:126,9,1,0
BRDA:126,10,0,0
BRDA:126,10,1,0
BRDA:137,11,0,0
BRDA:137,11,1,0
BRDA:147,12,0,0
BRDA:147,12,1,0
BRDA:147,13,0,0
BRDA:147,13,1,0
BRDA:161,14,0,0
BRDA:161,14,1,0
BRF:30
BRH:0
end_of_record
TN:
SF:src\routes\index.js
FN:42,(anonymous_0)
FNF:1
FNH:0
FNDA:0,(anonymous_0)
DA:7,0
DA:8,0
DA:9,0
DA:10,0
DA:12,0
DA:15,0
DA:16,0
DA:17,0
DA:18,0
DA:19,0
DA:20,0
DA:21,0
DA:22,0
DA:25,0
DA:26,0
DA:27,0
DA:28,0
DA:29,0
DA:32,0
DA:33,0
DA:34,0
DA:35,0
DA:36,0
DA:37,0
DA:38,0
DA:39,0
DA:42,0
DA:43,0
DA:57,0
LF:29
LH:0
BRF:0
BRH:0
end_of_record
TN:
SF:src\routes\routeFactory.js
FN:14,validateImportItem
FN:42,createEntityRoutes
FN:48,(anonymous_2)
FN:60,(anonymous_3)
FN:72,(anonymous_4)
FN:84,(anonymous_5)
FN:100,(anonymous_6)
FN:112,(anonymous_7)
FN:125,(anonymous_8)
FN:169,createRealEntityRoutes
FN:172,(anonymous_10)
FN:181,(anonymous_11)
FN:190,(anonymous_12)
FNF:13
FNH:9
FNDA:2,validateImportItem
FNDA:4,createEntityRoutes
FNDA:1,(anonymous_2)
FNDA:1,(anonymous_3)
FNDA:1,(anonymous_4)
FNDA:1,(anonymous_5)
FNDA:1,(anonymous_6)
FNDA:1,(anonymous_7)
FNDA:3,(anonymous_8)
FNDA:0,createRealEntityRoutes
FNDA:0,(anonymous_10)
FNDA:0,(anonymous_11)
FNDA:0,(anonymous_12)
DA:6,1
DA:7,1
DA:8,1
DA:15,2
DA:16,2
DA:17,2
DA:19,1
DA:20,1
DA:21,1
DA:22,1
DA:23,1
DA:24,1
DA:25,1
DA:26,0
DA:27,0
DA:30,1
DA:31,1
DA:43,4
DA:48,4
DA:49,1
DA:50,1
DA:51,1
DA:53,0
DA:60,4
DA:61,1
DA:62,1
DA:63,1
DA:65,0
DA:72,4
DA:73,1
DA:74,1
DA:75,1
DA:77,0
DA:84,4
DA:85,1
DA:86,1
DA:87,1
DA:88,0
DA:90,1
DA:91,1
DA:93,0
DA:100,4
DA:101,1
DA:102,1
DA:103,1
DA:105,0
DA:112,4
DA:113,1
DA:114,1
DA:115,1
DA:117,0
DA:125,4
DA:126,3
DA:127,3
DA:128,1
DA:131,2
DA:132,2
DA:133,2
DA:135,2
DA:136,2
DA:137,2
DA:138,2
DA:139,1
DA:140,1
DA:141,1
DA:143,1
DA:144,1
DA:146,1
DA:147,1
DA:148,1
DA:159,4
DA:170,0
DA:172,0
DA:173,0
DA:174,0
DA:175,0
DA:177,0
DA:181,0
DA:182,0
DA:183,0
DA:184,0
DA:186,0
DA:190,0
DA:191,0
DA:192,0
DA:193,0
DA:195,0
DA:199,0
DA:202,1
LF:89
LH:63
BRDA:15,0,0,2
BRDA:15,0,1,0
BRDA:15,1,0,2
BRDA:15,1,1,2
BRDA:17,2,0,1
BRDA:17,2,1,1
BRDA:17,3,0,2
BRDA:17,3,1,2
BRDA:19,4,0,1
BRDA:19,4,1,0
BRDA:19,5,0,1
BRDA:19,5,1,1
BRDA:21,6,0,0
BRDA:21,6,1,1
BRDA:24,7,0,0
BRDA:24,7,1,1
BRDA:24,8,0,1
BRDA:24,8,1,1
BRDA:25,9,0,0
BRDA:25,9,1,1
BRDA:27,10,0,0
BRDA:27,10,1,0
BRDA:27,11,0,0
BRDA:27,11,1,0
BRDA:30,12,0,1
BRDA:30,12,1,0
BRDA:30,13,0,1
BRDA:30,13,1,1
BRDA:31,14,0,0
BRDA:31,14,1,1
BRDA:77,15,0,0
BRDA:77,15,1,0
BRDA:86,16,0,1
BRDA:86,16,1,0
BRDA:87,17,0,0
BRDA:87,17,1,1
BRDA:87,18,0,1
BRDA:87,18,1,0
BRDA:87,18,2,0
BRDA:117,19,0,0
BRDA:117,19,1,0
BRDA:126,20,0,3
BRDA:126,20,1,0
BRDA:127,21,0,1
BRDA:127,21,1,2
BRDA:127,22,0,3
BRDA:127,22,1,3
BRDA:195,23,0,0
BRDA:195,23,1,0
BRF:49
BRH:27
end_of_record
TN:
SF:src\routes\users.js
FN:25,getActiveUser
FN:26,setActiveUser
FN:28,(anonymous_2)
FN:32,(anonymous_3)
FN:36,(anonymous_4)
FN:44,(anonymous_5)
FN:55,(anonymous_6)
FN:62,(anonymous_7)
FNF:8
FNH:8
FNDA:2,getActiveUser
FNDA:1,setActiveUser
FNDA:1,(anonymous_2)
FNDA:1,(anonymous_3)
FNDA:2,(anonymous_4)
FNDA:1,(anonymous_5)
FNDA:1,(anonymous_6)
FNDA:2,(anonymous_7)
DA:7,8
DA:8,8
DA:9,8
DA:18,8
DA:20,8
DA:23,8
DA:25,2
DA:26,1
DA:28,8
DA:29,1
DA:32,8
DA:33,1
DA:36,8
DA:37,2
DA:38,2
DA:39,1
DA:40,1
DA:41,1
DA:44,8
DA:45,1
DA:46,1
DA:47,1
DA:48,1
DA:49,1
DA:50,1
DA:51,1
DA:52,0
DA:55,8
DA:56,1
DA:57,1
DA:58,1
DA:59,0
DA:62,8
DA:63,2
DA:64,2
DA:65,2
DA:66,2
DA:67,1
DA:68,1
DA:69,1
DA:70,0
DA:73,8
LF:42
LH:39
BRDA:25,0,0,2
BRDA:25,0,1,0
BRDA:29,1,0,1
BRDA:29,1,1,0
BRDA:33,2,0,1
BRDA:33,2,1,0
BRDA:65,3,0,2
BRDA:65,3,1,0
BRDA:66,4,0,1
BRDA:66,4,1,1
BRF:10
BRH:6
end_of_record
TN:
SF:src\services\BaseService.js
FN:10,(anonymous_0)
FN:23,(anonymous_1)
FN:50,(anonymous_2)
FN:102,(anonymous_3)
FN:169,(anonymous_4)
FN:178,(anonymous_5)
FNF:6
FNH:5
FNDA:23,(anonymous_0)
FNDA:2,(anonymous_1)
FNDA:13,(anonymous_2)
FNDA:8,(anonymous_3)
FNDA:7,(anonymous_4)
FNDA:0,(anonymous_5)
DA:6,2
DA:7,2
DA:11,23
DA:12,23
DA:13,23
DA:14,23
DA:15,23
DA:24,2
DA:25,2
DA:26,2
DA:27,2
DA:29,2
DA:51,13
DA:54,13
DA:55,13
DA:56,13
DA:58,13
DA:59,9
DA:60,9
DA:61,9
DA:64,13
DA:65,4
DA:66,4
DA:67,4
DA:70,13
DA:71,4
DA:72,4
DA:73,4
DA:76,13
DA:77,2
DA:78,2
DA:79,2
DA:82,13
DA:83,1
DA:84,1
DA:85,1
DA:88,13
DA:89,5
DA:90,5
DA:91,5
DA:94,13
DA:95,13
DA:103,8
DA:106,8
DA:108,8
DA:110,1
DA:113,1
DA:117,1
DA:118,1
DA:122,8
DA:123,8
DA:125,8
DA:126,8
DA:127,8
DA:129,8
DA:130,7
DA:131,7
DA:133,8
DA:134,0
DA:135,0
DA:137,8
DA:138,0
DA:139,0
DA:141,8
DA:142,0
DA:143,0
DA:145,8
DA:146,2
DA:147,2
DA:149,8
DA:150,0
DA:151,0
DA:154,8
DA:155,1
DA:156,1
DA:159,8
DA:161,8
DA:162,8
DA:170,7
DA:179,0
DA:180,0
DA:182,0
DA:183,0
DA:184,0
DA:187,0
DA:191,2
LF:86
LH:72
BRDA:10,0,0,0
BRDA:14,1,0,23
BRDA:14,1,1,7
BRDA:23,2,0,0
BRDA:24,3,0,2
BRDA:24,3,1,0
BRDA:25,4,0,0
BRDA:25,4,1,2
BRDA:26,5,0,0
BRDA:26,5,1,2
BRDA:27,6,0,0
BRDA:27,6,1,2
BRDA:41,7,0,2
BRDA:41,7,1,0
BRDA:58,8,0,9
BRDA:58,8,1,4
BRDA:64,9,0,4
BRDA:64,9,1,9
BRDA:70,10,0,4
BRDA:70,10,1,9
BRDA:76,11,0,2
BRDA:76,11,1,11
BRDA:76,12,0,13
BRDA:76,12,1,2
BRDA:79,13,0,2
BRDA:79,13,1,0
BRDA:82,14,0,1
BRDA:82,14,1,12
BRDA:82,15,0,13
BRDA:82,15,1,2
BRDA:85,16,0,1
BRDA:85,16,1,0
BRDA:88,17,0,5
BRDA:88,17,1,8
BRDA:108,18,0,1
BRDA:108,18,1,7
BRDA:108,19,0,8
BRDA:108,19,1,8
BRDA:110,20,0,0
BRDA:110,20,1,1
BRDA:111,21,0,1
BRDA:111,21,1,0
BRDA:117,22,0,0
BRDA:117,22,1,1
BRDA:125,23,0,8
BRDA:125,23,1,0
BRDA:129,24,0,7
BRDA:129,24,1,1
BRDA:133,25,0,0
BRDA:133,25,1,8
BRDA:137,26,0,0
BRDA:137,26,1,8
BRDA:141,27,0,0
BRDA:141,27,1,8
BRDA:145,28,0,2
BRDA:145,28,1,6
BRDA:145,29,0,8
BRDA:145,29,1,3
BRDA:147,30,0,2
BRDA:147,30,1,0
BRDA:149,31,0,0
BRDA:149,31,1,8
BRDA:149,32,0,8
BRDA:149,32,1,1
BRDA:151,33,0,0
BRDA:151,33,1,0
BRDA:154,34,0,1
BRDA:154,34,1,7
BRDA:179,35,0,0
BRDA:179,35,1,0
BRDA:182,36,0,0
BRDA:182,36,1,0
BRF:72
BRH:48
end_of_record
TN:
SF:src\services\BolsaService.js
FN:14,(anonymous_0)
FN:20,(anonymous_1)
FN:47,(anonymous_2)
FN:66,(anonymous_3)
FN:73,(anonymous_4)
FN:79,(anonymous_5)
FN:97,(anonymous_6)
FN:106,(anonymous_7)
FN:121,(anonymous_8)
FN:162,(anonymous_9)
FN:163,(anonymous_10)
FN:176,(anonymous_11)
FN:182,(anonymous_12)
FN:185,(anonymous_13)
FN:188,(anonymous_14)
FN:216,(anonymous_15)
FN:264,(anonymous_16)
FN:265,(anonymous_17)
FN:268,(anonymous_18)
FN:269,(anonymous_19)
FN:271,(anonymous_20)
FN:272,(anonymous_21)
FN:280,(anonymous_22)
FN:295,(anonymous_23)
FN:311,(anonymous_24)
FN:325,(anonymous_25)
FN:336,(anonymous_26)
FN:351,(anonymous_27)
FN:369,(anonymous_28)
FN:471,(anonymous_29)
FNF:30
FNH:8
FNDA:0,(anonymous_0)
FNDA:4,(anonymous_1)
FNDA:0,(anonymous_2)
FNDA:0,(anonymous_3)
FNDA:0,(anonymous_4)
FNDA:0,(anonymous_5)
FNDA:0,(anonymous_6)
FNDA:0,(anonymous_7)
FNDA:8,(anonymous_8)
FNDA:8,(anonymous_9)
FNDA:6,(anonymous_10)
FNDA:5,(anonymous_11)
FNDA:3,(anonymous_12)
FNDA:1,(anonymous_13)
FNDA:2,(anonymous_14)
FNDA:0,(anonymous_15)
FNDA:0,(anonymous_16)
FNDA:0,(anonymous_17)
FNDA:0,(anonymous_18)
FNDA:0,(anonymous_19)
FNDA:0,(anonymous_20)
FNDA:0,(anonymous_21)
FNDA:0,(anonymous_22)
FNDA:0,(anonymous_23)
FNDA:0,(anonymous_24)
FNDA:0,(anonymous_25)
FNDA:0,(anonymous_26)
FNDA:0,(anonymous_27)
FNDA:0,(anonymous_28)
FNDA:0,(anonymous_29)
DA:6,2
DA:7,2
DA:8,2
DA:15,0
DA:21,4
DA:22,4
DA:23,2
DA:25,2
DA:26,1
DA:28,1
DA:29,1
DA:31,1
DA:48,0
DA:49,0
DA:50,0
DA:67,0
DA:68,0
DA:74,0
DA:80,0
DA:81,0
DA:82,0
DA:84,0
DA:98,0
DA:99,0
DA:100,0
DA:107,0
DA:108,0
DA:122,8
DA:127,8
DA:128,8
DA:129,12
DA:130,8
DA:132,12
DA:133,12
DA:134,12
DA:136,12
DA:137,9
DA:138,9
DA:139,9
DA:141,3
DA:142,3
DA:143,3
DA:144,3
DA:145,3
DA:146,3
DA:147,3
DA:148,3
DA:150,3
DA:151,3
DA:155,8
DA:158,8
DA:159,8
DA:161,8
DA:162,8
DA:163,6
DA:173,8
DA:177,5
DA:178,5
DA:183,3
DA:185,3
DA:186,3
DA:187,3
DA:188,3
DA:190,3
DA:194,3
DA:196,3
DA:197,3
DA:199,3
DA:217,0
DA:223,0
DA:225,0
DA:227,0
DA:228,0
DA:229,0
DA:231,0
DA:232,0
DA:233,0
DA:234,0
DA:236,0
DA:237,0
DA:238,0
DA:240,0
DA:241,0
DA:242,0
DA:243,0
DA:244,0
DA:245,0
DA:246,0
DA:256,0
DA:258,0
DA:259,0
DA:263,0
DA:264,0
DA:265,0
DA:267,0
DA:268,0
DA:269,0
DA:271,0
DA:272,0
DA:274,0
DA:280,0
DA:296,0
DA:297,0
DA:298,0
DA:299,0
DA:300,0
DA:312,0
DA:313,0
DA:314,0
DA:315,0
DA:326,0
DA:327,0
DA:337,0
DA:338,0
DA:342,0
DA:352,0
DA:353,0
DA:358,0
DA:359,0
DA:371,0
DA:374,0
DA:375,0
DA:377,0
DA:379,0
DA:381,0
DA:385,0
DA:388,0
DA:392,0
DA:395,0
DA:396,0
DA:398,0
DA:399,0
DA:401,0
DA:402,0
DA:404,0
DA:405,0
DA:407,0
DA:408,0
DA:409,0
DA:410,0
DA:412,0
DA:415,0
DA:416,0
DA:420,0
DA:421,0
DA:425,0
DA:428,0
DA:429,0
DA:434,0
DA:437,0
DA:439,0
DA:444,0
DA:455,0
DA:458,0
DA:459,0
DA:460,0
DA:462,0
DA:472,0
DA:476,2
LF:159
LH:53
BRDA:14,0,0,0
BRDA:22,1,0,2
BRDA:22,1,1,2
BRDA:22,2,0,4
BRDA:22,2,1,4
BRDA:22,2,2,3
BRDA:22,2,3,3
BRDA:22,2,4,2
BRDA:25,3,0,1
BRDA:25,3,1,1
BRDA:28,4,0,0
BRDA:28,4,1,1
BRDA:29,5,0,0
BRDA:29,5,1,1
BRDA:36,6,0,1
BRDA:36,6,1,0
BRDA:41,7,0,1
BRDA:41,7,1,0
BRDA:42,8,0,1
BRDA:42,8,1,1
BRDA:49,9,0,0
BRDA:49,9,1,0
BRDA:54,10,0,0
BRDA:54,10,1,0
BRDA:59,11,0,0
BRDA:59,11,1,0
BRDA:60,12,0,0
BRDA:60,12,1,0
BRDA:67,13,0,0
BRDA:67,13,1,0
BRDA:73,14,0,0
BRDA:81,15,0,0
BRDA:81,15,1,0
BRDA:81,16,0,0
BRDA:81,16,1,0
BRDA:81,16,2,0
BRDA:88,17,0,0
BRDA:88,17,1,0
BRDA:91,18,0,0
BRDA:91,18,1,0
BRDA:92,19,0,0
BRDA:92,19,1,0
BRDA:99,20,0,0
BRDA:99,20,1,0
BRDA:102,21,0,0
BRDA:102,21,1,0
BRDA:102,22,0,0
BRDA:102,22,1,0
BRDA:102,23,0,0
BRDA:102,23,1,0
BRDA:107,24,0,0
BRDA:107,24,1,0
BRDA:129,25,0,8
BRDA:129,25,1,4
BRDA:133,26,0,1
BRDA:133,26,1,11
BRDA:134,27,0,12
BRDA:134,27,1,8
BRDA:136,28,0,9
BRDA:136,28,1,3
BRDA:137,29,0,9
BRDA:137,29,1,6
BRDA:141,30,0,3
BRDA:141,30,1,0
BRDA:145,31,0,3
BRDA:145,31,1,2
BRDA:151,32,0,2
BRDA:151,32,1,1
BRDA:165,33,0,6
BRDA:165,33,1,5
BRDA:168,34,0,6
BRDA:168,34,1,0
BRDA:170,35,0,6
BRDA:170,35,1,5
BRDA:187,36,0,3
BRDA:187,36,1,3
BRDA:194,37,0,3
BRDA:194,37,1,1
BRDA:203,38,0,3
BRDA:203,38,1,3
BRDA:206,39,0,3
BRDA:206,39,1,3
BRDA:228,40,0,0
BRDA:228,40,1,0
BRDA:229,41,0,0
BRDA:229,41,1,0
BRDA:232,42,0,0
BRDA:232,42,1,0
BRDA:236,43,0,0
BRDA:236,43,1,0
BRDA:237,44,0,0
BRDA:237,44,1,0
BRDA:240,45,0,0
BRDA:240,45,1,0
BRDA:243,46,0,0
BRDA:243,46,1,0
BRDA:245,47,0,0
BRDA:245,47,1,0
BRDA:259,48,0,0
BRDA:259,48,1,0
BRDA:296,49,0,0
BRDA:296,49,1,0
BRDA:297,50,0,0
BRDA:297,50,1,0
BRDA:297,51,0,0
BRDA:297,51,1,0
BRDA:297,51,2,0
BRDA:299,52,0,0
BRDA:299,52,1,0
BRDA:299,53,0,0
BRDA:299,53,1,0
BRDA:312,54,0,0
BRDA:312,54,1,0
BRDA:313,55,0,0
BRDA:313,55,1,0
BRDA:313,56,0,0
BRDA:313,56,1,0
BRDA:326,57,0,0
BRDA:326,57,1,0
BRDA:337,58,0,0
BRDA:337,58,1,0
BRDA:342,59,0,0
BRDA:342,59,1,0
BRDA:352,60,0,0
BRDA:352,60,1,0
BRDA:358,61,0,0
BRDA:358,61,1,0
BRDA:359,62,0,0
BRDA:359,62,1,0
BRDA:385,63,0,0
BRDA:385,63,1,0
BRDA:392,64,0,0
BRDA:392,64,1,0
BRDA:401,65,0,0
BRDA:401,65,1,0
BRDA:402,66,0,0
BRDA:402,66,1,0
BRDA:410,67,0,0
BRDA:410,67,1,0
BRDA:412,68,0,0
BRDA:412,68,1,0
BRDA:420,69,0,0
BRDA:420,69,1,0
BRDA:455,70,0,0
BRDA:455,70,1,0
BRF:145
BRH:43
end_of_record
TN:
SF:src\services\CuentaRemuneradaService.js
FN:21,(anonymous_0)
FN:26,(anonymous_1)
FN:35,(anonymous_2)
FN:107,(anonymous_3)
FN:114,aportacionEfectiva
FN:194,(anonymous_5)
FN:203,(anonymous_6)
FNF:7
FNH:7
FNDA:305,(anonymous_0)
FNDA:25,(anonymous_1)
FNDA:12,(anonymous_2)
FNDA:1,(anonymous_3)
FNDA:3,aportacionEfectiva
FNDA:1,(anonymous_5)
FNDA:1,(anonymous_6)
DA:15,3
DA:16,3
DA:22,305
DA:27,25
DA:28,24
DA:37,12
DA:40,12
DA:41,2
DA:45,12
DA:46,1
DA:58,11
DA:59,11
DA:60,11
DA:62,11
DA:63,11
DA:66,11
DA:70,11
DA:71,11
DA:72,11
DA:73,1
DA:74,1
DA:75,1
DA:76,1
DA:77,1
DA:78,1
DA:80,0
DA:81,0
DA:82,0
DA:85,11
DA:87,11
DA:88,11
DA:89,11
DA:94,11
DA:97,11
DA:103,11
DA:107,11
DA:115,3
DA:116,3
DA:117,2
DA:118,1
DA:120,3
DA:124,11
DA:126,11
DA:128,11
DA:129,11
DA:130,11
DA:131,11
DA:133,11
DA:134,11
DA:135,11
DA:137,11
DA:139,11
DA:140,293
DA:141,293
DA:144,293
DA:145,3
DA:147,293
DA:150,293
DA:153,293
DA:156,293
DA:157,293
DA:158,293
DA:161,293
DA:162,293
DA:165,293
DA:167,293
DA:171,11
DA:174,11
DA:175,11
DA:177,11
DA:195,1
DA:204,1
DA:205,1
DA:216,3
LF:74
LH:71
BRDA:27,0,0,1
BRDA:27,0,1,24
BRDA:28,1,0,1
BRDA:28,1,1,23
BRDA:40,2,0,2
BRDA:40,2,1,10
BRDA:45,3,0,1
BRDA:45,3,1,11
BRDA:73,4,0,1
BRDA:73,4,1,0
BRDA:74,5,0,1
BRDA:74,5,1,0
BRDA:75,6,0,1
BRDA:75,6,1,1
BRDA:76,7,0,1
BRDA:76,7,1,0
BRDA:80,8,0,0
BRDA:80,8,1,0
BRDA:87,9,0,11
BRDA:87,9,1,7
BRDA:89,10,0,11
BRDA:89,10,1,7
BRDA:94,11,0,11
BRDA:94,11,1,0
BRDA:115,12,0,3
BRDA:115,12,1,0
BRDA:117,13,0,1
BRDA:117,13,1,1
BRDA:124,14,0,4
BRDA:124,14,1,7
BRDA:126,15,0,1
BRDA:126,15,1,10
BRDA:126,16,0,1
BRDA:126,16,1,0
BRDA:135,17,0,0
BRDA:135,17,1,11
BRDA:144,18,0,3
BRDA:144,18,1,290
BRDA:144,19,0,293
BRDA:144,19,1,282
BRDA:144,19,2,3
BRDA:150,20,0,1
BRDA:150,20,1,292
BRDA:153,21,0,1
BRDA:153,21,1,292
BRDA:156,22,0,293
BRDA:156,22,1,0
BRDA:158,23,0,293
BRDA:158,23,1,0
BRDA:162,24,0,5
BRDA:162,24,1,288
BRDA:165,25,0,11
BRDA:165,25,1,282
BRDA:171,26,0,0
BRDA:171,26,1,11
BRF:55
BRH:43
end_of_record
TN:
SF:src\services\HuchaService.js
FN:9,(anonymous_0)
FN:17,(anonymous_1)
FN:29,(anonymous_2)
FN:48,(anonymous_3)
FN:68,(anonymous_4)
FNF:5
FNH:4
FNDA:4,(anonymous_0)
FNDA:0,(anonymous_1)
FNDA:3,(anonymous_2)
FNDA:1,(anonymous_3)
FNDA:2,(anonymous_4)
DA:1,2
DA:2,2
DA:10,4
DA:18,0
DA:30,3
DA:32,3
DA:33,1
DA:35,2
DA:37,2
DA:49,1
DA:51,1
DA:52,0
DA:54,1
DA:56,1
DA:69,2
DA:70,1
DA:73,1
DA:80,2
LF:18
LH:16
BRDA:32,0,0,1
BRDA:32,0,1,2
BRDA:32,1,0,3
BRDA:32,1,1,2
BRDA:32,1,2,2
BRDA:32,1,3,2
BRDA:35,2,0,0
BRDA:35,2,1,2
BRDA:51,3,0,0
BRDA:51,3,1,1
BRDA:51,4,0,1
BRDA:51,4,1,1
BRDA:51,4,2,1
BRDA:51,4,3,1
BRDA:51,4,4,1
BRDA:54,5,0,0
BRDA:54,5,1,1
BRDA:69,6,0,1
BRDA:69,6,1,1
BRF:19
BRH:16
end_of_record
TN:
SF:src\services\MensualService.js
FN:10,(anonymous_0)
FN:17,(anonymous_1)
FN:32,(anonymous_2)
FN:55,(anonymous_3)
FN:76,(anonymous_4)
FNF:5
FNH:4
FNDA:8,(anonymous_0)
FNDA:3,(anonymous_1)
FNDA:1,(anonymous_2)
FNDA:0,(anonymous_3)
FNDA:1,(anonymous_4)
DA:1,2
DA:2,2
DA:3,2
DA:11,8
DA:18,3
DA:19,3
DA:20,0
DA:22,3
DA:33,1
DA:38,1
DA:40,1
DA:41,0
DA:42,0
DA:45,1
DA:56,0
DA:61,0
DA:63,0
DA:64,0
DA:65,0
DA:68,0
DA:77,1
DA:78,1
DA:80,1
DA:81,1
DA:82,1
DA:85,1
DA:89,2
LF:27
LH:18
BRDA:18,0,0,3
BRDA:18,0,1,0
BRDA:19,1,0,0
BRDA:19,1,1,3
BRDA:19,2,0,3
BRDA:19,2,1,3
BRDA:19,2,2,3
BRDA:32,3,0,1
BRDA:40,4,0,0
BRDA:40,4,1,1
BRDA:55,5,0,0
BRDA:63,6,0,0
BRDA:63,6,1,0
BRDA:76,7,0,0
BRDA:80,8,0,1
BRDA:80,8,1,0
BRF:16
BRH:8
end_of_record
TN:
SF:src\services\PuntualService.js
FN:10,(anonymous_0)
FN:21,(anonymous_1)
FN:40,(anonymous_2)
FNF:3
FNH:3
FNDA:12,(anonymous_0)
FNDA:1,(anonymous_1)
FNDA:1,(anonymous_2)
DA:1,2
DA:2,2
DA:3,2
DA:11,12
DA:22,1
DA:23,1
DA:25,1
DA:26,0
DA:27,0
DA:30,1
DA:42,1
DA:49,1
DA:51,1
DA:52,0
DA:53,0
DA:56,1
DA:57,1
DA:61,2
LF:18
LH:14
BRDA:21,0,0,1
BRDA:25,1,0,0
BRDA:25,1,1,1
BRDA:40,2,0,1
BRDA:51,3,0,0
BRDA:51,3,1,1
BRF:6
BRH:4
end_of_record
TN:
SF:src\services\SubHuchaService.js
FN:5,(anonymous_0)
FN:9,(anonymous_1)
FN:13,(anonymous_2)
FN:27,(anonymous_3)
FN:41,(anonymous_4)
FN:48,(anonymous_5)
FN:54,(anonymous_6)
FN:58,(anonymous_7)
FN:70,(anonymous_8)
FN:79,(anonymous_9)
FN:106,(anonymous_10)
FN:110,(anonymous_11)
FN:118,(anonymous_12)
FNF:13
FNH:6
FNDA:0,(anonymous_0)
FNDA:0,(anonymous_1)
FNDA:2,(anonymous_2)
FNDA:0,(anonymous_3)
FNDA:0,(anonymous_4)
FNDA:0,(anonymous_5)
FNDA:0,(anonymous_6)
FNDA:1,(anonymous_7)
FNDA:0,(anonymous_8)
FNDA:3,(anonymous_9)
FNDA:4,(anonymous_10)
FNDA:3,(anonymous_11)
FNDA:1,(anonymous_12)
DA:1,2
DA:2,2
DA:6,0
DA:10,0
DA:14,2
DA:15,2
DA:16,1
DA:18,1
DA:19,0
DA:21,1
DA:28,0
DA:29,0
DA:30,0
DA:32,0
DA:33,0
DA:35,0
DA:42,0
DA:43,0
DA:49,0
DA:55,0
DA:59,1
DA:60,1
DA:61,1
DA:63,0
DA:64,0
DA:71,0
DA:72,0
DA:80,3
DA:81,3
DA:84,3
DA:85,3
DA:86,3
DA:88,3
DA:89,3
DA:90,3
DA:93,3
DA:95,3
DA:96,3
DA:97,3
DA:102,3
DA:105,3
DA:107,4
DA:108,4
DA:110,3
DA:112,3
DA:119,1
DA:125,1
DA:126,1
DA:127,2
DA:128,2
DA:129,2
DA:132,1
DA:133,1
DA:134,2
DA:136,1
DA:140,2
LF:56
LH:39
BRDA:15,0,0,1
BRDA:15,0,1,1
BRDA:15,1,0,2
BRDA:15,1,1,2
BRDA:15,1,2,1
BRDA:18,2,0,0
BRDA:18,2,1,1
BRDA:24,3,0,1
BRDA:24,3,1,0
BRDA:24,4,0,1
BRDA:24,4,1,0
BRDA:29,5,0,0
BRDA:29,5,1,0
BRDA:29,6,0,0
BRDA:29,6,1,0
BRDA:29,6,2,0
BRDA:29,6,3,0
BRDA:32,7,0,0
BRDA:32,7,1,0
BRDA:38,8,0,0
BRDA:38,8,1,0
BRDA:38,9,0,0
BRDA:38,9,1,0
BRDA:42,10,0,0
BRDA:42,10,1,0
BRDA:60,11,0,1
BRDA:60,11,1,0
BRDA:60,12,0,1
BRDA:60,12,1,1
BRDA:60,12,2,1
BRDA:60,12,3,1
BRDA:63,13,0,0
BRDA:63,13,1,0
BRDA:67,14,0,0
BRDA:67,14,1,0
BRDA:71,15,0,0
BRDA:71,15,1,0
BRDA:80,16,0,3
BRDA:80,16,1,0
BRDA:81,17,0,3
BRDA:81,17,1,0
BRDA:93,18,0,0
BRDA:93,18,1,3
BRDA:95,19,0,3
BRDA:95,19,1,0
BRDA:105,20,0,3
BRDA:105,20,1,0
BRDA:110,21,0,3
BRDA:110,21,1,0
BRDA:128,22,0,0
BRDA:128,22,1,2
BRDA:134,23,0,2
BRDA:134,23,1,0
BRF:53
BRH:21
end_of_record
TN:
SF:src\services\dashboardService.js
FN:43,getDashboardData
FN:74,(anonymous_1)
FN:76,(anonymous_2)
FN:78,(anonymous_3)
FN:84,(anonymous_4)
FN:106,getDashboardRealData
FN:122,getDashboardRangoFechas
FN:123,(anonymous_7)
FN:162,getImpuestosMes
FN:194,(anonymous_9)
FN:196,(anonymous_10)
FN:209,getImpuestosMesReal
FN:220,getAhorrosMes
FN:246,(anonymous_13)
FN:248,(anonymous_14)
FN:273,(anonymous_15)
FN:274,(anonymous_16)
FN:315,(anonymous_17)
FN:337,getAhorrosMesReal
FN:357,(anonymous_19)
FN:379,getCategoriasPeriodo
FN:396,(anonymous_21)
FN:409,(anonymous_22)
FN:410,(anonymous_23)
FN:438,(anonymous_24)
FN:439,(anonymous_25)
FN:451,(anonymous_26)
FN:454,(anonymous_27)
FN:467,getCategoriasPeriodoReal
FN:490,(anonymous_29)
FN:491,(anonymous_30)
FN:499,getGastosCategoriaMes
FN:508,(anonymous_32)
FN:518,(anonymous_33)
FN:532,(anonymous_34)
FN:533,(anonymous_35)
FN:549,(anonymous_36)
FN:562,(anonymous_37)
FN:563,(anonymous_38)
FN:576,getGastosCategoriaMesReal
FN:583,(anonymous_40)
FN:592,(anonymous_41)
FN:605,getResumenPeriodos
FN:625,(anonymous_43)
FN:658,(anonymous_44)
FN:662,(anonymous_45)
FN:669,(anonymous_46)
FN:683,(anonymous_47)
FN:686,(anonymous_48)
FN:699,(anonymous_49)
FN:708,(anonymous_50)
FNF:51
FNH:18
FNDA:1,getDashboardData
FNDA:0,(anonymous_1)
FNDA:0,(anonymous_2)
FNDA:0,(anonymous_3)
FNDA:1,(anonymous_4)
FNDA:2,getDashboardRealData
FNDA:2,getDashboardRangoFechas
FNDA:2,(anonymous_7)
FNDA:2,getImpuestosMes
FNDA:0,(anonymous_9)
FNDA:0,(anonymous_10)
FNDA:2,getImpuestosMesReal
FNDA:2,getAhorrosMes
FNDA:0,(anonymous_13)
FNDA:0,(anonymous_14)
FNDA:0,(anonymous_15)
FNDA:0,(anonymous_16)
FNDA:2,(anonymous_17)
FNDA:2,getAhorrosMesReal
FNDA:2,(anonymous_19)
FNDA:2,getCategoriasPeriodo
FNDA:0,(anonymous_21)
FNDA:0,(anonymous_22)
FNDA:0,(anonymous_23)
FNDA:0,(anonymous_24)
FNDA:0,(anonymous_25)
FNDA:0,(anonymous_26)
FNDA:0,(anonymous_27)
FNDA:2,getCategoriasPeriodoReal
FNDA:0,(anonymous_29)
FNDA:0,(anonymous_30)
FNDA:2,getGastosCategoriaMes
FNDA:3,(anonymous_32)
FNDA:0,(anonymous_33)
FNDA:0,(anonymous_34)
FNDA:0,(anonymous_35)
FNDA:0,(anonymous_36)
FNDA:0,(anonymous_37)
FNDA:0,(anonymous_38)
FNDA:2,getGastosCategoriaMesReal
FNDA:3,(anonymous_40)
FNDA:0,(anonymous_41)
FNDA:1,getResumenPeriodos
FNDA:0,(anonymous_43)
FNDA:0,(anonymous_44)
FNDA:0,(anonymous_45)
FNDA:0,(anonymous_46)
FNDA:0,(anonymous_47)
FNDA:0,(anonymous_48)
FNDA:0,(anonymous_49)
FNDA:0,(anonymous_50)
DA:6,22
DA:7,22
DA:8,22
DA:9,22
DA:10,22
DA:23,22
DA:26,22
DA:27,22
DA:28,22
DA:31,22
DA:32,22
DA:33,22
DA:34,22
DA:35,22
DA:36,22
DA:37,22
DA:38,22
DA:44,1
DA:55,1
DA:73,1
DA:74,1
DA:77,0
DA:78,0
DA:82,1
DA:84,1
DA:90,1
DA:107,2
DA:112,2
DA:123,2
DA:124,2
DA:125,2
DA:126,2
DA:127,2
DA:130,2
DA:150,2
DA:151,1
DA:152,1
DA:153,1
DA:156,1
DA:163,2
DA:164,1
DA:167,1
DA:168,1
DA:170,1
DA:176,1
DA:178,1
DA:184,1
DA:187,1
DA:192,1
DA:193,1
DA:194,1
DA:195,0
DA:196,0
DA:197,0
DA:198,0
DA:203,1
DA:210,2
DA:211,1
DA:214,1
DA:221,2
DA:222,1
DA:225,1
DA:226,1
DA:237,1
DA:238,1
DA:240,1
DA:241,1
DA:244,1
DA:245,1
DA:246,1
DA:247,0
DA:248,0
DA:249,0
DA:250,0
DA:251,0
DA:253,0
DA:254,0
DA:255,0
DA:256,0
DA:263,1
DA:264,1
DA:266,1
DA:267,1
DA:268,1
DA:269,0
DA:270,0
DA:272,1
DA:273,1
DA:274,0
DA:275,0
DA:276,0
DA:277,0
DA:283,1
DA:288,1
DA:290,1
DA:295,1
DA:298,1
DA:303,1
DA:305,1
DA:309,1
DA:315,1
DA:316,2
DA:317,2
DA:318,2
DA:319,2
DA:320,2
DA:321,2
DA:323,2
DA:324,2
DA:325,2
DA:326,2
DA:327,2
DA:328,2
DA:331,1
DA:338,2
DA:339,1
DA:342,1
DA:351,1
DA:352,1
DA:354,1
DA:355,1
DA:357,1
DA:358,2
DA:359,2
DA:360,2
DA:361,2
DA:362,2
DA:363,2
DA:365,2
DA:366,2
DA:367,2
DA:368,2
DA:369,2
DA:370,2
DA:373,1
DA:380,2
DA:381,1
DA:384,1
DA:385,1
DA:388,1
DA:395,1
DA:396,1
DA:397,0
DA:401,1
DA:408,1
DA:409,1
DA:410,0
DA:411,0
DA:412,0
DA:413,0
DA:414,0
DA:420,1
DA:429,1
DA:435,1
DA:437,1
DA:438,1
DA:439,0
DA:440,0
DA:441,0
DA:442,0
DA:444,0
DA:450,1
DA:451,1
DA:452,0
DA:454,1
DA:455,0
DA:458,1
DA:468,2
DA:469,1
DA:472,1
DA:480,1
DA:488,1
DA:489,1
DA:490,1
DA:491,1
DA:493,1
DA:500,2
DA:501,1
DA:504,1
DA:506,1
DA:507,1
DA:508,3
DA:511,1
DA:518,1
DA:519,0
DA:520,0
DA:521,0
DA:526,1
DA:532,1
DA:533,0
DA:534,0
DA:535,0
DA:536,0
DA:537,0
DA:543,1
DA:549,1
DA:550,0
DA:551,0
DA:552,0
DA:557,1
DA:562,1
DA:563,0
DA:564,0
DA:565,0
DA:570,1
DA:577,2
DA:578,1
DA:581,1
DA:582,1
DA:583,3
DA:585,1
DA:592,1
DA:593,0
DA:594,0
DA:595,0
DA:599,1
DA:606,1
DA:607,1
DA:608,1
DA:610,1
DA:611,0
DA:614,1
DA:615,1
DA:623,1
DA:625,1
DA:626,0
DA:627,0
DA:628,0
DA:629,0
DA:630,0
DA:631,0
DA:632,0
DA:633,0
DA:635,0
DA:636,0
DA:637,0
DA:638,0
DA:641,0
DA:644,1
DA:645,1
DA:646,1
DA:647,1
DA:648,1
DA:650,1
DA:651,6
DA:652,6
DA:653,6
DA:655,6
DA:657,6
DA:658,6
DA:660,6
DA:661,6
DA:662,6
DA:664,0
DA:667,0
DA:668,0
DA:669,0
DA:670,0
DA:671,0
DA:672,0
DA:673,0
DA:674,0
DA:681,6
DA:682,6
DA:683,6
DA:685,6
DA:686,6
DA:687,0
DA:688,0
DA:692,6
DA:694,6
DA:696,6
DA:698,6
DA:699,6
DA:700,0
DA:703,6
DA:705,6
DA:707,6
DA:708,6
DA:710,6
DA:711,6
DA:712,6
DA:713,6
DA:714,6
DA:716,6
DA:731,1
DA:732,1
DA:733,1
DA:735,1
DA:738,22
LF:290
LH:213
BRDA:76,0,0,0
BRDA:76,0,1,0
BRDA:77,1,0,0
BRDA:77,1,1,0
BRDA:77,2,0,0
BRDA:77,2,1,0
BRDA:78,3,0,0
BRDA:78,3,1,0
BRDA:86,4,0,1
BRDA:86,4,1,0
BRDA:150,5,0,1
BRDA:150,5,1,1
BRDA:150,6,0,2
BRDA:150,6,1,2
BRDA:150,6,2,1
BRDA:163,7,0,1
BRDA:163,7,1,1
BRDA:163,8,0,2
BRDA:163,8,1,1
BRDA:195,9,0,0
BRDA:195,9,1,0
BRDA:195,10,0,0
BRDA:195,10,1,0
BRDA:195,11,0,0
BRDA:195,11,1,0
BRDA:197,12,0,0
BRDA:197,12,1,0
BRDA:198,13,0,0
BRDA:198,13,1,0
BRDA:198,14,0,0
BRDA:198,14,1,0
BRDA:210,15,0,1
BRDA:210,15,1,1
BRDA:210,16,0,2
BRDA:210,16,1,1
BRDA:220,17,0,2
BRDA:221,18,0,1
BRDA:221,18,1,1
BRDA:221,19,0,2
BRDA:221,19,1,1
BRDA:247,20,0,0
BRDA:247,20,1,0
BRDA:247,21,0,0
BRDA:247,21,1,0
BRDA:247,22,0,0
BRDA:247,22,1,0
BRDA:249,23,0,0
BRDA:249,23,1,0
BRDA:250,24,0,0
BRDA:250,24,1,0
BRDA:253,25,0,0
BRDA:253,25,1,0
BRDA:253,26,0,0
BRDA:253,26,1,0
BRDA:268,27,0,0
BRDA:268,27,1,1
BRDA:275,28,0,0
BRDA:275,28,1,0
BRDA:316,29,0,2
BRDA:316,29,1,2
BRDA:316,30,0,2
BRDA:316,30,1,2
BRDA:316,31,0,2
BRDA:316,31,1,2
BRDA:317,32,0,2
BRDA:317,32,1,2
BRDA:318,33,0,2
BRDA:318,33,1,2
BRDA:319,34,0,2
BRDA:319,34,1,2
BRDA:337,35,0,2
BRDA:338,36,0,1
BRDA:338,36,1,1
BRDA:338,37,0,2
BRDA:338,37,1,1
BRDA:358,38,0,2
BRDA:358,38,1,2
BRDA:358,39,0,2
BRDA:358,39,1,2
BRDA:358,40,0,2
BRDA:358,40,1,2
BRDA:359,41,0,2
BRDA:359,41,1,2
BRDA:360,42,0,2
BRDA:360,42,1,2
BRDA:361,43,0,2
BRDA:361,43,1,2
BRDA:380,44,0,1
BRDA:380,44,1,1
BRDA:380,45,0,2
BRDA:380,45,1,1
BRDA:397,46,0,0
BRDA:397,46,1,0
BRDA:411,47,0,0
BRDA:411,47,1,0
BRDA:414,48,0,0
BRDA:414,48,1,0
BRDA:440,49,0,0
BRDA:440,49,1,0
BRDA:441,50,0,0
BRDA:441,50,1,0
BRDA:452,51,0,0
BRDA:452,51,1,0
BRDA:455,52,0,0
BRDA:455,52,1,0
BRDA:468,53,0,1
BRDA:468,53,1,1
BRDA:468,54,0,2
BRDA:468,54,1,1
BRDA:500,55,0,1
BRDA:500,55,1,1
BRDA:500,56,0,2
BRDA:500,56,1,1
BRDA:520,57,0,0
BRDA:520,57,1,0
BRDA:521,58,0,0
BRDA:521,58,1,0
BRDA:534,59,0,0
BRDA:534,59,1,0
BRDA:537,60,0,0
BRDA:537,60,1,0
BRDA:551,61,0,0
BRDA:551,61,1,0
BRDA:552,62,0,0
BRDA:552,62,1,0
BRDA:564,63,0,0
BRDA:564,63,1,0
BRDA:565,64,0,0
BRDA:565,64,1,0
BRDA:577,65,0,1
BRDA:577,65,1,1
BRDA:577,66,0,2
BRDA:577,66,1,1
BRDA:594,67,0,0
BRDA:594,67,1,0
BRDA:595,68,0,0
BRDA:595,68,1,0
BRDA:608,69,0,1
BRDA:608,69,1,0
BRDA:610,70,0,0
BRDA:610,70,1,1
BRDA:610,71,0,1
BRDA:610,71,1,0
BRDA:610,71,2,0
BRDA:629,72,0,0
BRDA:629,72,1,0
BRDA:655,73,0,6
BRDA:655,73,1,6
BRDA:664,74,0,0
BRDA:664,74,1,0
BRDA:664,75,0,0
BRDA:664,75,1,0
BRDA:664,76,0,0
BRDA:664,76,1,0
BRDA:671,77,0,0
BRDA:671,77,1,0
BRDA:671,78,0,0
BRDA:671,78,1,0
BRDA:672,79,0,0
BRDA:672,79,1,0
BRDA:673,80,0,0
BRDA:673,80,1,0
BRDA:673,81,0,0
BRDA:673,81,1,0
BRDA:674,82,0,0
BRDA:674,82,1,0
BRDA:696,83,0,6
BRDA:696,83,1,6
BRDA:705,84,0,6
BRDA:705,84,1,6
BRF:170
BRH:74
end_of_record
TN:
SF:src\services\yahooFinanceService.js
FN:61,shouldLogTickerFailure
FN:71,normalizeCurrencyCode
FN:79,normalizeMonetaryAmountByCurrency
FN:90,extractQuoteMarketPrice
FN:113,buildTickerCandidates
FN:118,(anonymous_5)
FN:133,(anonymous_6)
FN:139,looksLikeProviderInfrastructureError
FN:157,mapYahooTickerToStooqCandidate
FN:186,buildStooqCandidates
FN:203,parseStooqCsvRows
FN:211,(anonymous_11)
FN:212,(anonymous_12)
FN:215,parseStooqNumeric
FN:232,fetchYahooDirectQuote
FN:253,fetchYahooDirectHistorical
FN:268,(anonymous_16)
FN:269,(anonymous_17)
FN:277,fetchStooqQuote
FN:301,(anonymous_19)
FN:327,fetchStooqHistorical
FN:353,(anonymous_21)
FN:391,quoteFirstAvailablePrice
FN:398,(anonymous_23)
FN:400,(anonymous_24)
FN:448,buildHistoricalCacheKey
FN:452,getFreshCacheEntry
FN:466,getAnyCacheEntry
FN:470,setCacheEntry
FN:479,addCacheMetadata
FN:500,obtenerTasaCambio
FN:541,convertPriceToEUR
FN:564,getAssetPrice
FN:630,getHistoricalData
FN:656,_doFetchHistoricalData
FN:703,(anonymous_35)
FN:705,(anonymous_36)
FN:785,(anonymous_37)
FN:786,(anonymous_38)
FN:829,getDividendEvents
FN:855,(anonymous_40)
FN:856,(anonymous_41)
FNF:42
FNH:37
FNDA:4,shouldLogTickerFailure
FNDA:26,normalizeCurrencyCode
FNDA:14,normalizeMonetaryAmountByCurrency
FNDA:6,extractQuoteMarketPrice
FNDA:19,buildTickerCandidates
FNDA:165,(anonymous_5)
FNDA:132,(anonymous_6)
FNDA:4,looksLikeProviderInfrastructureError
FNDA:60,mapYahooTickerToStooqCandidate
FNDA:6,buildStooqCandidates
FNDA:16,parseStooqCsvRows
FNDA:28,(anonymous_11)
FNDA:28,(anonymous_12)
FNDA:6,parseStooqNumeric
FNDA:11,fetchYahooDirectQuote
FNDA:10,fetchYahooDirectHistorical
FNDA:0,(anonymous_16)
FNDA:0,(anonymous_17)
FNDA:2,fetchStooqQuote
FNDA:16,(anonymous_19)
FNDA:4,fetchStooqHistorical
FNDA:30,(anonymous_21)
FNDA:7,quoteFirstAvailablePrice
FNDA:4,(anonymous_23)
FNDA:46,(anonymous_24)
FNDA:6,buildHistoricalCacheKey
FNDA:13,getFreshCacheEntry
FNDA:3,getAnyCacheEntry
FNDA:10,setCacheEntry
FNDA:12,addCacheMetadata
FNDA:5,obtenerTasaCambio
FNDA:6,convertPriceToEUR
FNDA:7,getAssetPrice
FNDA:6,getHistoricalData
FNDA:6,_doFetchHistoricalData
FNDA:4,(anonymous_35)
FNDA:58,(anonymous_36)
FNDA:8,(anonymous_37)
FNDA:8,(anonymous_38)
FNDA:0,getDividendEvents
FNDA:0,(anonymous_40)
FNDA:0,(anonymous_41)
DA:2,12
DA:3,12
DA:6,12
DA:7,12
DA:8,12
DA:11,12
DA:12,12
DA:13,12
DA:14,12
DA:16,12
DA:19,12
DA:20,12
DA:22,12
DA:25,12
DA:32,12
DA:40,12
DA:45,12
DA:62,4
DA:63,4
DA:64,4
DA:65,4
DA:66,4
DA:68,0
DA:72,26
DA:73,26
DA:74,0
DA:76,26
DA:80,14
DA:81,14
DA:82,0
DA:85,14
DA:86,14
DA:87,14
DA:91,6
DA:92,0
DA:95,6
DA:103,6
DA:104,10
DA:105,10
DA:106,5
DA:110,1
DA:114,19
DA:115,19
DA:116,19
DA:118,19
DA:119,165
DA:120,165
DA:121,1
DA:123,164
DA:124,164
DA:127,19
DA:129,19
DA:130,19
DA:132,19
DA:133,132
DA:136,19
DA:140,4
DA:141,4
DA:142,0
DA:145,4
DA:158,60
DA:159,60
DA:160,0
DA:163,60
DA:164,60
DA:165,10
DA:172,50
DA:173,50
DA:174,50
DA:175,50
DA:176,0
DA:179,50
DA:187,6
DA:188,6
DA:189,6
DA:191,6
DA:192,60
DA:193,60
DA:194,8
DA:196,52
DA:197,52
DA:200,6
DA:204,16
DA:205,16
DA:206,0
DA:209,16
DA:211,28
DA:212,28
DA:216,6
DA:217,6
DA:220,12
DA:233,11
DA:234,11
DA:235,11
DA:236,8
DA:237,0
DA:238,0
DA:239,0
DA:240,0
DA:241,0
DA:242,0
DA:243,0
DA:244,0
DA:246,3
DA:254,10
DA:255,10
DA:256,10
DA:257,10
DA:258,10
DA:259,3
DA:260,0
DA:261,0
DA:262,0
DA:263,0
DA:264,0
DA:265,0
DA:266,0
DA:267,0
DA:268,0
DA:269,0
DA:270,0
DA:271,0
DA:273,7
DA:278,2
DA:280,2
DA:281,2
DA:282,2
DA:283,2
DA:291,2
DA:292,0
DA:295,2
DA:296,2
DA:297,2
DA:298,0
DA:301,16
DA:302,2
DA:303,0
DA:306,2
DA:307,2
DA:308,1
DA:311,1
DA:318,0
DA:319,0
DA:324,1
DA:328,4
DA:330,4
DA:331,14
DA:332,14
DA:333,14
DA:341,14
DA:342,0
DA:345,14
DA:346,14
DA:347,14
DA:348,11
DA:351,3
DA:352,3
DA:353,30
DA:354,9
DA:355,5
DA:358,4
DA:359,4
DA:360,4
DA:361,0
DA:364,4
DA:365,0
DA:368,4
DA:374,3
DA:375,2
DA:382,0
DA:383,0
DA:388,2
DA:392,7
DA:396,7
DA:398,4
DA:400,46
DA:401,7
DA:404,7
DA:405,11
DA:406,11
DA:410,7
DA:411,8
DA:412,8
DA:413,6
DA:414,6
DA:415,5
DA:423,2
DA:424,2
DA:425,2
DA:426,2
DA:429,2
DA:430,1
DA:435,2
DA:436,2
DA:437,1
DA:438,1
DA:440,0
DA:442,1
DA:445,1
DA:449,6
DA:453,13
DA:454,13
DA:455,11
DA:458,2
DA:459,2
DA:460,0
DA:463,2
DA:467,3
DA:471,10
DA:475,10
DA:476,10
DA:480,12
DA:486,12
DA:487,12
DA:490,12
DA:491,2
DA:494,12
DA:501,5
DA:502,5
DA:504,5
DA:505,5
DA:507,5
DA:508,0
DA:511,5
DA:512,5
DA:514,5
DA:515,0
DA:518,5
DA:519,5
DA:520,5
DA:521,5
DA:522,5
DA:523,5
DA:524,4
DA:525,4
DA:527,5
DA:528,5
DA:531,0
DA:534,0
DA:535,0
DA:538,0
DA:542,6
DA:543,6
DA:545,6
DA:546,0
DA:549,6
DA:550,3
DA:553,3
DA:554,3
DA:555,0
DA:558,3
DA:565,7
DA:566,7
DA:567,0
DA:570,7
DA:571,7
DA:572,7
DA:573,0
DA:576,7
DA:577,7
DA:578,1
DA:579,1
DA:580,1
DA:581,1
DA:588,0
DA:591,6
DA:592,6
DA:593,6
DA:594,0
DA:595,0
DA:596,0
DA:597,0
DA:604,0
DA:607,6
DA:608,1
DA:611,6
DA:620,6
DA:621,6
DA:631,6
DA:632,6
DA:633,0
DA:636,6
DA:637,6
DA:638,6
DA:639,0
DA:643,6
DA:644,0
DA:647,6
DA:648,6
DA:649,6
DA:650,6
DA:652,6
DA:658,6
DA:660,6
DA:662,6
DA:663,6
DA:665,6
DA:667,6
DA:668,6
DA:670,0
DA:671,0
DA:673,0
DA:674,0
DA:676,0
DA:677,0
DA:679,0
DA:680,0
DA:683,0
DA:684,0
DA:687,6
DA:689,6
DA:695,6
DA:696,6
DA:697,6
DA:698,6
DA:699,6
DA:701,6
DA:703,4
DA:705,58
DA:708,6
DA:709,10
DA:710,10
DA:711,0
DA:712,0
DA:713,0
DA:714,0
DA:715,0
DA:720,6
DA:721,6
DA:722,8
DA:723,8
DA:724,8
DA:725,6
DA:726,2
DA:727,2
DA:728,2
DA:729,2
DA:732,2
DA:733,2
DA:734,2
DA:735,2
DA:738,2
DA:739,1
DA:745,6
DA:746,4
DA:747,4
DA:748,2
DA:749,2
DA:750,2
DA:751,2
DA:752,1
DA:754,1
DA:759,6
DA:760,2
DA:761,2
DA:764,4
DA:767,4
DA:768,4
DA:769,2
DA:770,2
DA:771,2
DA:773,0
DA:777,4
DA:778,4
DA:779,4
DA:780,0
DA:784,4
DA:785,8
DA:787,8
DA:791,8
DA:797,4
DA:799,4
DA:806,4
DA:807,4
DA:809,2
DA:810,2
DA:811,1
DA:812,1
DA:820,1
DA:821,1
DA:830,0
DA:831,0
DA:833,0
DA:834,0
DA:835,0
DA:838,0
DA:839,0
DA:840,0
DA:841,0
DA:842,0
DA:843,0
DA:844,0
DA:847,0
DA:848,0
DA:849,0
DA:852,0
DA:854,0
DA:855,0
DA:857,0
DA:860,0
DA:861,0
DA:867,0
DA:870,0
DA:873,12
LF:404
LH:305
BRDA:63,0,0,4
BRDA:63,0,1,4
BRDA:64,1,0,4
BRDA:64,1,1,0
BRDA:72,2,0,26
BRDA:72,2,1,0
BRDA:73,3,0,0
BRDA:73,3,1,26
BRDA:76,4,0,26
BRDA:76,4,1,26
BRDA:81,5,0,0
BRDA:81,5,1,14
BRDA:85,6,0,14
BRDA:85,6,1,0
BRDA:86,7,0,14
BRDA:86,7,1,14
BRDA:91,8,0,0
BRDA:91,8,1,6
BRDA:91,9,0,6
BRDA:91,9,1,6
BRDA:105,10,0,5
BRDA:105,10,1,5
BRDA:105,11,0,10
BRDA:105,11,1,6
BRDA:114,12,0,19
BRDA:114,12,1,0
BRDA:119,13,0,165
BRDA:119,13,1,0
BRDA:120,14,0,1
BRDA:120,14,1,164
BRDA:120,15,0,165
BRDA:120,15,1,165
BRDA:129,16,0,19
BRDA:129,16,1,12
BRDA:132,17,0,11
BRDA:132,17,1,8
BRDA:140,18,0,4
BRDA:140,18,1,0
BRDA:141,19,0,0
BRDA:141,19,1,4
BRDA:146,20,0,4
BRDA:146,20,1,2
BRDA:146,20,2,2
BRDA:146,20,3,2
BRDA:146,20,4,2
BRDA:146,20,5,2
BRDA:146,20,6,2
BRDA:146,20,7,2
BRDA:158,21,0,60
BRDA:158,21,1,0
BRDA:159,22,0,0
BRDA:159,22,1,60
BRDA:164,23,0,10
BRDA:164,23,1,50
BRDA:175,24,0,0
BRDA:175,24,1,50
BRDA:193,25,0,8
BRDA:193,25,1,52
BRDA:193,26,0,60
BRDA:193,26,1,60
BRDA:204,27,0,16
BRDA:204,27,1,0
BRDA:205,28,0,0
BRDA:205,28,1,16
BRDA:216,29,0,6
BRDA:216,29,1,0
BRDA:217,30,0,5
BRDA:217,30,1,1
BRDA:236,31,0,8
BRDA:236,31,1,0
BRDA:239,32,0,0
BRDA:239,32,1,0
BRDA:240,33,0,0
BRDA:240,33,1,0
BRDA:241,34,0,0
BRDA:241,34,1,0
BRDA:241,34,2,0
BRDA:242,35,0,0
BRDA:242,35,1,0
BRDA:243,36,0,0
BRDA:243,36,1,0
BRDA:243,37,0,0
BRDA:243,37,1,0
BRDA:259,38,0,3
BRDA:259,38,1,0
BRDA:262,39,0,0
BRDA:262,39,1,0
BRDA:263,40,0,0
BRDA:263,40,1,0
BRDA:264,41,0,0
BRDA:264,41,1,0
BRDA:265,42,0,0
BRDA:265,42,1,0
BRDA:266,43,0,0
BRDA:266,43,1,0
BRDA:269,44,0,0
BRDA:269,44,1,0
BRDA:269,44,2,0
BRDA:270,45,0,0
BRDA:270,45,1,0
BRDA:291,46,0,0
BRDA:291,46,1,2
BRDA:297,47,0,0
BRDA:297,47,1,2
BRDA:302,48,0,0
BRDA:302,48,1,2
BRDA:307,49,0,1
BRDA:307,49,1,1
BRDA:307,50,0,2
BRDA:307,50,1,1
BRDA:318,51,0,0
BRDA:318,51,1,0
BRDA:341,52,0,0
BRDA:341,52,1,14
BRDA:347,53,0,11
BRDA:347,53,1,3
BRDA:354,54,0,5
BRDA:354,54,1,4
BRDA:360,55,0,0
BRDA:360,55,1,4
BRDA:360,56,0,4
BRDA:360,56,1,4
BRDA:360,56,2,4
BRDA:364,57,0,0
BRDA:364,57,1,4
BRDA:364,58,0,4
BRDA:364,58,1,4
BRDA:374,59,0,2
BRDA:374,59,1,1
BRDA:382,60,0,0
BRDA:382,60,1,0
BRDA:398,61,0,7
BRDA:398,61,1,5
BRDA:406,62,0,0
BRDA:406,62,1,11
BRDA:414,63,0,5
BRDA:414,63,1,1
BRDA:424,64,0,2
BRDA:424,64,1,2
BRDA:425,65,0,2
BRDA:425,65,1,0
BRDA:429,66,0,1
BRDA:429,66,1,1
BRDA:436,67,0,1
BRDA:436,67,1,1
BRDA:437,68,0,1
BRDA:437,68,1,0
BRDA:454,69,0,11
BRDA:454,69,1,2
BRDA:459,70,0,0
BRDA:459,70,1,2
BRDA:467,71,0,3
BRDA:467,71,1,1
BRDA:486,72,0,12
BRDA:486,72,1,0
BRDA:486,73,0,12
BRDA:486,73,1,12
BRDA:490,74,0,2
BRDA:490,74,1,10
BRDA:501,75,0,5
BRDA:501,75,1,0
BRDA:502,76,0,5
BRDA:502,76,1,0
BRDA:504,77,0,5
BRDA:504,77,1,0
BRDA:505,78,0,5
BRDA:505,78,1,0
BRDA:507,79,0,0
BRDA:507,79,1,5
BRDA:514,80,0,0
BRDA:514,80,1,5
BRDA:514,81,0,5
BRDA:514,81,1,4
BRDA:514,81,2,4
BRDA:522,82,0,5
BRDA:522,82,1,0
BRDA:522,83,0,5
BRDA:522,83,1,5
BRDA:523,84,0,4
BRDA:523,84,1,1
BRDA:534,85,0,0
BRDA:534,85,1,0
BRDA:542,86,0,6
BRDA:542,86,1,0
BRDA:545,87,0,0
BRDA:545,87,1,6
BRDA:545,88,0,6
BRDA:545,88,1,6
BRDA:549,89,0,3
BRDA:549,89,1,3
BRDA:554,90,0,0
BRDA:554,90,1,3
BRDA:554,91,0,3
BRDA:554,91,1,3
BRDA:565,92,0,7
BRDA:565,92,1,0
BRDA:566,93,0,0
BRDA:566,93,1,7
BRDA:572,94,0,0
BRDA:572,94,1,7
BRDA:577,95,0,1
BRDA:577,95,1,6
BRDA:579,96,0,1
BRDA:579,96,1,0
BRDA:591,97,0,6
BRDA:591,97,1,0
BRDA:591,98,0,6
BRDA:591,98,1,0
BRDA:593,99,0,0
BRDA:593,99,1,6
BRDA:593,100,0,6
BRDA:593,100,1,6
BRDA:595,101,0,0
BRDA:595,101,1,0
BRDA:607,102,0,1
BRDA:607,102,1,5
BRDA:630,103,0,0
BRDA:631,104,0,6
BRDA:631,104,1,0
BRDA:632,105,0,0
BRDA:632,105,1,6
BRDA:638,106,0,0
BRDA:638,106,1,6
BRDA:643,107,0,0
BRDA:643,107,1,6
BRDA:665,108,0,6
BRDA:665,108,1,0
BRDA:665,108,2,0
BRDA:665,108,3,0
BRDA:665,108,4,0
BRDA:665,108,5,0
BRDA:665,108,6,0
BRDA:703,109,0,6
BRDA:703,109,1,4
BRDA:710,110,0,0
BRDA:710,110,1,10
BRDA:710,111,0,10
BRDA:710,111,1,0
BRDA:720,112,0,6
BRDA:720,112,1,0
BRDA:725,113,0,2
BRDA:725,113,1,4
BRDA:725,114,0,6
BRDA:725,114,1,6
BRDA:733,115,0,2
BRDA:733,115,1,2
BRDA:734,116,0,2
BRDA:734,116,1,0
BRDA:738,117,0,1
BRDA:738,117,1,1
BRDA:745,118,0,4
BRDA:745,118,1,2
BRDA:745,119,0,6
BRDA:745,119,1,2
BRDA:745,119,2,2
BRDA:747,120,0,2
BRDA:747,120,1,2
BRDA:751,121,0,1
BRDA:751,121,1,1
BRDA:759,122,0,2
BRDA:759,122,1,4
BRDA:759,123,0,6
BRDA:759,123,1,4
BRDA:759,123,2,4
BRDA:767,124,0,4
BRDA:767,124,1,2
BRDA:768,125,0,2
BRDA:768,125,1,2
BRDA:771,126,0,2
BRDA:771,126,1,0
BRDA:777,127,0,4
BRDA:777,127,1,0
BRDA:778,128,0,2
BRDA:778,128,1,2
BRDA:779,129,0,0
BRDA:779,129,1,4
BRDA:779,130,0,4
BRDA:779,130,1,4
BRDA:785,131,0,8
BRDA:785,131,1,8
BRDA:787,132,0,8
BRDA:787,132,1,0
BRDA:810,133,0,1
BRDA:810,133,1,1
BRDA:830,134,0,0
BRDA:830,134,1,0
BRDA:831,135,0,0
BRDA:831,135,1,0
BRDA:834,136,0,0
BRDA:834,136,1,0
BRDA:834,137,0,0
BRDA:834,137,1,0
BRDA:842,138,0,0
BRDA:842,138,1,0
BRDA:842,139,0,0
BRDA:842,139,1,0
BRDA:843,140,0,0
BRDA:843,140,1,0
BRDA:844,141,0,0
BRDA:844,141,1,0
BRDA:844,142,0,0
BRDA:844,142,1,0
BRDA:852,143,0,0
BRDA:852,143,1,0
BRDA:852,144,0,0
BRDA:852,144,1,0
BRDA:855,145,0,0
BRDA:855,145,1,0
BRDA:857,146,0,0
BRDA:857,146,1,0
BRDA:863,147,0,0
BRDA:863,147,1,0
BRDA:867,148,0,0
BRDA:867,148,1,0
BRF:314
BRH:183
end_of_record
TN:
SF:src\utils\calculations.js
FN:8,calcularInteresGenerado
FN:41,calcularInteresesMensuales
FN:43,(anonymous_2)
FN:87,restarFecha
FN:97,contarMesesDesde28
FN:116,generarDescripcionRandom
FN:129,generarArrayMeses
FN:146,parseIpcDate
FN:156,contarAniosCompletos
FN:168,calcularMontoIpc
FN:186,esMensualActivo
FN:199,calcularImpuestosDesdeRruto
FN:200,(anonymous_12)
FN:214,agregarImpuestosPuntualesPorMes
FN:215,(anonymous_14)
FN:218,(anonymous_15)
FN:233,agregarImpuestosMensualesPorMes
FN:234,(anonymous_17)
FN:236,(anonymous_18)
FN:251,agregarPuntualesPorMes
FN:252,(anonymous_20)
FN:254,(anonymous_21)
FN:268,agregarMensualesPorMes
FN:269,(anonymous_23)
FN:270,(anonymous_24)
FNF:25
FNH:15
FNDA:2,calcularInteresGenerado
FNDA:0,calcularInteresesMensuales
FNDA:0,(anonymous_2)
FNDA:6,restarFecha
FNDA:0,contarMesesDesde28
FNDA:0,generarDescripcionRandom
FNDA:10,generarArrayMeses
FNDA:5,parseIpcDate
FNDA:4,contarAniosCompletos
FNDA:3,calcularMontoIpc
FNDA:5,esMensualActivo
FNDA:0,calcularImpuestosDesdeRruto
FNDA:0,(anonymous_12)
FNDA:2,agregarImpuestosPuntualesPorMes
FNDA:0,(anonymous_14)
FNDA:0,(anonymous_15)
FNDA:2,agregarImpuestosMensualesPorMes
FNDA:0,(anonymous_17)
FNDA:0,(anonymous_18)
FNDA:6,agregarPuntualesPorMes
FNDA:3,(anonymous_20)
FNDA:4,(anonymous_21)
FNDA:3,agregarMensualesPorMes
FNDA:1,(anonymous_23)
FNDA:3,(anonymous_24)
DA:9,2
DA:10,2
DA:13,2
DA:14,0
DA:17,2
DA:18,2
DA:20,2
DA:21,2
DA:22,2
DA:25,2
DA:26,2
DA:29,2
DA:30,10
DA:31,10
DA:32,10
DA:35,2
DA:43,0
DA:44,0
DA:45,0
DA:47,0
DA:48,0
DA:50,0
DA:53,0
DA:54,0
DA:55,0
DA:56,0
DA:57,0
DA:60,0
DA:61,0
DA:63,0
DA:64,0
DA:67,0
DA:68,0
DA:69,0
DA:70,0
DA:73,0
DA:74,0
DA:75,0
DA:76,0
DA:77,0
DA:78,0
DA:81,0
DA:88,6
DA:89,6
DA:90,3
DA:91,6
DA:98,0
DA:99,0
DA:100,0
DA:101,0
DA:103,0
DA:104,0
DA:106,0
DA:107,0
DA:108,0
DA:110,0
DA:117,0
DA:118,0
DA:119,0
DA:130,10
DA:131,10
DA:133,10
DA:134,10
DA:135,10
DA:137,10
DA:138,27
DA:139,27
DA:140,27
DA:143,10
DA:147,5
DA:148,5
DA:149,4
DA:150,2
DA:151,2
DA:153,2
DA:157,4
DA:158,0
DA:160,4
DA:161,4
DA:162,4
DA:163,4
DA:164,4
DA:165,4
DA:169,3
DA:170,3
DA:171,2
DA:172,2
DA:173,2
DA:174,2
DA:175,2
DA:187,5
DA:188,5
DA:189,5
DA:191,5
DA:200,0
DA:201,0
DA:202,0
DA:204,0
DA:215,2
DA:216,0
DA:217,0
DA:218,0
DA:219,0
DA:220,0
DA:234,2
DA:235,0
DA:236,0
DA:237,0
DA:238,0
DA:252,6
DA:253,3
DA:254,4
DA:255,3
DA:256,3
DA:269,3
DA:270,1
DA:271,3
DA:272,2
DA:278,23
LF:119
LH:65
BRDA:13,0,0,0
BRDA:13,0,1,2
BRDA:30,1,0,10
BRDA:30,1,1,0
BRDA:43,2,0,0
BRDA:43,2,1,0
BRDA:53,3,0,0
BRDA:53,3,1,0
BRDA:74,4,0,0
BRDA:74,4,1,0
BRDA:89,5,0,3
BRDA:89,5,1,3
BRDA:90,6,0,3
BRDA:90,6,1,0
BRDA:101,7,0,0
BRDA:101,7,1,0
BRDA:106,8,0,0
BRDA:106,8,1,0
BRDA:107,9,0,0
BRDA:107,9,1,0
BRDA:129,10,0,2
BRDA:130,11,0,10
BRDA:130,11,1,0
BRDA:131,12,0,10
BRDA:131,12,1,0
BRDA:147,13,0,0
BRDA:147,13,1,5
BRDA:148,14,0,1
BRDA:148,14,1,4
BRDA:149,15,0,2
BRDA:149,15,1,2
BRDA:157,16,0,0
BRDA:157,16,1,4
BRDA:157,17,0,4
BRDA:157,17,1,4
BRDA:157,17,2,4
BRDA:157,17,3,4
BRDA:160,18,0,0
BRDA:160,18,1,4
BRDA:164,19,0,1
BRDA:164,19,1,3
BRDA:170,20,0,1
BRDA:170,20,1,2
BRDA:170,21,0,3
BRDA:170,21,1,2
BRDA:174,22,0,0
BRDA:174,22,1,2
BRDA:189,23,0,5
BRDA:189,23,1,0
BRDA:191,24,0,5
BRDA:191,24,1,5
BRDA:191,24,2,3
BRDA:201,25,0,0
BRDA:201,25,1,0
BRDA:201,26,0,0
BRDA:201,26,1,0
BRDA:214,27,0,0
BRDA:216,28,0,0
BRDA:216,28,1,0
BRDA:216,29,0,0
BRDA:216,29,1,0
BRDA:219,30,0,0
BRDA:219,30,1,0
BRDA:220,31,0,0
BRDA:220,31,1,0
BRDA:233,32,0,0
BRDA:235,33,0,0
BRDA:235,33,1,0
BRDA:235,34,0,0
BRDA:235,34,1,0
BRDA:237,35,0,0
BRDA:237,35,1,0
BRDA:238,36,0,0
BRDA:238,36,1,0
BRDA:251,37,0,0
BRDA:255,38,0,3
BRDA:255,38,1,0
BRDA:256,39,0,3
BRDA:256,39,1,2
BRDA:268,40,0,0
BRDA:271,41,0,2
BRDA:271,41,1,1
BRDA:272,42,0,2
BRDA:272,42,1,2
BRF:84
BRH:37
end_of_record
TN:
SF:src\utils\dbHelpers.js
FN:5,dbRun
FN:6,(anonymous_1)
FN:7,(anonymous_2)
FN:14,dbGet
FN:15,(anonymous_4)
FN:16,(anonymous_5)
FN:23,dbAll
FN:24,(anonymous_7)
FN:25,(anonymous_8)
FNF:9
FNH:9
FNDA:336,dbRun
FNDA:336,(anonymous_1)
FNDA:336,(anonymous_2)
FNDA:48,dbGet
FNDA:48,(anonymous_4)
FNDA:48,(anonymous_5)
FNDA:29,dbAll
FNDA:29,(anonymous_7)
FNDA:29,(anonymous_8)
DA:6,336
DA:7,336
DA:8,336
DA:9,336
DA:15,48
DA:16,48
DA:17,48
DA:18,48
DA:24,29
DA:25,29
DA:26,29
DA:27,29
DA:32,1
LF:13
LH:13
BRDA:5,0,0,251
BRDA:8,1,0,0
BRDA:8,1,1,336
BRDA:14,2,0,14
BRDA:17,3,0,0
BRDA:17,3,1,48
BRDA:23,4,0,25
BRDA:26,5,0,0
BRDA:26,5,1,29
BRF:9
BRH:6
end_of_record
